Device: cpu

Loading market data...
Loaded 4026 trading days, 9 sectors.

================================================================
Window 00  train [2006-01-01 → 2011-01-01]  val [2011-01-01 → 2012-01-01]
================================================================
  W00 S0 [ 20.2%]  π=-0.0156  v=5.5877  H=11.616  lr=2.4e-04
  W00 S0 [ 40.3%]  π=-0.0203  v=6.5590  H=14.163  lr=1.8e-04
  W00 S0 [ 60.5%]  π=-0.0187  v=6.9380  H=14.189  lr=1.2e-04
  W00 S0 [ 80.6%]  π=-0.0054  v=110.1784  H=14.189  lr=6.6e-05
  W00 S0  val_reward=+49.90  val_port=$239,400
  W00 S1 [ 20.2%]  π=-0.0344  v=1.6102  H=10.639  lr=2.4e-04
  W00 S1 [ 40.3%]  π=-0.0174  v=6.8166  H=14.119  lr=1.8e-04
  W00 S1 [ 60.5%]  π=-0.0149  v=10.8963  H=14.189  lr=1.2e-04
  W00 S1 [ 80.6%]  π=-0.0166  v=6.8564  H=14.189  lr=6.6e-05
  W00 S1  val_reward=+49.16  val_port=$251,618
  W00 S2 [ 20.2%]  π=-0.0337  v=1.5851  H=11.011  lr=2.4e-04
  W00 S2 [ 40.3%]  π=-0.0308  v=1.9317  H=14.036  lr=1.8e-04
  W00 S2 [ 60.5%]  π=-0.0124  v=9.2880  H=14.189  lr=1.2e-04
  W00 S2 [ 80.6%]  π=-0.0120  v=9.8043  H=14.189  lr=6.6e-05
  W00 S2  val_reward=+62.40  val_port=$250,539
  W00 S3 [ 20.2%]  π=-0.0359  v=1.8514  H=11.600  lr=2.4e-04
  W00 S3 [ 40.3%]  π=-0.0430  v=1.0320  H=14.032  lr=1.8e-04
  W00 S3 [ 60.5%]  π=-0.0189  v=10.7237  H=14.062  lr=1.2e-04
  W00 S3 [ 80.6%]  π=-0.0085  v=20.9977  H=14.011  lr=6.6e-05
  W00 S3  val_reward=+46.37  val_port=$241,327
  W00 S4 [ 20.2%]  π=-0.0289  v=3.9280  H=10.871  lr=2.4e-04
  W00 S4 [ 40.3%]  π=-0.0341  v=2.8435  H=14.189  lr=1.8e-04
  W00 S4 [ 60.5%]  π=-0.0056  v=232.6429  H=14.189  lr=1.2e-04
  W00 S4 [ 80.6%]  π=-0.0259  v=2.7773  H=14.189  lr=6.6e-05
  W00 S4  val_reward=+64.36  val_port=$268,593
  Saved checkpoints/window_00.pt  (val_reward=+64.3564)

================================================================
Window 01  train [2007-01-01 → 2012-01-01]  val [2012-01-01 → 2013-01-01]
================================================================
  W01 S0 [ 20.2%]  π=-0.0451  v=3.2628  H=14.189  lr=2.4e-04
  W01 S0 [ 40.3%]  π=-0.0531  v=1.5087  H=14.189  lr=1.8e-04
  W01 S0 [ 60.5%]  π=-0.0274  v=3.3546  H=14.189  lr=1.2e-04
  W01 S0 [ 80.6%]  π=-0.0416  v=0.8335  H=14.189  lr=6.6e-05
  W01 S0  val_reward=+76.70  val_port=$215,288
  W01 S1 [ 20.2%]  π=-0.0578  v=1.6442  H=14.189  lr=2.4e-04
  W01 S1 [ 40.3%]  π=-0.0502  v=1.9664  H=14.189  lr=1.8e-04
  W01 S1 [ 60.5%]  π=-0.0198  v=7.0896  H=14.189  lr=1.2e-04
  W01 S1 [ 80.6%]  π=-0.0333  v=2.3385  H=14.189  lr=6.6e-05
  W01 S1  val_reward=+54.36  val_port=$200,742
  W01 S2 [ 20.2%]  π=-0.0065  v=732.8863  H=14.189  lr=2.4e-04
  W01 S2 [ 40.3%]  π=-0.0311  v=7.1529  H=14.189  lr=1.8e-04
  W01 S2 [ 60.5%]  π=-0.0095  v=61.2477  H=14.189  lr=1.2e-04
  W01 S2 [ 80.6%]  π=-0.0365  v=1.6764  H=14.189  lr=6.6e-05
  W01 S2  val_reward=+36.02  val_port=$206,538
  W01 S3 [ 20.2%]  π=-0.0352  v=5.9319  H=14.189  lr=2.4e-04
  W01 S3 [ 40.3%]  π=-0.0530  v=1.0421  H=14.189  lr=1.8e-04
  W01 S3 [ 60.5%]  π=-0.0542  v=0.8598  H=14.189  lr=1.2e-04
  W01 S3 [ 80.6%]  π=-0.0312  v=1.8218  H=14.189  lr=6.6e-05
  W01 S3  val_reward=+82.89  val_port=$210,363
  W01 S4 [ 20.2%]  π=-0.0101  v=46.1868  H=14.189  lr=2.4e-04
  W01 S4 [ 40.3%]  π=-0.0475  v=1.5154  H=14.189  lr=1.8e-04
  W01 S4 [ 60.5%]  π=-0.0465  v=0.8749  H=14.189  lr=1.2e-04
