Device: cpu

Loading market data...
Loaded 4026 trading days, 9 sectors.

================================================================
Window 00  train [2006-01-01 ÔåÆ 2011-01-01]  val [2011-01-01 ÔåÆ 2012-01-01]
================================================================
  W00 S0 [ 20.2%]  ¤Ç=-0.0416  v=1.2382  H=11.579  lr=2.4e-04
  W00 S0 [ 40.3%]  ¤Ç=-0.0065  v=88.4272  H=14.034  lr=1.8e-04
  W00 S0 [ 60.5%]  ¤Ç=-0.0053  v=210.7532  H=13.953  lr=1.2e-04
  W00 S0 [ 80.6%]  ¤Ç=-0.0149  v=7.3079  H=13.767  lr=6.6e-05
  W00 S0  val_reward=+61.97  val_port=$289,718
  W00 S1 [ 20.2%]  ¤Ç=-0.0362  v=1.3779  H=10.797  lr=2.4e-04
  W00 S1 [ 40.3%]  ¤Ç=-0.0310  v=2.5541  H=13.927  lr=1.8e-04
  W00 S1 [ 60.5%]  ¤Ç=-0.0132  v=17.6652  H=14.116  lr=1.2e-04
  W00 S1 [ 80.6%]  ¤Ç=-0.0055  v=226.1833  H=14.121  lr=6.6e-05
  W00 S1  val_reward=-27.80  val_port=$307,626
  W00 S2 [ 20.2%]  ¤Ç=-0.0361  v=1.6101  H=11.530  lr=2.4e-04
  W00 S2 [ 40.3%]  ¤Ç=-0.0424  v=1.1043  H=13.957  lr=1.8e-04
  W00 S2 [ 60.5%]  ¤Ç=-0.0386  v=1.3456  H=14.044  lr=1.2e-04
  W00 S2 [ 80.6%]  ¤Ç=-0.0099  v=17.9834  H=14.003  lr=6.6e-05
  W00 S2  val_reward=+57.86  val_port=$304,035
  W00 S3 [ 20.2%]  ¤Ç=-0.0358  v=1.6126  H=11.265  lr=2.4e-04
  W00 S3 [ 40.3%]  ¤Ç=-0.0439  v=0.9677  H=14.115  lr=1.8e-04
  W00 S3 [ 60.5%]  ¤Ç=-0.0129  v=20.1494  H=14.011  lr=1.2e-04
  W00 S3 [ 80.6%]  ¤Ç=-0.0288  v=1.8205  H=13.977  lr=6.6e-05
  W00 S3  val_reward=+59.52  val_port=$286,121
  W00 S4 [ 20.2%]  ¤Ç=-0.0343  v=3.2494  H=11.169  lr=2.4e-04
  W00 S4 [ 40.3%]  ¤Ç=-0.0240  v=5.8336  H=13.985  lr=1.8e-04
  W00 S4 [ 60.5%]  ¤Ç=-0.0204  v=3.3138  H=14.103  lr=1.2e-04
  W00 S4 [ 80.6%]  ¤Ç=-0.0216  v=3.4486  H=14.071  lr=6.6e-05
  W00 S4  val_reward=+61.00  val_port=$295,374
  Saved checkpoints/window_00.pt  (val_reward=+61.9738)

================================================================
Window 01  train [2007-01-01 ÔåÆ 2012-01-01]  val [2012-01-01 ÔåÆ 2013-01-01]
================================================================
  W01 S0 [ 20.2%]  ¤Ç=-0.0279  v=9.6786  H=14.189  lr=2.4e-04
  W01 S0 [ 40.3%]  ¤Ç=-0.0546  v=1.5273  H=14.189  lr=1.8e-04
  W01 S0 [ 60.5%]  ¤Ç=-0.0473  v=1.2202  H=14.189  lr=1.2e-04
  W01 S0 [ 80.6%]  ¤Ç=-0.0441  v=0.7964  H=14.189  lr=6.6e-05
  W01 S0  val_reward=+62.35  val_port=$226,735
  W01 S1 [ 20.2%]  ¤Ç=-0.0583  v=1.6154  H=14.189  lr=2.4e-04
  W01 S1 [ 40.3%]  ¤Ç=-0.0522  v=1.9402  H=14.189  lr=1.8e-04
  W01 S1 [ 60.5%]  ¤Ç=-0.0367  v=2.5633  H=14.189  lr=1.2e-04
  W01 S1 [ 80.6%]  ¤Ç=-0.0348  v=1.9075  H=14.189  lr=6.6e-05
  W01 S1  val_reward=-27.37  val_port=$244,154
  W01 S2 [ 20.2%]  ¤Ç=-0.0520  v=3.0899  H=14.189  lr=2.4e-04
  W01 S2 [ 40.3%]  ¤Ç=-0.0372  v=5.9497  H=14.189  lr=1.8e-04
  W01 S2 [ 60.5%]  ¤Ç=-0.0289  v=5.2988  H=14.189  lr=1.2e-04
  W01 S2 [ 80.6%]  ¤Ç=-0.0452  v=1.0752  H=14.189  lr=6.6e-05
  W01 S2  val_reward=+74.60  val_port=$230,442
  W01 S3 [ 20.2%]  ¤Ç=-0.0215  v=18.4656  H=14.189  lr=2.4e-04
  W01 S3 [ 40.3%]  ¤Ç=-0.0568  v=1.3565  H=14.189  lr=1.8e-04
  W01 S3 [ 60.5%]  ¤Ç=-0.0524  v=1.0313  H=14.189  lr=1.2e-04
  W01 S3 [ 80.6%]  ¤Ç=-0.0285  v=2.8421  H=14.189  lr=6.6e-05
  W01 S3  val_reward=-42.49  val_port=$256,625
  W01 S4 [ 20.2%]  ¤Ç=-0.0393  v=4.4186  H=14.189  lr=2.4e-04
  W01 S4 [ 40.3%]  ¤Ç=-0.0483  v=1.9133  H=14.189  lr=1.8e-04
  W01 S4 [ 60.5%]  ¤Ç=-0.0539  v=1.1410  H=14.189  lr=1.2e-04
  W01 S4 [ 80.6%]  ¤Ç=-0.0312  v=3.2160  H=14.189  lr=6.6e-05
  W01 S4  val_reward=+27.78  val_port=$239,496
  Saved checkpoints/window_01.pt  (val_reward=+74.6038)

================================================================
Window 02  train [2008-01-01 ÔåÆ 2013-01-01]  val [2013-01-01 ÔåÆ 2014-01-01]
================================================================
  W02 S0 [ 20.2%]  ¤Ç=-0.0253  v=16.7597  H=14.189  lr=2.4e-04
  W02 S0 [ 40.3%]  ¤Ç=-0.0379  v=4.5176  H=14.189  lr=1.8e-04
  W02 S0 [ 60.5%]  ¤Ç=-0.0528  v=1.3789  H=14.189  lr=1.2e-04
  W02 S0 [ 80.6%]  ¤Ç=-0.0241  v=5.0066  H=14.189  lr=6.6e-05
  W02 S0  val_reward=+122.45  val_port=$306,632
  W02 S1 [ 20.2%]  ¤Ç=-0.0421  v=7.3279  H=14.189  lr=2.4e-04
  W02 S1 [ 40.3%]  ¤Ç=-0.0609  v=1.4361  H=14.189  lr=1.8e-04
  W02 S1 [ 60.5%]  ¤Ç=-0.0062  v=240.6061  H=14.189  lr=1.2e-04
  W02 S1 [ 80.6%]  ¤Ç=-0.0297  v=2.9960  H=14.189  lr=6.6e-05
  W02 S1  val_reward=+121.81  val_port=$295,935
  W02 S2 [ 20.2%]  ¤Ç=-0.0224  v=33.3947  H=14.189  lr=2.4e-04
  W02 S2 [ 40.3%]  ¤Ç=-0.0138  v=74.7015  H=14.189  lr=1.8e-04
  W02 S2 [ 60.5%]  ¤Ç=-0.0550  v=1.7019  H=14.189  lr=1.2e-04
  W02 S2 [ 80.6%]  ¤Ç=-0.0439  v=1.0400  H=14.189  lr=6.6e-05
  W02 S2  val_reward=+120.13  val_port=$299,891
  W02 S3 [ 20.2%]  ¤Ç=-0.0575  v=2.2916  H=14.189  lr=2.4e-04
  W02 S3 [ 40.3%]  ¤Ç=-0.0205  v=23.0082  H=14.189  lr=1.8e-04
  W02 S3 [ 60.5%]  ¤Ç=-0.0356  v=5.4419  H=14.189  lr=1.2e-04
  W02 S3 [ 80.6%]  ¤Ç=-0.0419  v=1.2760  H=14.189  lr=6.6e-05
  W02 S3  val_reward=+121.96  val_port=$300,061
  W02 S4 [ 20.2%]  ¤Ç=-0.0600  v=3.1721  H=14.189  lr=2.4e-04
  W02 S4 [ 40.3%]  ¤Ç=-0.0381  v=5.0593  H=14.189  lr=1.8e-04
  W02 S4 [ 60.5%]  ¤Ç=-0.0566  v=1.5561  H=14.189  lr=1.2e-04
  W02 S4 [ 80.6%]  ¤Ç=-0.0438  v=1.0987  H=14.189  lr=6.6e-05
  W02 S4  val_reward=+118.68  val_port=$306,655
  Saved checkpoints/window_02.pt  (val_reward=+122.4509)

================================================================
Window 03  train [2009-01-01 ÔåÆ 2014-01-01]  val [2014-01-01 ÔåÆ 2015-01-01]
================================================================
  W03 S0 [ 20.2%]  ¤Ç=-0.0611  v=2.0218  H=14.189  lr=2.4e-04
  W03 S0 [ 40.3%]  ¤Ç=-0.0344  v=6.4931  H=14.189  lr=1.8e-04
  W03 S0 [ 60.5%]  ¤Ç=-0.0199  v=16.4155  H=14.189  lr=1.2e-04
  W03 S0 [ 80.6%]  ¤Ç=-0.0208  v=6.7786  H=14.189  lr=6.6e-05
  W03 S0  val_reward=+158.20  val_port=$410,032
  W03 S1 [ 20.2%]  ¤Ç=-0.0541  v=2.7820  H=14.189  lr=2.4e-04
  W03 S1 [ 40.3%]  ¤Ç=-0.0337  v=7.9724  H=14.189  lr=1.8e-04
  W03 S1 [ 60.5%]  ¤Ç=-0.0511  v=1.6304  H=14.189  lr=1.2e-04
  W03 S1 [ 80.6%]  ¤Ç=-0.0354  v=2.5330  H=14.189  lr=6.6e-05
  W03 S1  val_reward=+164.30  val_port=$395,875
  W03 S2 [ 20.2%]  ¤Ç=-0.0369  v=9.1163  H=14.189  lr=2.4e-04
