Device: cpu

Loading market data...
Loaded 4026 trading days, 9 sectors.

================================================================
Window 00  train [2006-01-01 → 2011-01-01]  val [2011-01-01 → 2012-01-01]
================================================================
  W00 S0 [ 20.2%]  π=-0.0169  v=31.2375  H=1.748  lr=2.4e-04
  W00 S0 [ 40.3%]  π=-0.0160  v=2119.6628  H=-0.943  lr=1.8e-04
  W00 S0 [ 60.5%]  π=-0.0057  v=23507.8691  H=-2.884  lr=1.2e-04
  W00 S0 [ 80.6%]  π=-0.0123  v=274.8155  H=-4.161  lr=6.6e-05
  W00 S0  val_reward=+16.48  val_port=$100,518
  W00 S1 [ 20.2%]  π=-0.0239  v=7.6874  H=1.425  lr=2.4e-04
  W00 S1 [ 40.3%]  π=-0.0148  v=61.7442  H=-0.634  lr=1.8e-04
  W00 S1 [ 60.5%]  π=-0.0161  v=55.0530  H=-2.292  lr=1.2e-04
  W00 S1 [ 80.6%]  π=-0.0333  v=9.2418  H=-3.493  lr=6.6e-05
  W00 S1  val_reward=+2.95  val_port=$100,479
  W00 S2 [ 20.2%]  π=-0.0132  v=152.7864  H=1.630  lr=2.4e-04
  W00 S2 [ 40.3%]  π=-0.0267  v=19.9470  H=-0.787  lr=1.8e-04
  W00 S2 [ 60.5%]  π=-0.0160  v=356.7550  H=-2.664  lr=1.2e-04
  W00 S2 [ 80.6%]  π=-0.0147  v=474.8474  H=-4.034  lr=6.6e-05
  W00 S2  val_reward=+14.13  val_port=$104,286
  W00 S3 [ 20.2%]  π=-0.0101  v=229.2036  H=1.862  lr=2.4e-04
  W00 S3 [ 40.3%]  π=-0.0127  v=63.9495  H=-0.667  lr=1.8e-04
  W00 S3 [ 60.5%]  π=-0.0128  v=245.7208  H=-2.118  lr=1.2e-04
  W00 S3 [ 80.6%]  π=-0.0065  v=5970.0024  H=-3.277  lr=6.6e-05
  W00 S3  val_reward=+20.81  val_port=$101,997
  W00 S4 [ 20.2%]  π=-0.0129  v=120.6298  H=1.953  lr=2.4e-04
  W00 S4 [ 40.3%]  π=-0.0163  v=1423.4173  H=-0.791  lr=1.8e-04
  W00 S4 [ 60.5%]  π=-0.0069  v=12292.4063  H=-2.868  lr=1.2e-04
  W00 S4 [ 80.6%]  π=-0.0228  v=8.1321  H=-4.253  lr=6.6e-05
  W00 S4  val_reward=+30.86  val_port=$94,161
  Saved checkpoints/window_00.pt  (val_reward=+30.8621)

================================================================
Window 01  train [2007-01-01 → 2012-01-01]  val [2012-01-01 → 2013-01-01]
================================================================
  W01 S0 [ 20.2%]  π=-0.0045  v=650.6294  H=-6.309  lr=2.4e-04
  W01 S0 [ 40.3%]  π=-0.0263  v=18.4795  H=-7.466  lr=1.8e-04
  W01 S0 [ 60.5%]  π=-0.0212  v=21.5846  H=-9.036  lr=1.2e-04
  W01 S0 [ 80.6%]  π=-0.0324  v=8.9905  H=-10.152  lr=6.6e-05
  W01 S0  val_reward=-36.66  val_port=$108,001
  W01 S1 [ 20.2%]  π=-0.0135  v=891.3190  H=-6.321  lr=2.4e-04
  W01 S1 [ 40.3%]  π=-0.0315  v=3.9773  H=-7.913  lr=1.8e-04
  W01 S1 [ 60.5%]  π=-0.0129  v=234.8407  H=-8.785  lr=1.2e-04
  W01 S1 [ 80.6%]  π=-0.0075  v=20622.3136  H=-9.934  lr=6.6e-05
  W01 S1  val_reward=-21.19  val_port=$105,562
  W01 S2 [ 20.2%]  π=-0.0303  v=11.4155  H=-5.978  lr=2.4e-04
  W01 S2 [ 40.3%]  π=-0.0088  v=462.7958  H=-7.630  lr=1.8e-04
  W01 S2 [ 60.5%]  π=-0.0201  v=33.9995  H=-8.929  lr=1.2e-04
  W01 S2 [ 80.6%]  π=-0.0112  v=283.3908  H=-10.244  lr=6.6e-05
  W01 S2  val_reward=-121.75  val_port=$108,440
  W01 S3 [ 20.2%]  π=-0.0187  v=39.5020  H=-6.395  lr=2.4e-04
  W01 S3 [ 40.3%]  π=-0.0074  v=4430.2436  H=-7.476  lr=1.8e-04
  W01 S3 [ 60.5%]  π=-0.0225  v=41.8874  H=-8.651  lr=1.2e-04
  W01 S3 [ 80.6%]  π=-0.0308  v=8.7450  H=-9.941  lr=6.6e-05
  W01 S3  val_reward=-141.02  val_port=$105,804
  W01 S4 [ 20.2%]  π=-0.0374  v=8.1127  H=-6.066  lr=2.4e-04
  W01 S4 [ 40.3%]  π=-0.0120  v=1541.1178  H=-7.582  lr=1.8e-04
  W01 S4 [ 60.5%]  π=-0.0182  v=256.9457  H=-8.988  lr=1.2e-04
  W01 S4 [ 80.6%]  π=-0.0216  v=108.7858  H=-10.137  lr=6.6e-05
  W01 S4  val_reward=-27.82  val_port=$104,966
  Saved checkpoints/window_01.pt  (val_reward=-21.1926)

================================================================
Window 02  train [2008-01-01 → 2013-01-01]  val [2013-01-01 → 2014-01-01]
================================================================
  W02 S0 [ 20.2%]  π=-0.0214  v=23.2561  H=-10.858  lr=2.4e-04
  W02 S0 [ 40.3%]  π=-0.0168  v=25853.5746  H=-11.630  lr=1.8e-04
  W02 S0 [ 60.5%]  π=-0.0260  v=410.8248  H=-12.363  lr=1.2e-04
  W02 S0 [ 80.6%]  π=-0.0133  v=5256.2049  H=-13.346  lr=6.6e-05
  W02 S0  val_reward=+28.42  val_port=$117,643
  W02 S1 [ 20.2%]  π=-0.0286  v=8.1976  H=-11.143  lr=2.4e-04
  W02 S1 [ 40.3%]  π=-0.0267  v=16.2088  H=-12.163  lr=1.8e-04
  W02 S1 [ 60.5%]  π=-0.0348  v=5.4652  H=-13.000  lr=1.2e-04
  W02 S1 [ 80.6%]  π=-0.0390  v=6.1725  H=-14.055  lr=6.6e-05
  W02 S1  val_reward=+22.58  val_port=$119,194
  W02 S2 [ 20.2%]  π=-0.0091  v=4151.3555  H=-10.612  lr=2.4e-04
  W02 S2 [ 40.3%]  π=-0.0108  v=286.7429  H=-11.390  lr=1.8e-04
  W02 S2 [ 60.5%]  π=-0.0045  v=41473.0878  H=-12.262  lr=1.2e-04
  W02 S2 [ 80.6%]  π=-0.0075  v=38966.8385  H=-13.324  lr=6.6e-05
  W02 S2  val_reward=+22.12  val_port=$120,490
  W02 S3 [ 20.2%]  π=-0.0204  v=77.0279  H=-10.560  lr=2.4e-04
  W02 S3 [ 40.3%]  π=-0.0326  v=22.6778  H=-11.473  lr=1.8e-04
  W02 S3 [ 60.5%]  π=-0.0088  v=3648.7879  H=-12.729  lr=1.2e-04
  W02 S3 [ 80.6%]  π=-0.0280  v=106.5957  H=-13.921  lr=6.6e-05
  W02 S3  val_reward=+18.99  val_port=$119,618
  W02 S4 [ 20.2%]  π=-0.0191  v=195.5427  H=-10.828  lr=2.4e-04
  W02 S4 [ 40.3%]  π=-0.0186  v=627.6453  H=-11.742  lr=1.8e-04
  W02 S4 [ 60.5%]  π=-0.0249  v=33.4546  H=-12.675  lr=1.2e-04
  W02 S4 [ 80.6%]  π=-0.0260  v=26.2417  H=-13.690  lr=6.6e-05
  W02 S4  val_reward=+18.89  val_port=$119,401
  Saved checkpoints/window_02.pt  (val_reward=+28.4175)

================================================================
Window 03  train [2009-01-01 → 2014-01-01]  val [2014-01-01 → 2015-01-01]
================================================================
  W03 S0 [ 20.2%]  π=-0.0281  v=17.4799  H=-14.081  lr=2.4e-04
  W03 S0 [ 40.3%]  π=-0.0156  v=217.1082  H=-14.795  lr=1.8e-04
  W03 S0 [ 60.5%]  π=-0.0282  v=9.6334  H=-15.588  lr=1.2e-04
  W03 S0 [ 80.6%]  π=-0.0139  v=405.6104  H=-16.778  lr=6.6e-05
  W03 S0  val_reward=-85.82  val_port=$109,173
  W03 S1 [ 20.2%]  π=-0.0118  v=1267.1344  H=-14.261  lr=2.4e-04
  W03 S1 [ 40.3%]  π=-0.0249  v=21.4713  H=-15.227  lr=1.8e-04
  W03 S1 [ 60.5%]  π=-0.0171  v=674.8790  H=-15.958  lr=1.2e-04
  W03 S1 [ 80.6%]  π=-0.0098  v=583.9819  H=-17.092  lr=6.6e-05
  W03 S1  val_reward=-79.90  val_port=$110,102
  W03 S2 [ 20.2%]  π=-0.0147  v=457.4321  H=-14.500  lr=2.4e-04
  W03 S2 [ 40.3%]  π=-0.0236  v=31.6665  H=-15.056  lr=1.8e-04
  W03 S2 [ 60.5%]  π=-0.0089  v=164.8534  H=-16.267  lr=1.2e-04
  W03 S2 [ 80.6%]  π=-0.0162  v=321.7390  H=-17.207  lr=6.6e-05
  W03 S2  val_reward=-86.13  val_port=$106,990
  W03 S3 [ 20.2%]  π=-0.0211  v=16.4049  H=-14.041  lr=2.4e-04
  W03 S3 [ 40.3%]  π=-0.0435  v=3.7018  H=-14.630  lr=1.8e-04
  W03 S3 [ 60.5%]  π=-0.0114  v=277.7097  H=-15.600  lr=1.2e-04
  W03 S3 [ 80.6%]  π=-0.0266  v=22.2339  H=-16.731  lr=6.6e-05
  W03 S3  val_reward=-81.37  val_port=$107,878
  W03 S4 [ 20.2%]  π=-0.0077  v=578.2922  H=-14.046  lr=2.4e-04
  W03 S4 [ 40.3%]  π=-0.0167  v=122.6234  H=-14.514  lr=1.8e-04
  W03 S4 [ 60.5%]  π=-0.0328  v=13.1025  H=-15.516  lr=1.2e-04
  W03 S4 [ 80.6%]  π=-0.0337  v=6.8075  H=-16.681  lr=6.6e-05
  W03 S4  val_reward=-80.27  val_port=$111,014
  Saved checkpoints/window_03.pt  (val_reward=-79.9023)

================================================================
Window 04  train [2010-01-01 → 2015-01-01]  val [2015-01-01 → 2016-01-01]
================================================================
  W04 S0 [ 20.2%]  π=-0.0323  v=6.2096  H=-16.698  lr=2.4e-04
  W04 S0 [ 40.3%]  π=-0.0267  v=23.5490  H=-16.817  lr=1.8e-04
  W04 S0 [ 60.5%]  π=-0.0198  v=98.1016  H=-17.653  lr=1.2e-04
  W04 S0 [ 80.6%]  π=-0.0336  v=7.5543  H=-18.591  lr=6.6e-05
  W04 S0  val_reward=+13.92  val_port=$94,467
  W04 S1 [ 20.2%]  π=-0.0147  v=46.0684  H=-17.079  lr=2.4e-04
  W04 S1 [ 40.3%]  π=-0.0226  v=17.4692  H=-17.267  lr=1.8e-04
  W04 S1 [ 60.5%]  π=-0.0447  v=4.8592  H=-18.012  lr=1.2e-04
  W04 S1 [ 80.6%]  π=-0.0171  v=311.5615  H=-18.948  lr=6.6e-05
  W04 S1  val_reward=+10.51  val_port=$92,874
  W04 S2 [ 20.2%]  π=-0.0300  v=5.9111  H=-16.927  lr=2.4e-04
  W04 S2 [ 40.3%]  π=-0.0321  v=7.7256  H=-17.131  lr=1.8e-04
  W04 S2 [ 60.5%]  π=-0.0098  v=486.8320  H=-18.019  lr=1.2e-04
  W04 S2 [ 80.6%]  π=-0.0270  v=18.0957  H=-18.730  lr=6.6e-05
  W04 S2  val_reward=+10.39  val_port=$92,860
  W04 S3 [ 20.2%]  π=-0.0038  v=304.9502  H=-16.803  lr=2.4e-04
  W04 S3 [ 40.3%]  π=-0.0192  v=30.2759  H=-17.542  lr=1.8e-04
  W04 S3 [ 60.5%]  π=-0.0314  v=7.3445  H=-18.069  lr=1.2e-04
  W04 S3 [ 80.6%]  π=-0.0269  v=12.0621  H=-19.080  lr=6.6e-05
  W04 S3  val_reward=+11.53  val_port=$93,971
  W04 S4 [ 20.2%]  π=-0.0310  v=10.1322  H=-17.192  lr=2.4e-04
  W04 S4 [ 40.3%]  π=-0.0353  v=3.7342  H=-17.169  lr=1.8e-04
  W04 S4 [ 60.5%]  π=-0.0326  v=9.5844  H=-17.911  lr=1.2e-04
  W04 S4 [ 80.6%]  π=-0.0193  v=73.7725  H=-18.690  lr=6.6e-05
  W04 S4  val_reward=+14.69  val_port=$95,282
  Saved checkpoints/window_04.pt  (val_reward=+14.6916)

================================================================
Window 05  train [2011-01-01 → 2016-01-01]  val [2016-01-01 → 2017-01-01]
================================================================
  W05 S0 [ 20.2%]  π=-0.0329  v=6.7786  H=-18.836  lr=2.4e-04
  W05 S0 [ 40.3%]  π=-0.0380  v=4.7431  H=-18.487  lr=1.8e-04
  W05 S0 [ 60.5%]  π=-0.0198  v=139.7486  H=-19.097  lr=1.2e-04
  W05 S0 [ 80.6%]  π=-0.0183  v=71.1481  H=-19.786  lr=6.6e-05
  W05 S0  val_reward=-134.64  val_port=$115,896
  W05 S1 [ 20.2%]  π=-0.0282  v=13.0062  H=-18.409  lr=2.4e-04
  W05 S1 [ 40.3%]  π=-0.0178  v=67.1900  H=-18.425  lr=1.8e-04
  W05 S1 [ 60.5%]  π=-0.0197  v=27.6368  H=-18.970  lr=1.2e-04
  W05 S1 [ 80.6%]  π=-0.0261  v=17.9387  H=-19.775  lr=6.6e-05
  W05 S1  val_reward=-152.43  val_port=$110,951
  W05 S2 [ 20.2%]  π=-0.0367  v=8.2381  H=-18.646  lr=2.4e-04
  W05 S2 [ 40.3%]  π=-0.0299  v=5.8832  H=-18.451  lr=1.8e-04
  W05 S2 [ 60.5%]  π=-0.0299  v=10.7817  H=-19.194  lr=1.2e-04
  W05 S2 [ 80.6%]  π=-0.0314  v=7.1899  H=-20.081  lr=6.6e-05
  W05 S2  val_reward=-118.26  val_port=$115,297
  W05 S3 [ 20.2%]  π=-0.0207  v=17.5343  H=-18.089  lr=2.4e-04
  W05 S3 [ 40.3%]  π=-0.0333  v=5.7982  H=-18.090  lr=1.8e-04
  W05 S3 [ 60.5%]  π=-0.0288  v=11.2481  H=-18.704  lr=1.2e-04
  W05 S3 [ 80.6%]  π=-0.0249  v=36.9731  H=-19.591  lr=6.6e-05
  W05 S3  val_reward=-128.05  val_port=$109,562
  W05 S4 [ 20.2%]  π=-0.0264  v=15.2350  H=-18.490  lr=2.4e-04
  W05 S4 [ 40.3%]  π=-0.0344  v=5.6208  H=-18.055  lr=1.8e-04
  W05 S4 [ 60.5%]  π=-0.0328  v=8.4441  H=-18.569  lr=1.2e-04
  W05 S4 [ 80.6%]  π=-0.0344  v=7.2245  H=-19.550  lr=6.6e-05
  W05 S4  val_reward=-122.80  val_port=$114,728
  Saved checkpoints/window_05.pt  (val_reward=-118.2637)

================================================================
Window 06  train [2012-01-01 → 2017-01-01]  val [2017-01-01 → 2018-01-01]
================================================================
  W06 S0 [ 20.2%]  π=-0.0147  v=135.8605  H=-19.442  lr=2.4e-04
  W06 S0 [ 40.3%]  π=-0.0332  v=6.9100  H=-18.838  lr=1.8e-04
  W06 S0 [ 60.5%]  π=-0.0254  v=24.3064  H=-19.262  lr=1.2e-04
  W06 S0 [ 80.6%]  π=-0.0327  v=8.5090  H=-20.095  lr=6.6e-05
  W06 S0  val_reward=-0.83  val_port=$112,590
  W06 S1 [ 20.2%]  π=-0.0316  v=14.8329  H=-19.829  lr=2.4e-04
  W06 S1 [ 40.3%]  π=-0.0287  v=6.4593  H=-19.394  lr=1.8e-04
  W06 S1 [ 60.5%]  π=-0.0172  v=71.3806  H=-19.712  lr=1.2e-04
  W06 S1 [ 80.6%]  π=-0.0236  v=18.1384  H=-20.410  lr=6.6e-05
  W06 S1  val_reward=-10.38  val_port=$112,843
  W06 S2 [ 20.2%]  π=-0.0162  v=128.5077  H=-19.234  lr=2.4e-04
  W06 S2 [ 40.3%]  π=-0.0234  v=27.0309  H=-18.817  lr=1.8e-04
  W06 S2 [ 60.5%]  π=-0.0369  v=4.4759  H=-18.922  lr=1.2e-04
  W06 S2 [ 80.6%]  π=-0.0243  v=17.5191  H=-19.857  lr=6.6e-05
  W06 S2  val_reward=+1.05  val_port=$112,944
  W06 S3 [ 20.2%]  π=-0.0305  v=8.2286  H=-19.340  lr=2.4e-04
  W06 S3 [ 40.3%]  π=-0.0387  v=4.4441  H=-18.556  lr=1.8e-04
  W06 S3 [ 60.5%]  π=-0.0296  v=15.0482  H=-18.938  lr=1.2e-04
  W06 S3 [ 80.6%]  π=-0.0173  v=127.7179  H=-19.778  lr=6.6e-05
  W06 S3  val_reward=+2.64  val_port=$112,125
  W06 S4 [ 20.2%]  π=-0.0338  v=6.1282  H=-19.440  lr=2.4e-04
  W06 S4 [ 40.3%]  π=-0.0237  v=39.0197  H=-18.790  lr=1.8e-04
  W06 S4 [ 60.5%]  π=-0.0277  v=14.0542  H=-18.839  lr=1.2e-04
  W06 S4 [ 80.6%]  π=-0.0197  v=97.8311  H=-19.639  lr=6.6e-05
  W06 S4  val_reward=+0.42  val_port=$112,380
  Saved checkpoints/window_06.pt  (val_reward=+2.6366)

================================================================
Window 07  train [2013-01-01 → 2018-01-01]  val [2018-01-01 → 2019-01-01]
================================================================
  W07 S0 [ 20.2%]  π=-0.0461  v=3.2351  H=-20.027  lr=2.4e-04
  W07 S0 [ 40.3%]  π=-0.0225  v=49.2988  H=-19.782  lr=1.8e-04
  W07 S0 [ 60.5%]  π=-0.0275  v=9.2773  H=-20.114  lr=1.2e-04
  W07 S0 [ 80.6%]  π=-0.0214  v=28.7751  H=-21.204  lr=6.6e-05
  W07 S0  val_reward=-74.52  val_port=$99,779
  W07 S1 [ 20.2%]  π=-0.0421  v=7.0896  H=-19.236  lr=2.4e-04
  W07 S1 [ 40.3%]  π=-0.0163  v=144.0161  H=-19.403  lr=1.8e-04
  W07 S1 [ 60.5%]  π=-0.0261  v=12.4955  H=-19.987  lr=1.2e-04
  W07 S1 [ 80.6%]  π=-0.0190  v=106.7005  H=-20.933  lr=6.6e-05
  W07 S1  val_reward=-70.85  val_port=$95,657
  W07 S2 [ 20.2%]  π=-0.0221  v=44.8663  H=-19.449  lr=2.4e-04
  W07 S2 [ 40.3%]  π=-0.0367  v=8.1433  H=-19.428  lr=1.8e-04
  W07 S2 [ 60.5%]  π=-0.0215  v=38.2171  H=-20.046  lr=1.2e-04
  W07 S2 [ 80.6%]  π=-0.0294  v=23.0741  H=-20.680  lr=6.6e-05
  W07 S2  val_reward=-75.41  val_port=$97,426
  W07 S3 [ 20.2%]  π=-0.0398  v=7.2376  H=-19.683  lr=2.4e-04
  W07 S3 [ 40.3%]  π=-0.0282  v=36.4495  H=-19.648  lr=1.8e-04
  W07 S3 [ 60.5%]  π=-0.0357  v=6.8785  H=-19.977  lr=1.2e-04
  W07 S3 [ 80.6%]  π=-0.0233  v=20.1566  H=-20.875  lr=6.6e-05
  W07 S3  val_reward=-61.90  val_port=$95,983
  W07 S4 [ 20.2%]  π=-0.0249  v=22.5505  H=-19.990  lr=2.4e-04
  W07 S4 [ 40.3%]  π=-0.0209  v=49.7542  H=-19.622  lr=1.8e-04
  W07 S4 [ 60.5%]  π=-0.0232  v=28.3853  H=-20.113  lr=1.2e-04
  W07 S4 [ 80.6%]  π=-0.0197  v=43.2012  H=-20.948  lr=6.6e-05
  W07 S4  val_reward=-66.05  val_port=$95,564
  Saved checkpoints/window_07.pt  (val_reward=-61.8965)

================================================================
Window 08  train [2014-01-01 → 2019-01-01]  val [2019-01-01 → 2020-01-01]
================================================================
  W08 S0 [ 20.2%]  π=-0.0199  v=57.5582  H=-19.784  lr=2.4e-04
  W08 S0 [ 40.3%]  π=-0.0223  v=578.8201  H=-19.178  lr=1.8e-04
  W08 S0 [ 60.5%]  π=-0.0250  v=31.0095  H=-19.754  lr=1.2e-04
  W08 S0 [ 80.6%]  π=-0.0418  v=5.9719  H=-20.709  lr=6.6e-05
  W08 S0  val_reward=+58.99  val_port=$117,866
  W08 S1 [ 20.2%]  π=-0.0282  v=13.2835  H=-20.662  lr=2.4e-04
  W08 S1 [ 40.3%]  π=-0.0301  v=17.8016  H=-20.155  lr=1.8e-04
  W08 S1 [ 60.5%]  π=-0.0413  v=6.2534  H=-20.657  lr=1.2e-04
  W08 S1 [ 80.6%]  π=-0.0349  v=16.4661  H=-21.665  lr=6.6e-05
  W08 S1  val_reward=+50.69  val_port=$113,448
  W08 S2 [ 20.2%]  π=-0.0244  v=13.7186  H=-20.284  lr=2.4e-04
  W08 S2 [ 40.3%]  π=-0.0344  v=10.7903  H=-19.994  lr=1.8e-04
  W08 S2 [ 60.5%]  π=-0.0273  v=35.7437  H=-20.410  lr=1.2e-04
  W08 S2 [ 80.6%]  π=-0.0463  v=2.8470  H=-21.223  lr=6.6e-05
  W08 S2  val_reward=+12.07  val_port=$119,493
  W08 S3 [ 20.2%]  π=-0.0152  v=161.4077  H=-20.472  lr=2.4e-04
  W08 S3 [ 40.3%]  π=-0.0254  v=19.3154  H=-20.058  lr=1.8e-04
  W08 S3 [ 60.5%]  π=-0.0189  v=284.3419  H=-20.212  lr=1.2e-04
  W08 S3 [ 80.6%]  π=-0.0299  v=11.9092  H=-21.009  lr=6.6e-05
  W08 S3  val_reward=+44.59  val_port=$114,210
  W08 S4 [ 20.2%]  π=-0.0176  v=32.2533  H=-20.736  lr=2.4e-04
  W08 S4 [ 40.3%]  π=-0.0317  v=24.8432  H=-20.381  lr=1.8e-04
  W08 S4 [ 60.5%]  π=-0.0255  v=63.1787  H=-20.870  lr=1.2e-04
  W08 S4 [ 80.6%]  π=-0.0214  v=40.5348  H=-22.044  lr=6.6e-05
  W08 S4  val_reward=+997.81  val_port=$116,417
  Saved checkpoints/window_08.pt  (val_reward=+997.8093)

================================================================
Window 09  train [2015-01-01 → 2020-01-01]  val [2020-01-01 → 2021-01-01]
================================================================
  W09 S0 [ 20.2%]  π=-0.0227  v=18.9775  H=-21.193  lr=2.4e-04
  W09 S0 [ 40.3%]  π=-0.0171  v=53.3929  H=-20.583  lr=1.8e-04
  W09 S0 [ 60.5%]  π=-0.0376  v=7.3244  H=-21.270  lr=1.2e-04
  W09 S0 [ 80.6%]  π=-0.0302  v=12.1879  H=-22.119  lr=6.6e-05
  W09 S0  val_reward=+22.61  val_port=$102,974
  W09 S1 [ 20.2%]  π=-0.0258  v=20.6267  H=-20.768  lr=2.4e-04
  W09 S1 [ 40.3%]  π=-0.0347  v=6.9234  H=-20.222  lr=1.8e-04
  W09 S1 [ 60.5%]  π=-0.0330  v=9.7259  H=-20.737  lr=1.2e-04
  W09 S1 [ 80.6%]  π=-0.0285  v=15.9888  H=-21.626  lr=6.6e-05
  W09 S1  val_reward=+25.49  val_port=$105,724
  W09 S2 [ 20.2%]  π=-0.0302  v=14.0714  H=-21.109  lr=2.4e-04
  W09 S2 [ 40.3%]  π=-0.0234  v=39.7650  H=-20.419  lr=1.8e-04
  W09 S2 [ 60.5%]  π=-0.0362  v=7.6434  H=-20.976  lr=1.2e-04
  W09 S2 [ 80.6%]  π=-0.0360  v=6.7327  H=-22.175  lr=6.6e-05
  W09 S2  val_reward=+25.74  val_port=$108,354
  W09 S3 [ 20.2%]  π=-0.0277  v=15.0580  H=-21.112  lr=2.4e-04
  W09 S3 [ 40.3%]  π=-0.0330  v=11.2667  H=-20.402  lr=1.8e-04
  W09 S3 [ 60.5%]  π=-0.0295  v=23.1046  H=-20.736  lr=1.2e-04
  W09 S3 [ 80.6%]  π=-0.0346  v=10.0231  H=-21.477  lr=6.6e-05
  W09 S3  val_reward=+18.12  val_port=$95,167
  W09 S4 [ 20.2%]  π=-0.0299  v=13.7481  H=-21.199  lr=2.4e-04
  W09 S4 [ 40.3%]  π=-0.0296  v=16.6238  H=-20.701  lr=1.8e-04
  W09 S4 [ 60.5%]  π=-0.0209  v=57.5295  H=-21.097  lr=1.2e-04
  W09 S4 [ 80.6%]  π=-0.0278  v=24.2684  H=-21.980  lr=6.6e-05
  W09 S4  val_reward=+18.63  val_port=$89,867
  Saved checkpoints/window_09.pt  (val_reward=+25.7438)
