Device: cpu

Loading market data...
Loaded 4026 trading days, 9 sectors.

================================================================
Window 00  train [2006-01-01 → 2011-01-01]  val [2011-01-01 → 2012-01-01]
================================================================
  W00 S0 [ 20.2%]  π=-0.0390  v=1.2760  H=11.414  lr=2.4e-04
  W00 S0 [ 40.3%]  π=-0.0050  v=561.5346  H=13.804  lr=1.8e-04
  W00 S0 [ 60.5%]  π=-0.0400  v=1.2848  H=13.900  lr=1.2e-04
  W00 S0 [ 80.6%]  π=-0.0205  v=3.3694  H=13.742  lr=6.6e-05
  W00 S0  val_reward=+57.47  val_port=$293,197
  W00 S1 [ 20.2%]  π=-0.0360  v=1.4076  H=10.709  lr=2.4e-04
  W00 S1 [ 40.3%]  π=-0.0350  v=2.3743  H=13.832  lr=1.8e-04
  W00 S1 [ 60.5%]  π=-0.0251  v=3.4097  H=13.947  lr=1.2e-04
  W00 S1 [ 80.6%]  π=-0.0098  v=19.8927  H=13.943  lr=6.6e-05
  W00 S1  val_reward=+49.24  val_port=$304,371
  W00 S2 [ 20.2%]  π=-0.0361  v=1.6310  H=11.505  lr=2.4e-04
  W00 S2 [ 40.3%]  π=-0.0446  v=1.1097  H=14.041  lr=1.8e-04
  W00 S2 [ 60.5%]  π=-0.0427  v=0.9978  H=14.028  lr=1.2e-04
  W00 S2 [ 80.6%]  π=-0.0098  v=35.1991  H=13.999  lr=6.6e-05
  W00 S2  val_reward=+41.44  val_port=$292,848
  W00 S3 [ 20.2%]  π=-0.0356  v=1.5746  H=11.148  lr=2.4e-04
  W00 S3 [ 40.3%]  π=-0.0430  v=0.9882  H=13.970  lr=1.8e-04
  W00 S3 [ 60.5%]  π=-0.0140  v=14.4406  H=13.983  lr=1.2e-04
  W00 S3 [ 80.6%]  π=-0.0186  v=4.0158  H=13.904  lr=6.6e-05
  W00 S3  val_reward=+54.99  val_port=$262,008
  W00 S4 [ 20.2%]  π=-0.0137  v=14.8007  H=10.922  lr=2.4e-04
  W00 S4 [ 40.3%]  π=-0.0327  v=3.3743  H=13.977  lr=1.8e-04
  W00 S4 [ 60.5%]  π=-0.0233  v=3.2689  H=14.038  lr=1.2e-04
  W00 S4 [ 80.6%]  π=-0.0357  v=1.4280  H=14.015  lr=6.6e-05
  W00 S4  val_reward=+59.23  val_port=$273,070
  Saved checkpoints/window_00.pt  (val_reward=+59.2326)

================================================================
Window 01  train [2007-01-01 → 2012-01-01]  val [2012-01-01 → 2013-01-01]
================================================================
  W01 S0 [ 20.2%]  π=-0.0147  v=33.9842  H=14.189  lr=2.4e-04
  W01 S0 [ 40.3%]  π=-0.0549  v=1.7704  H=14.189  lr=1.8e-04
  W01 S0 [ 60.5%]  π=-0.0439  v=1.7289  H=14.189  lr=1.2e-04
  W01 S0 [ 80.6%]  π=-0.0412  v=0.9985  H=14.189  lr=6.6e-05
  W01 S0  val_reward=-35.49  val_port=$239,795
  W01 S1 [ 20.2%]  π=-0.0532  v=1.7797  H=14.189  lr=2.4e-04
  W01 S1 [ 40.3%]  π=-0.0445  v=1.7862  H=14.189  lr=1.8e-04
  W01 S1 [ 60.5%]  π=-0.0105  v=24.8524  H=14.189  lr=1.2e-04
  W01 S1 [ 80.6%]  π=-0.0426  v=1.4008  H=14.189  lr=6.6e-05
  W01 S1  val_reward=-43.48  val_port=$248,969
  W01 S2 [ 20.2%]  π=-0.0424  v=4.3508  H=14.189  lr=2.4e-04
  W01 S2 [ 40.3%]  π=-0.0251  v=15.1783  H=14.189  lr=1.8e-04
  W01 S2 [ 60.5%]  π=-0.0272  v=6.3994  H=14.189  lr=1.2e-04
  W01 S2 [ 80.6%]  π=-0.0376  v=2.2229  H=14.189  lr=6.6e-05
  W01 S2  val_reward=-50.23  val_port=$233,736
  W01 S3 [ 20.2%]  π=-0.0122  v=58.2880  H=14.189  lr=2.4e-04
  W01 S3 [ 40.3%]  π=-0.0567  v=1.4301  H=14.189  lr=1.8e-04
  W01 S3 [ 60.5%]  π=-0.0491  v=1.3591  H=14.189  lr=1.2e-04
  W01 S3 [ 80.6%]  π=-0.0311  v=2.0275  H=14.189  lr=6.6e-05
  W01 S3  val_reward=-53.71  val_port=$226,826
  W01 S4 [ 20.2%]  π=-0.0490  v=2.8054  H=14.189  lr=2.4e-04
  W01 S4 [ 40.3%]  π=-0.0415  v=2.3625  H=14.189  lr=1.8e-04
  W01 S4 [ 60.5%]  π=-0.0520  v=0.7118  H=14.189  lr=1.2e-04
  W01 S4 [ 80.6%]  π=-0.0171  v=9.0383  H=14.189  lr=6.6e-05
  W01 S4  val_reward=-49.40  val_port=$240,842
  Saved checkpoints/window_01.pt  (val_reward=-35.4863)

================================================================
Window 02  train [2008-01-01 → 2013-01-01]  val [2013-01-01 → 2014-01-01]
================================================================
  W02 S0 [ 20.2%]  π=-0.0315  v=7.9778  H=14.189  lr=2.4e-04
  W02 S0 [ 40.3%]  π=-0.0444  v=3.5045  H=14.189  lr=1.8e-04
  W02 S0 [ 60.5%]  π=-0.0409  v=3.4100  H=14.189  lr=1.2e-04
  W02 S0 [ 80.6%]  π=-0.0352  v=3.1060  H=14.189  lr=6.6e-05
  W02 S0  val_reward=+367.77  val_port=$284,536
  W02 S1 [ 20.2%]  π=-0.0248  v=21.8628  H=14.189  lr=2.4e-04
  W02 S1 [ 40.3%]  π=-0.0027  v=3588.2038  H=14.189  lr=1.8e-04
  W02 S1 [ 60.5%]  π=-0.0241  v=5.1473  H=14.189  lr=1.2e-04
  W02 S1 [ 80.6%]  π=-0.0392  v=1.4345  H=14.189  lr=6.6e-05
  W02 S1  val_reward=+186.35  val_port=$291,432
  W02 S2 [ 20.2%]  π=-0.0294  v=16.7255  H=14.189  lr=2.4e-04
  W02 S2 [ 40.3%]  π=-0.0243  v=16.1473  H=14.189  lr=1.8e-04
  W02 S2 [ 60.5%]  π=-0.0458  v=2.1708  H=14.189  lr=1.2e-04
  W02 S2 [ 80.6%]  π=-0.0490  v=1.4078  H=14.189  lr=6.6e-05
  W02 S2  val_reward=+189.39  val_port=$284,576
  W02 S3 [ 20.2%]  π=-0.0574  v=2.4548  H=14.189  lr=2.4e-04
  W02 S3 [ 40.3%]  π=-0.0278  v=10.6271  H=14.189  lr=1.8e-04
  W02 S3 [ 60.5%]  π=-0.0190  v=22.0949  H=14.189  lr=1.2e-04
  W02 S3 [ 80.6%]  π=-0.0390  v=1.8685  H=14.189  lr=6.6e-05
  W02 S3  val_reward=+184.45  val_port=$285,330
  W02 S4 [ 20.2%]  π=-0.0369  v=10.1122  H=14.189  lr=2.4e-04
  W02 S4 [ 40.3%]  π=-0.0582  v=1.8516  H=14.189  lr=1.8e-04
  W02 S4 [ 60.5%]  π=-0.0536  v=1.9104  H=14.189  lr=1.2e-04
  W02 S4 [ 80.6%]  π=-0.0435  v=0.8776  H=14.189  lr=6.6e-05
  W02 S4  val_reward=+183.54  val_port=$296,275
  Saved checkpoints/window_02.pt  (val_reward=+367.7660)

================================================================
Window 03  train [2009-01-01 → 2014-01-01]  val [2014-01-01 → 2015-01-01]
================================================================
  W03 S0 [ 20.2%]  π=-0.0523  v=3.4223  H=14.189  lr=2.4e-04
  W03 S0 [ 40.3%]  π=-0.0099  v=126.9641  H=14.189  lr=1.8e-04
  W03 S0 [ 60.5%]  π=-0.0080  v=145.3479  H=14.189  lr=1.2e-04
  W03 S0 [ 80.6%]  π=-0.0316  v=2.2946  H=14.189  lr=6.6e-05
  W03 S0  val_reward=+162.37  val_port=$375,640
  W03 S1 [ 20.2%]  π=-0.0291  v=15.5401  H=14.189  lr=2.4e-04
  W03 S1 [ 40.3%]  π=-0.0487  v=3.5968  H=14.189  lr=1.8e-04
  W03 S1 [ 60.5%]  π=-0.0394  v=3.3347  H=14.189  lr=1.2e-04
  W03 S1 [ 80.6%]  π=-0.0091  v=71.0965  H=14.189  lr=6.6e-05
  W03 S1  val_reward=+283.23  val_port=$382,139
  W03 S2 [ 20.2%]  π=-0.0519  v=3.8616  H=14.189  lr=2.4e-04
  W03 S2 [ 40.3%]  π=-0.0526  v=2.9304  H=14.189  lr=1.8e-04
  W03 S2 [ 60.5%]  π=-0.0428  v=3.1889  H=14.189  lr=1.2e-04
  W03 S2 [ 80.6%]  π=-0.0244  v=6.4034  H=14.189  lr=6.6e-05
  W03 S2  val_reward=+161.52  val_port=$373,316
  W03 S3 [ 20.2%]  π=-0.0079  v=289.9369  H=14.189  lr=2.4e-04
  W03 S3 [ 40.3%]  π=-0.0117  v=121.2228  H=14.189  lr=1.8e-04
  W03 S3 [ 60.5%]  π=-0.0259  v=7.5844  H=14.189  lr=1.2e-04
  W03 S3 [ 80.6%]  π=-0.0326  v=4.6049  H=14.189  lr=6.6e-05
  W03 S3  val_reward=+147.52  val_port=$378,239
  W03 S4 [ 20.2%]  π=-0.0516  v=4.4562  H=14.189  lr=2.4e-04
  W03 S4 [ 40.3%]  π=-0.0554  v=2.8155  H=14.189  lr=1.8e-04
  W03 S4 [ 60.5%]  π=-0.0533  v=2.3095  H=14.189  lr=1.2e-04
  W03 S4 [ 80.6%]  π=-0.0357  v=3.3058  H=14.189  lr=6.6e-05
  W03 S4  val_reward=+161.86  val_port=$378,347
  Saved checkpoints/window_03.pt  (val_reward=+283.2327)

================================================================
Window 04  train [2010-01-01 → 2015-01-01]  val [2015-01-01 → 2016-01-01]
================================================================
  W04 S0 [ 20.2%]  π=-0.0479  v=3.8355  H=14.189  lr=2.4e-04
  W04 S0 [ 40.3%]  π=-0.0372  v=3.1333  H=14.189  lr=1.8e-04
  W04 S0 [ 60.5%]  π=-0.0449  v=2.1648  H=14.189  lr=1.2e-04
  W04 S0 [ 80.6%]  π=-0.0253  v=4.2262  H=14.189  lr=6.6e-05
  W04 S0  val_reward=+136.60  val_port=$385,602
  W04 S1 [ 20.2%]  π=-0.0504  v=4.8320  H=14.189  lr=2.4e-04
  W04 S1 [ 40.3%]  π=-0.0448  v=3.1363  H=14.189  lr=1.8e-04
  W04 S1 [ 60.5%]  π=-0.0491  v=2.4547  H=14.189  lr=1.2e-04
  W04 S1 [ 80.6%]  π=-0.0346  v=2.5685  H=14.189  lr=6.6e-05
  W04 S1  val_reward=+139.28  val_port=$395,071
  W04 S2 [ 20.2%]  π=-0.0304  v=10.0149  H=14.189  lr=2.4e-04
  W04 S2 [ 40.3%]  π=-0.0449  v=4.5178  H=14.189  lr=1.8e-04
  W04 S2 [ 60.5%]  π=-0.0526  v=2.6182  H=14.189  lr=1.2e-04
  W04 S2 [ 80.6%]  π=-0.0140  v=13.0921  H=14.189  lr=6.6e-05
  W04 S2  val_reward=+135.12  val_port=$384,008
  W04 S3 [ 20.2%]  π=-0.0625  v=3.0334  H=14.189  lr=2.4e-04
  W04 S3 [ 40.3%]  π=-0.0449  v=2.3174  H=14.189  lr=1.8e-04
  W04 S3 [ 60.5%]  π=-0.0491  v=1.5077  H=14.189  lr=1.2e-04
  W04 S3 [ 80.6%]  π=-0.0368  v=2.0950  H=14.189  lr=6.6e-05
  W04 S3  val_reward=+140.90  val_port=$394,773
  W04 S4 [ 20.2%]  π=-0.0567  v=2.9063  H=14.189  lr=2.4e-04
  W04 S4 [ 40.3%]  π=-0.0388  v=3.9815  H=14.189  lr=1.8e-04
  W04 S4 [ 60.5%]  π=-0.0127  v=52.0946  H=14.189  lr=1.2e-04
  W04 S4 [ 80.6%]  π=-0.0353  v=2.4938  H=14.189  lr=6.6e-05
  W04 S4  val_reward=+138.74  val_port=$390,278
  Saved checkpoints/window_04.pt  (val_reward=+140.9017)

================================================================
Window 05  train [2011-01-01 → 2016-01-01]  val [2016-01-01 → 2017-01-01]
================================================================
  W05 S0 [ 20.2%]  π=-0.0227  v=38.0064  H=14.189  lr=2.4e-04
  W05 S0 [ 40.3%]  π=-0.0482  v=2.4063  H=14.189  lr=1.8e-04
  W05 S0 [ 60.5%]  π=-0.0372  v=3.0772  H=14.189  lr=1.2e-04
  W05 S0 [ 80.6%]  π=-0.0474  v=1.6723  H=14.189  lr=6.6e-05
  W05 S0  val_reward=+164.44  val_port=$486,504
  W05 S1 [ 20.2%]  π=-0.0477  v=4.4284  H=14.189  lr=2.4e-04
  W05 S1 [ 40.3%]  π=-0.0306  v=4.5438  H=14.189  lr=1.8e-04
  W05 S1 [ 60.5%]  π=-0.0500  v=1.3556  H=14.189  lr=1.2e-04
  W05 S1 [ 80.6%]  π=-0.0212  v=4.6180  H=14.189  lr=6.6e-05
  W05 S1  val_reward=+161.09  val_port=$495,611
  W05 S2 [ 20.2%]  π=-0.0538  v=4.0301  H=14.189  lr=2.4e-04
  W05 S2 [ 40.3%]  π=-0.0164  v=16.5541  H=14.189  lr=1.8e-04
  W05 S2 [ 60.5%]  π=-0.0444  v=1.9935  H=14.189  lr=1.2e-04
  W05 S2 [ 80.6%]  π=-0.0289  v=2.4031  H=14.189  lr=6.6e-05
  W05 S2  val_reward=+159.87  val_port=$487,537
  W05 S3 [ 20.2%]  π=-0.0555  v=3.6090  H=14.189  lr=2.4e-04
  W05 S3 [ 40.3%]  π=-0.0157  v=31.7402  H=14.189  lr=1.8e-04
  W05 S3 [ 60.5%]  π=-0.0078  v=157.3683  H=14.189  lr=1.2e-04
  W05 S3 [ 80.6%]  π=-0.0325  v=2.3440  H=14.189  lr=6.6e-05
  W05 S3  val_reward=+158.51  val_port=$479,830
  W05 S4 [ 20.2%]  π=-0.0512  v=3.8127  H=14.189  lr=2.4e-04
  W05 S4 [ 40.3%]  π=-0.0456  v=2.6801  H=14.189  lr=1.8e-04
  W05 S4 [ 60.5%]  π=-0.0252  v=8.0062  H=14.189  lr=1.2e-04
  W05 S4 [ 80.6%]  π=-0.0176  v=7.4412  H=14.189  lr=6.6e-05
  W05 S4  val_reward=+162.81  val_port=$489,593
  Saved checkpoints/window_05.pt  (val_reward=+164.4435)

================================================================
Window 06  train [2012-01-01 → 2017-01-01]  val [2017-01-01 → 2018-01-01]
================================================================
  W06 S0 [ 20.2%]  π=-0.0563  v=3.6089  H=14.189  lr=2.4e-04
  W06 S0 [ 40.3%]  π=-0.0371  v=5.3255  H=14.189  lr=1.8e-04
  W06 S0 [ 60.5%]  π=-0.0450  v=2.3557  H=14.189  lr=1.2e-04
  W06 S0 [ 80.6%]  π=-0.0370  v=2.1649  H=14.189  lr=6.6e-05
  W06 S0  val_reward=+182.11  val_port=$381,202
  W06 S1 [ 20.2%]  π=-0.0458  v=4.3338  H=14.189  lr=2.4e-04
  W06 S1 [ 40.3%]  π=-0.0446  v=2.9766  H=14.189  lr=1.8e-04
  W06 S1 [ 60.5%]  π=-0.0133  v=56.1152  H=14.189  lr=1.2e-04
  W06 S1 [ 80.6%]  π=-0.0195  v=12.1371  H=14.189  lr=6.6e-05
  W06 S1  val_reward=+175.18  val_port=$373,851
  W06 S2 [ 20.2%]  π=-0.0189  v=27.9856  H=14.189  lr=2.4e-04
  W06 S2 [ 40.3%]  π=-0.0386  v=3.2573  H=14.189  lr=1.8e-04
  W06 S2 [ 60.5%]  π=-0.0335  v=3.9011  H=14.189  lr=1.2e-04
  W06 S2 [ 80.6%]  π=-0.0483  v=0.8196  H=14.189  lr=6.6e-05
  W06 S2  val_reward=+184.90  val_port=$379,945
  W06 S3 [ 20.2%]  π=-0.0447  v=4.8887  H=14.189  lr=2.4e-04
  W06 S3 [ 40.3%]  π=-0.0411  v=2.6759  H=14.189  lr=1.8e-04
  W06 S3 [ 60.5%]  π=-0.0587  v=1.4512  H=14.189  lr=1.2e-04
  W06 S3 [ 80.6%]  π=-0.0265  v=3.1518  H=14.189  lr=6.6e-05
  W06 S3  val_reward=+186.31  val_port=$379,184
  W06 S4 [ 20.2%]  π=-0.0401  v=4.9663  H=14.189  lr=2.4e-04
  W06 S4 [ 40.3%]  π=-0.0531  v=1.6557  H=14.189  lr=1.8e-04
  W06 S4 [ 60.5%]  π=-0.0511  v=1.6533  H=14.189  lr=1.2e-04
  W06 S4 [ 80.6%]  π=-0.0184  v=9.0548  H=14.189  lr=6.6e-05
  W06 S4  val_reward=+184.60  val_port=$376,392
  Saved checkpoints/window_06.pt  (val_reward=+186.3082)

================================================================
Window 07  train [2013-01-01 → 2018-01-01]  val [2018-01-01 → 2019-01-01]
================================================================
  W07 S0 [ 20.2%]  π=-0.0505  v=3.5942  H=14.189  lr=2.4e-04
  W07 S0 [ 40.3%]  π=-0.0529  v=1.7871  H=14.189  lr=1.8e-04
  W07 S0 [ 60.5%]  π=-0.0569  v=1.4274  H=14.189  lr=1.2e-04
  W07 S0 [ 80.6%]  π=-0.0292  v=4.5348  H=14.189  lr=6.6e-05
  W07 S0  val_reward=+176.22  val_port=$404,147
  W07 S1 [ 20.2%]  π=-0.0184  v=25.2530  H=14.189  lr=2.4e-04
  W07 S1 [ 40.3%]  π=-0.0512  v=2.9577  H=14.189  lr=1.8e-04
  W07 S1 [ 60.5%]  π=-0.0366  v=3.6829  H=14.189  lr=1.2e-04
  W07 S1 [ 80.6%]  π=-0.0383  v=2.6068  H=14.189  lr=6.6e-05
  W07 S1  val_reward=+176.48  val_port=$400,674
  W07 S2 [ 20.2%]  π=-0.0623  v=2.3193  H=14.189  lr=2.4e-04
  W07 S2 [ 40.3%]  π=-0.0418  v=3.0978  H=14.189  lr=1.8e-04
  W07 S2 [ 60.5%]  π=-0.0138  v=25.1649  H=14.189  lr=1.2e-04
  W07 S2 [ 80.6%]  π=-0.0315  v=3.6021  H=14.189  lr=6.6e-05
  W07 S2  val_reward=+176.90  val_port=$402,972
  W07 S3 [ 20.2%]  π=-0.0607  v=3.4211  H=14.189  lr=2.4e-04
  W07 S3 [ 40.3%]  π=-0.0575  v=1.5591  H=14.189  lr=1.8e-04
  W07 S3 [ 60.5%]  π=-0.0437  v=3.0191  H=14.189  lr=1.2e-04
  W07 S3 [ 80.6%]  π=-0.0412  v=2.4188  H=14.189  lr=6.6e-05
  W07 S3  val_reward=+179.24  val_port=$390,632
  W07 S4 [ 20.2%]  π=-0.0599  v=2.4019  H=14.189  lr=2.4e-04
  W07 S4 [ 40.3%]  π=-0.0487  v=2.4841  H=14.189  lr=1.8e-04
  W07 S4 [ 60.5%]  π=-0.0555  v=1.9388  H=14.189  lr=1.2e-04
  W07 S4 [ 80.6%]  π=-0.0414  v=2.3747  H=14.189  lr=6.6e-05
  W07 S4  val_reward=+180.16  val_port=$404,537
  Saved checkpoints/window_07.pt  (val_reward=+180.1635)

================================================================
Window 08  train [2014-01-01 → 2019-01-01]  val [2019-01-01 → 2020-01-01]
================================================================
  W08 S0 [ 20.2%]  π=-0.0474  v=4.7715  H=14.189  lr=2.4e-04
  W08 S0 [ 40.3%]  π=-0.0189  v=23.3791  H=14.189  lr=1.8e-04
  W08 S0 [ 60.5%]  π=-0.0220  v=12.7151  H=14.189  lr=1.2e-04
  W08 S0 [ 80.6%]  π=-0.0497  v=1.2668  H=14.189  lr=6.6e-05
  W08 S0  val_reward=+160.57  val_port=$455,045
  W08 S1 [ 20.2%]  π=-0.0250  v=33.4069  H=14.189  lr=2.4e-04
  W08 S1 [ 40.3%]  π=-0.0470  v=3.4863  H=14.189  lr=1.8e-04
  W08 S1 [ 60.5%]  π=-0.0329  v=4.3910  H=14.189  lr=1.2e-04
  W08 S1 [ 80.6%]  π=-0.0483  v=1.5283  H=14.189  lr=6.6e-05
  W08 S1  val_reward=+166.73  val_port=$451,957
  W08 S2 [ 20.2%]  π=-0.0435  v=3.4848  H=14.189  lr=2.4e-04
  W08 S2 [ 40.3%]  π=-0.0500  v=3.9779  H=14.189  lr=1.8e-04
  W08 S2 [ 60.5%]  π=-0.0072  v=122.0909  H=14.189  lr=1.2e-04
  W08 S2 [ 80.6%]  π=-0.0517  v=1.3523  H=14.189  lr=6.6e-05
