Device: cpu

Loading market data...
Loaded 4026 trading days, 9 sectors.

================================================================
Window 00  train [2006-01-01 → 2011-01-01]  val [2011-01-01 → 2012-01-01]
================================================================
  W00 S0 [ 20.2%]  π=-0.0106  v=214.7654  H=14.101  lr=2.4e-04
  W00 S0 [ 40.3%]  π=-0.0317  v=3.3144  H=14.189  lr=1.8e-04
  W00 S0 [ 60.5%]  π=-0.0087  v=170.1270  H=14.189  lr=1.2e-04
  W00 S0 [ 80.6%]  π=-0.0220  v=4.1138  H=14.189  lr=6.6e-05
  W00 S0  val_reward=+36.20  val_port=$105,309
  W00 S1 [ 20.2%]  π=-0.0218  v=11.9622  H=13.635  lr=2.4e-04
  W00 S1 [ 40.3%]  π=-0.0127  v=42.4933  H=14.189  lr=1.8e-04
  W00 S1 [ 60.5%]  π=-0.0103  v=119.7554  H=14.189  lr=1.2e-04
  W00 S1 [ 80.6%]  π=-0.0177  v=12.1915  H=14.189  lr=6.6e-05
  W00 S1  val_reward=+43.45  val_port=$92,801
  W00 S2 [ 20.2%]  π=-0.0128  v=47.4314  H=14.032  lr=2.4e-04
  W00 S2 [ 40.3%]  π=-0.0121  v=100.7231  H=14.189  lr=1.8e-04
  W00 S2 [ 60.5%]  π=-0.0183  v=18.1756  H=14.189  lr=1.2e-04
  W00 S2 [ 80.6%]  π=-0.0094  v=98.3298  H=14.189  lr=6.6e-05
  W00 S2  val_reward=+29.55  val_port=$101,597
  W00 S3 [ 20.2%]  π=-0.0082  v=698.0564  H=14.015  lr=2.4e-04
  W00 S3 [ 40.3%]  π=-0.0275  v=9.2933  H=14.189  lr=1.8e-04
  W00 S3 [ 60.5%]  π=-0.0064  v=366.6911  H=14.189  lr=1.2e-04
  W00 S3 [ 80.6%]  π=-0.0227  v=10.5109  H=14.189  lr=6.6e-05
  W00 S3  val_reward=+25.87  val_port=$97,881
  W00 S4 [ 20.2%]  π=-0.0179  v=28.7052  H=13.949  lr=2.4e-04
  W00 S4 [ 40.3%]  π=-0.0039  v=6573.9997  H=14.189  lr=1.8e-04
  W00 S4 [ 60.5%]  π=-0.0126  v=67.2671  H=14.189  lr=1.2e-04
  W00 S4 [ 80.6%]  π=-0.0100  v=43.1357  H=14.189  lr=6.6e-05
  W00 S4  val_reward=+79.37  val_port=$91,728
  Saved checkpoints/window_00.pt  (val_reward=+79.3704)

================================================================
Window 01  train [2007-01-01 → 2012-01-01]  val [2012-01-01 → 2013-01-01]
================================================================
  W01 S0 [ 20.2%]  π=-0.0066  v=1244.9220  H=14.189  lr=2.4e-04
  W01 S0 [ 40.3%]  π=-0.0309  v=4.8160  H=14.189  lr=1.8e-04
  W01 S0 [ 60.5%]  π=-0.0087  v=190.3303  H=14.189  lr=1.2e-04
  W01 S0 [ 80.6%]  π=-0.0056  v=241.0742  H=14.189  lr=6.6e-05
  W01 S0  val_reward=+64.01  val_port=$108,649
  W01 S1 [ 20.2%]  π=-0.0180  v=22.1061  H=14.189  lr=2.4e-04
  W01 S1 [ 40.3%]  π=-0.0140  v=17.1555  H=14.189  lr=1.8e-04
  W01 S1 [ 60.5%]  π=-0.0335  v=3.1705  H=14.189  lr=1.2e-04
  W01 S1 [ 80.6%]  π=-0.0237  v=6.2734  H=14.189  lr=6.6e-05
  W01 S1  val_reward=+20.75  val_port=$114,916
  W01 S2 [ 20.2%]  π=-0.0093  v=139.9142  H=14.189  lr=2.4e-04
  W01 S2 [ 40.3%]  π=-0.0380  v=4.7118  H=14.189  lr=1.8e-04
  W01 S2 [ 60.5%]  π=-0.0199  v=13.8114  H=14.189  lr=1.2e-04
  W01 S2 [ 80.6%]  π=-0.0060  v=334.0911  H=14.189  lr=6.6e-05
  W01 S2  val_reward=-164.84  val_port=$117,454
  W01 S3 [ 20.2%]  π=-0.0067  v=532.0865  H=14.189  lr=2.4e-04
  W01 S3 [ 40.3%]  π=-0.0352  v=5.0302  H=14.189  lr=1.8e-04
  W01 S3 [ 60.5%]  π=-0.0193  v=17.3300  H=14.189  lr=1.2e-04
  W01 S3 [ 80.6%]  π=-0.0088  v=84.2943  H=14.189  lr=6.6e-05
  W01 S3  val_reward=+313.08  val_port=$115,818
  W01 S4 [ 20.2%]  π=-0.0349  v=3.8322  H=14.189  lr=2.4e-04
  W01 S4 [ 40.3%]  π=-0.0390  v=2.7109  H=14.189  lr=1.8e-04
  W01 S4 [ 60.5%]  π=-0.0055  v=649.3198  H=14.189  lr=1.2e-04
  W01 S4 [ 80.6%]  π=-0.0286  v=3.7361  H=14.189  lr=6.6e-05
  W01 S4  val_reward=+37.08  val_port=$114,503
  Saved checkpoints/window_01.pt  (val_reward=+313.0783)

================================================================
Window 02  train [2008-01-01 → 2013-01-01]  val [2013-01-01 → 2014-01-01]
================================================================
  W02 S0 [ 20.2%]  π=-0.0132  v=52.3795  H=14.189  lr=2.4e-04
  W02 S0 [ 40.3%]  π=-0.0122  v=55.1677  H=14.189  lr=1.8e-04
  W02 S0 [ 60.5%]  π=-0.0267  v=5.6791  H=14.189  lr=1.2e-04
  W02 S0 [ 80.6%]  π=-0.0173  v=17.4401  H=14.189  lr=6.6e-05
  W02 S0  val_reward=-11.78  val_port=$113,978
  W02 S1 [ 20.2%]  π=-0.0404  v=3.6073  H=14.189  lr=2.4e-04
  W02 S1 [ 40.3%]  π=-0.0252  v=16.5445  H=14.189  lr=1.8e-04
  W02 S1 [ 60.5%]  π=-0.0344  v=3.6594  H=14.189  lr=1.2e-04
  W02 S1 [ 80.6%]  π=-0.0357  v=3.1055  H=14.189  lr=6.6e-05
  W02 S1  val_reward=-4.35  val_port=$115,096
  W02 S2 [ 20.2%]  π=-0.0251  v=10.8749  H=14.189  lr=2.4e-04
  W02 S2 [ 40.3%]  π=-0.0501  v=2.1744  H=14.189  lr=1.8e-04
  W02 S2 [ 60.5%]  π=-0.0274  v=7.5399  H=14.189  lr=1.2e-04
  W02 S2 [ 80.6%]  π=-0.0299  v=4.8459  H=14.189  lr=6.6e-05
  W02 S2  val_reward=+33.81  val_port=$120,714
  W02 S3 [ 20.2%]  π=-0.0115  v=125.3982  H=14.189  lr=2.4e-04
  W02 S3 [ 40.3%]  π=-0.0378  v=3.8689  H=14.189  lr=1.8e-04
  W02 S3 [ 60.5%]  π=-0.0193  v=18.4258  H=14.189  lr=1.2e-04
  W02 S3 [ 80.6%]  π=-0.0286  v=3.6526  H=14.189  lr=6.6e-05
  W02 S3  val_reward=+1.97  val_port=$123,961
  W02 S4 [ 20.2%]  π=-0.0177  v=24.9036  H=14.189  lr=2.4e-04
  W02 S4 [ 40.3%]  π=-0.0221  v=15.7715  H=14.189  lr=1.8e-04
  W02 S4 [ 60.5%]  π=-0.0223  v=19.7512  H=14.189  lr=1.2e-04
  W02 S4 [ 80.6%]  π=-0.0134  v=49.5973  H=14.189  lr=6.6e-05
  W02 S4  val_reward=-181.37  val_port=$114,034
  Saved checkpoints/window_02.pt  (val_reward=+33.8105)

================================================================
Window 03  train [2009-01-01 → 2014-01-01]  val [2014-01-01 → 2015-01-01]
================================================================
  W03 S0 [ 20.2%]  π=-0.0205  v=31.3858  H=14.189  lr=2.4e-04
  W03 S0 [ 40.3%]  π=-0.0124  v=58.1336  H=14.189  lr=1.8e-04
  W03 S0 [ 60.5%]  π=-0.0123  v=29.0017  H=14.189  lr=1.2e-04
  W03 S0 [ 80.6%]  π=-0.0353  v=3.8766  H=14.189  lr=6.6e-05
  W03 S0  val_reward=+31.31  val_port=$109,692
  W03 S1 [ 20.2%]  π=-0.0347  v=8.0505  H=14.189  lr=2.4e-04
  W03 S1 [ 40.3%]  π=-0.0452  v=4.1186  H=14.189  lr=1.8e-04
  W03 S1 [ 60.5%]  π=-0.0347  v=4.6940  H=14.189  lr=1.2e-04
  W03 S1 [ 80.6%]  π=-0.0162  v=32.3372  H=14.189  lr=6.6e-05
  W03 S1  val_reward=-43.86  val_port=$104,787
  W03 S2 [ 20.2%]  π=-0.0227  v=16.5616  H=14.189  lr=2.4e-04
  W03 S2 [ 40.3%]  π=-0.0086  v=130.8690  H=14.189  lr=1.8e-04
  W03 S2 [ 60.5%]  π=-0.0049  v=822.4006  H=14.189  lr=1.2e-04
  W03 S2 [ 80.6%]  π=-0.0197  v=6.0482  H=14.189  lr=6.6e-05
  W03 S2  val_reward=+19.45  val_port=$98,746
  W03 S3 [ 20.2%]  π=-0.0218  v=15.5638  H=14.189  lr=2.4e-04
  W03 S3 [ 40.3%]  π=-0.0350  v=4.8804  H=14.189  lr=1.8e-04
  W03 S3 [ 60.5%]  π=-0.0273  v=9.2921  H=14.189  lr=1.2e-04
  W03 S3 [ 80.6%]  π=-0.0205  v=12.7967  H=14.189  lr=6.6e-05
  W03 S3  val_reward=+56.37  val_port=$108,992
  W03 S4 [ 20.2%]  π=-0.0283  v=11.4026  H=14.189  lr=2.4e-04
  W03 S4 [ 40.3%]  π=-0.0274  v=9.1639  H=14.189  lr=1.8e-04
  W03 S4 [ 60.5%]  π=-0.0101  v=83.4496  H=14.189  lr=1.2e-04
  W03 S4 [ 80.6%]  π=-0.0183  v=11.7201  H=14.189  lr=6.6e-05
  W03 S4  val_reward=+39.56  val_port=$105,709
  Saved checkpoints/window_03.pt  (val_reward=+56.3654)

================================================================
Window 04  train [2010-01-01 → 2015-01-01]  val [2015-01-01 → 2016-01-01]
================================================================
  W04 S0 [ 20.2%]  π=-0.0359  v=4.8263  H=14.189  lr=2.4e-04
  W04 S0 [ 40.3%]  π=-0.0070  v=204.9568  H=14.189  lr=1.8e-04
  W04 S0 [ 60.5%]  π=-0.0151  v=34.3299  H=14.189  lr=1.2e-04
  W04 S0 [ 80.6%]  π=-0.0236  v=11.4444  H=14.189  lr=6.6e-05
  W04 S0  val_reward=+36.42  val_port=$90,364
  W04 S1 [ 20.2%]  π=-0.0425  v=4.2138  H=14.189  lr=2.4e-04
  W04 S1 [ 40.3%]  π=-0.0245  v=12.2772  H=14.189  lr=1.8e-04
  W04 S1 [ 60.5%]  π=-0.0323  v=6.6135  H=14.189  lr=1.2e-04
  W04 S1 [ 80.6%]  π=-0.0197  v=12.6681  H=14.189  lr=6.6e-05
  W04 S1  val_reward=+63.24  val_port=$82,539
  W04 S2 [ 20.2%]  π=-0.0455  v=2.1024  H=14.189  lr=2.4e-04
  W04 S2 [ 40.3%]  π=-0.0181  v=18.6551  H=14.189  lr=1.8e-04
  W04 S2 [ 60.5%]  π=-0.0131  v=31.1239  H=14.189  lr=1.2e-04
  W04 S2 [ 80.6%]  π=-0.0251  v=6.3734  H=14.189  lr=6.6e-05
  W04 S2  val_reward=-9.88  val_port=$82,049
  W04 S3 [ 20.2%]  π=-0.0271  v=12.0204  H=14.189  lr=2.4e-04
  W04 S3 [ 40.3%]  π=-0.0325  v=5.2564  H=14.189  lr=1.8e-04
  W04 S3 [ 60.5%]  π=-0.0356  v=3.4991  H=14.189  lr=1.2e-04
  W04 S3 [ 80.6%]  π=-0.0147  v=17.0496  H=14.189  lr=6.6e-05
  W04 S3  val_reward=+88.24  val_port=$88,989
  W04 S4 [ 20.2%]  π=-0.0124  v=55.9972  H=14.189  lr=2.4e-04
  W04 S4 [ 40.3%]  π=-0.0400  v=2.5459  H=14.189  lr=1.8e-04
  W04 S4 [ 60.5%]  π=-0.0282  v=6.0912  H=14.189  lr=1.2e-04
  W04 S4 [ 80.6%]  π=-0.0211  v=9.8328  H=14.189  lr=6.6e-05
  W04 S4  val_reward=+84.16  val_port=$92,032
  Saved checkpoints/window_04.pt  (val_reward=+88.2381)

================================================================
Window 05  train [2011-01-01 → 2016-01-01]  val [2016-01-01 → 2017-01-01]
================================================================
  W05 S0 [ 20.2%]  π=-0.0515  v=3.0398  H=14.189  lr=2.4e-04
  W05 S0 [ 40.3%]  π=-0.0117  v=70.9595  H=14.189  lr=1.8e-04
  W05 S0 [ 60.5%]  π=-0.0280  v=8.6692  H=14.189  lr=1.2e-04
  W05 S0 [ 80.6%]  π=-0.0145  v=37.2116  H=14.189  lr=6.6e-05
  W05 S0  val_reward=-28.88  val_port=$132,483
  W05 S1 [ 20.2%]  π=-0.0073  v=266.4283  H=14.189  lr=2.4e-04
  W05 S1 [ 40.3%]  π=-0.0257  v=10.9197  H=14.189  lr=1.8e-04
  W05 S1 [ 60.5%]  π=-0.0100  v=181.2652  H=14.189  lr=1.2e-04
  W05 S1 [ 80.6%]  π=-0.0287  v=5.5096  H=14.189  lr=6.6e-05
  W05 S1  val_reward=-65.83  val_port=$116,474
  W05 S2 [ 20.2%]  π=-0.0362  v=7.4466  H=14.189  lr=2.4e-04
  W05 S2 [ 40.3%]  π=-0.0111  v=109.1632  H=14.189  lr=1.8e-04
  W05 S2 [ 60.5%]  π=-0.0169  v=23.3234  H=14.189  lr=1.2e-04
  W05 S2 [ 80.6%]  π=-0.0416  v=1.9264  H=14.189  lr=6.6e-05
  W05 S2  val_reward=-80.39  val_port=$118,222
  W05 S3 [ 20.2%]  π=-0.0439  v=6.8434  H=14.189  lr=2.4e-04
  W05 S3 [ 40.3%]  π=-0.0226  v=11.0617  H=14.189  lr=1.8e-04
  W05 S3 [ 60.5%]  π=-0.0187  v=18.2711  H=14.189  lr=1.2e-04
  W05 S3 [ 80.6%]  π=-0.0184  v=26.8283  H=14.189  lr=6.6e-05
  W05 S3  val_reward=-71.03  val_port=$121,975
  W05 S4 [ 20.2%]  π=-0.0301  v=8.8864  H=14.189  lr=2.4e-04
  W05 S4 [ 40.3%]  π=-0.0117  v=56.9115  H=14.189  lr=1.8e-04
  W05 S4 [ 60.5%]  π=-0.0448  v=1.9186  H=14.189  lr=1.2e-04
  W05 S4 [ 80.6%]  π=-0.0100  v=65.7183  H=14.189  lr=6.6e-05
  W05 S4  val_reward=-51.69  val_port=$118,650
  Saved checkpoints/window_05.pt  (val_reward=-28.8762)

================================================================
Window 06  train [2012-01-01 → 2017-01-01]  val [2017-01-01 → 2018-01-01]
================================================================
  W06 S0 [ 20.2%]  π=-0.0472  v=4.4961  H=14.189  lr=2.4e-04
  W06 S0 [ 40.3%]  π=-0.0243  v=15.6948  H=14.189  lr=1.8e-04
  W06 S0 [ 60.5%]  π=-0.0450  v=3.1089  H=14.189  lr=1.2e-04
  W06 S0 [ 80.6%]  π=-0.0339  v=4.4167  H=14.189  lr=6.6e-05
  W06 S0  val_reward=-90.77  val_port=$104,486
  W06 S1 [ 20.2%]  π=-0.0333  v=12.4208  H=14.189  lr=2.4e-04
  W06 S1 [ 40.3%]  π=-0.0444  v=4.0945  H=14.189  lr=1.8e-04
  W06 S1 [ 60.5%]  π=-0.0265  v=5.4485  H=14.189  lr=1.2e-04
  W06 S1 [ 80.6%]  π=-0.0109  v=35.3651  H=14.189  lr=6.6e-05
  W06 S1  val_reward=-88.14  val_port=$105,686
  W06 S2 [ 20.2%]  π=-0.0476  v=3.6571  H=14.189  lr=2.4e-04
  W06 S2 [ 40.3%]  π=-0.0416  v=6.8556  H=14.189  lr=1.8e-04
  W06 S2 [ 60.5%]  π=-0.0273  v=8.9883  H=14.189  lr=1.2e-04
  W06 S2 [ 80.6%]  π=-0.0257  v=7.8885  H=14.189  lr=6.6e-05
  W06 S2  val_reward=-5.52  val_port=$109,470
  W06 S3 [ 20.2%]  π=-0.0125  v=77.6643  H=14.189  lr=2.4e-04
  W06 S3 [ 40.3%]  π=-0.0393  v=3.8995  H=14.189  lr=1.8e-04
  W06 S3 [ 60.5%]  π=-0.0248  v=11.7463  H=14.189  lr=1.2e-04
  W06 S3 [ 80.6%]  π=-0.0369  v=4.0088  H=14.189  lr=6.6e-05
  W06 S3  val_reward=-13.25  val_port=$111,589
  W06 S4 [ 20.2%]  π=-0.0210  v=23.1832  H=14.189  lr=2.4e-04
  W06 S4 [ 40.3%]  π=-0.0157  v=58.6068  H=14.189  lr=1.8e-04
  W06 S4 [ 60.5%]  π=-0.0494  v=2.2179  H=14.189  lr=1.2e-04
  W06 S4 [ 80.6%]  π=-0.0334  v=6.8416  H=14.189  lr=6.6e-05
  W06 S4  val_reward=+9.16  val_port=$111,758
  Saved checkpoints/window_06.pt  (val_reward=+9.1643)

================================================================
Window 07  train [2013-01-01 → 2018-01-01]  val [2018-01-01 → 2019-01-01]
================================================================
  W07 S0 [ 20.2%]  π=-0.0531  v=2.8916  H=14.189  lr=2.4e-04
  W07 S0 [ 40.3%]  π=-0.0385  v=5.0581  H=14.189  lr=1.8e-04
  W07 S0 [ 60.5%]  π=-0.0348  v=5.5901  H=14.189  lr=1.2e-04
  W07 S0 [ 80.6%]  π=-0.0361  v=3.2251  H=14.189  lr=6.6e-05
  W07 S0  val_reward=-76.37  val_port=$100,171
  W07 S1 [ 20.2%]  π=-0.0158  v=35.3847  H=14.189  lr=2.4e-04
  W07 S1 [ 40.3%]  π=-0.0134  v=34.5749  H=14.189  lr=1.8e-04
  W07 S1 [ 60.5%]  π=-0.0205  v=15.6272  H=14.189  lr=1.2e-04
  W07 S1 [ 80.6%]  π=-0.0412  v=3.2628  H=14.189  lr=6.6e-05
  W07 S1  val_reward=-33.99  val_port=$101,925
  W07 S2 [ 20.2%]  π=-0.0461  v=3.6019  H=14.189  lr=2.4e-04
  W07 S2 [ 40.3%]  π=-0.0144  v=46.9809  H=14.189  lr=1.8e-04
  W07 S2 [ 60.5%]  π=-0.0295  v=8.3775  H=14.189  lr=1.2e-04
  W07 S2 [ 80.6%]  π=-0.0072  v=134.6495  H=14.189  lr=6.6e-05
  W07 S2  val_reward=-46.90  val_port=$95,514
  W07 S3 [ 20.2%]  π=-0.0412  v=7.5321  H=14.189  lr=2.4e-04
  W07 S3 [ 40.3%]  π=-0.0202  v=27.1145  H=14.189  lr=1.8e-04
  W07 S3 [ 60.5%]  π=-0.0396  v=3.8555  H=14.189  lr=1.2e-04
  W07 S3 [ 80.6%]  π=-0.0104  v=53.3016  H=14.189  lr=6.6e-05
  W07 S3  val_reward=-28.25  val_port=$100,257
  W07 S4 [ 20.2%]  π=-0.0149  v=45.0535  H=14.189  lr=2.4e-04
  W07 S4 [ 40.3%]  π=-0.0175  v=53.9634  H=14.189  lr=1.8e-04
  W07 S4 [ 60.5%]  π=-0.0268  v=10.8766  H=14.189  lr=1.2e-04
  W07 S4 [ 80.6%]  π=-0.0078  v=69.9587  H=14.189  lr=6.6e-05
  W07 S4  val_reward=-34.23  val_port=$101,049
  Saved checkpoints/window_07.pt  (val_reward=-28.2518)

================================================================
Window 08  train [2014-01-01 → 2019-01-01]  val [2019-01-01 → 2020-01-01]
================================================================
  W08 S0 [ 20.2%]  π=-0.0426  v=5.9832  H=14.189  lr=2.4e-04
  W08 S0 [ 40.3%]  π=-0.0469  v=4.3870  H=14.189  lr=1.8e-04
  W08 S0 [ 60.5%]  π=-0.0237  v=15.2082  H=14.189  lr=1.2e-04
  W08 S0 [ 80.6%]  π=-0.0319  v=5.2770  H=14.189  lr=6.6e-05
  W08 S0  val_reward=-10.45  val_port=$104,663
  W08 S1 [ 20.2%]  π=-0.0387  v=7.7354  H=14.189  lr=2.4e-04
  W08 S1 [ 40.3%]  π=-0.0153  v=94.5309  H=14.189  lr=1.8e-04
  W08 S1 [ 60.5%]  π=-0.0490  v=2.0297  H=14.189  lr=1.2e-04
  W08 S1 [ 80.6%]  π=-0.0234  v=16.5380  H=14.189  lr=6.6e-05
  W08 S1  val_reward=+278.62  val_port=$107,934
  W08 S2 [ 20.2%]  π=-0.0266  v=15.4192  H=14.189  lr=2.4e-04
  W08 S2 [ 40.3%]  π=-0.0286  v=12.6512  H=14.189  lr=1.8e-04
  W08 S2 [ 60.5%]  π=-0.0089  v=128.3570  H=14.189  lr=1.2e-04
  W08 S2 [ 80.6%]  π=-0.0249  v=4.5379  H=14.189  lr=6.6e-05
  W08 S2  val_reward=-12.35  val_port=$99,913
  W08 S3 [ 20.2%]  π=-0.0299  v=12.1053  H=14.189  lr=2.4e-04
  W08 S3 [ 40.3%]  π=-0.0176  v=32.5331  H=14.189  lr=1.8e-04
  W08 S3 [ 60.5%]  π=-0.0435  v=4.4076  H=14.189  lr=1.2e-04
  W08 S3 [ 80.6%]  π=-0.0429  v=3.3227  H=14.189  lr=6.6e-05
  W08 S3  val_reward=-4.05  val_port=$108,038
  W08 S4 [ 20.2%]  π=-0.0467  v=7.2929  H=14.189  lr=2.4e-04
  W08 S4 [ 40.3%]  π=-0.0302  v=14.7514  H=14.189  lr=1.8e-04
  W08 S4 [ 60.5%]  π=-0.0522  v=2.3029  H=14.189  lr=1.2e-04
  W08 S4 [ 80.6%]  π=-0.0263  v=9.5909  H=14.189  lr=6.6e-05
  W08 S4  val_reward=+1.97  val_port=$117,428
  Saved checkpoints/window_08.pt  (val_reward=+278.6213)

================================================================
Window 09  train [2015-01-01 → 2020-01-01]  val [2020-01-01 → 2021-01-01]
================================================================
  W09 S0 [ 20.2%]  π=-0.0467  v=5.0630  H=14.189  lr=2.4e-04
  W09 S0 [ 40.3%]  π=-0.0272  v=14.6357  H=14.189  lr=1.8e-04
  W09 S0 [ 60.5%]  π=-0.0293  v=7.6991  H=14.189  lr=1.2e-04
  W09 S0 [ 80.6%]  π=-0.0454  v=1.8234  H=14.189  lr=6.6e-05
  W09 S0  val_reward=+26.31  val_port=$123,251
  W09 S1 [ 20.2%]  π=-0.0266  v=26.0453  H=14.189  lr=2.4e-04
  W09 S1 [ 40.3%]  π=-0.0559  v=2.1163  H=14.189  lr=1.8e-04
  W09 S1 [ 60.5%]  π=-0.0188  v=19.8767  H=14.189  lr=1.2e-04
  W09 S1 [ 80.6%]  π=-0.0430  v=2.3061  H=14.189  lr=6.6e-05
  W09 S1  val_reward=+17.45  val_port=$100,757
  W09 S2 [ 20.2%]  π=-0.0231  v=18.8186  H=14.189  lr=2.4e-04
  W09 S2 [ 40.3%]  π=-0.0438  v=4.8635  H=14.189  lr=1.8e-04
  W09 S2 [ 60.5%]  π=-0.0181  v=24.8792  H=14.189  lr=1.2e-04
  W09 S2 [ 80.6%]  π=-0.0196  v=12.6953  H=14.189  lr=6.6e-05
  W09 S2  val_reward=+26.30  val_port=$118,997
  W09 S3 [ 20.2%]  π=-0.0361  v=9.2169  H=14.189  lr=2.4e-04
  W09 S3 [ 40.3%]  π=-0.0492  v=4.0007  H=14.189  lr=1.8e-04
  W09 S3 [ 60.5%]  π=-0.0214  v=9.8589  H=14.189  lr=1.2e-04
  W09 S3 [ 80.6%]  π=-0.0330  v=5.6228  H=14.189  lr=6.6e-05
  W09 S3  val_reward=+16.63  val_port=$110,146
  W09 S4 [ 20.2%]  π=-0.0452  v=4.6947  H=14.189  lr=2.4e-04
  W09 S4 [ 40.3%]  π=-0.0228  v=26.9913  H=14.189  lr=1.8e-04
  W09 S4 [ 60.5%]  π=-0.0369  v=5.0173  H=14.189  lr=1.2e-04
  W09 S4 [ 80.6%]  π=-0.0095  v=72.3604  H=14.189  lr=6.6e-05
  W09 S4  val_reward=+11.70  val_port=$98,552
  Saved checkpoints/window_09.pt  (val_reward=+26.3134)
