Device: cpu

Loading market data...
Loaded 4026 trading days, 9 sectors.

================================================================
Window 00  train [2006-01-01 → 2011-01-01]  val [2011-01-01 → 2012-01-01]
================================================================
  belief fit on train [60:1258] (bear/neu/bull mean over train: [0.176 0.423 0.401])
  ns-model fit: regime dof v_k=[ 6.8 11.9  8.5]
  W00 S0 [ 20.2%]  π=-0.0176  v=24.8404  H=2.079  lr=2.4e-04
  W00 S0 [ 40.3%]  π=-0.0024  v=1200.4363  H=-0.308  lr=1.8e-04
  W00 S0 [ 60.5%]  π=-0.0131  v=242.9692  H=-2.279  lr=1.2e-04
  W00 S0 [ 80.6%]  π=-0.0219  v=11.4988  H=-3.574  lr=6.6e-05
  W00 S0  val_reward=-44.34  val_port=$92,110
  W00 S1 [ 20.2%]  π=-0.0248  v=13.7670  H=1.312  lr=2.4e-04
  W00 S1 [ 40.3%]  π=-0.0201  v=11.0132  H=-1.099  lr=1.8e-04
  W00 S1 [ 60.5%]  π=-0.0219  v=24.5691  H=-2.980  lr=1.2e-04
  W00 S1 [ 80.6%]  π=-0.0348  v=3.6619  H=-4.444  lr=6.6e-05
  W00 S1  val_reward=+28.89  val_port=$105,219
  W00 S2 [ 20.2%]  π=-0.0185  v=22.4225  H=1.808  lr=2.4e-04
  W00 S2 [ 40.3%]  π=-0.0170  v=3052.8189  H=-0.682  lr=1.8e-04
  W00 S2 [ 60.5%]  π=-0.0140  v=584.5377  H=-2.323  lr=1.2e-04
  W00 S2 [ 80.6%]  π=-0.0106  v=554.3564  H=-3.725  lr=6.6e-05
  W00 S2  val_reward=+15.87  val_port=$97,857
  W00 S3 [ 20.2%]  π=-0.0185  v=35.4858  H=1.620  lr=2.4e-04
  W00 S3 [ 40.3%]  π=-0.0188  v=27.8441  H=-1.100  lr=1.8e-04
  W00 S3 [ 60.5%]  π=-0.0154  v=43.3724  H=-3.030  lr=1.2e-04
  W00 S3 [ 80.6%]  π=-0.0238  v=10.8008  H=-4.421  lr=6.6e-05
  W00 S3  val_reward=-6.49  val_port=$99,166
  W00 S4 [ 20.2%]  π=-0.0141  v=46.2716  H=1.101  lr=2.4e-04
  W00 S4 [ 40.3%]  π=-0.0216  v=12.4736  H=-1.423  lr=1.8e-04
  W00 S4 [ 60.5%]  π=-0.0103  v=1684.9400  H=-3.170  lr=1.2e-04
  W00 S4 [ 80.6%]  π=-0.0131  v=38.8600  H=-4.456  lr=6.6e-05
  W00 S4  val_reward=+2.95  val_port=$88,804
  Saved checkpoints/window_00.pt  (val_reward=+28.8868)

================================================================
Window 01  train [2007-01-01 → 2012-01-01]  val [2012-01-01 → 2013-01-01]
================================================================
  belief fit on train [250:1510] (bear/neu/bull mean over train: [0.236 0.406 0.358])
  ns-model fit: regime dof v_k=[ 6.5 10.8  9.2]
  W01 S0 [ 20.2%]  π=-0.0171  v=70.2252  H=-6.875  lr=2.4e-04
  W01 S0 [ 40.3%]  π=-0.0285  v=26.3164  H=-8.487  lr=1.8e-04
  W01 S0 [ 60.5%]  π=-0.0169  v=75.6617  H=-10.028  lr=1.2e-04
  W01 S0 [ 80.6%]  π=-0.0290  v=24.0751  H=-11.518  lr=6.6e-05
  W01 S0  val_reward=-26.08  val_port=$105,349
  W01 S1 [ 20.2%]  π=-0.0228  v=40.1178  H=-6.357  lr=2.4e-04
  W01 S1 [ 40.3%]  π=-0.0223  v=21.3845  H=-8.229  lr=1.8e-04
  W01 S1 [ 60.5%]  π=-0.0210  v=2450.5309  H=-9.664  lr=1.2e-04
  W01 S1 [ 80.6%]  π=-0.0067  v=7148.5583  H=-11.151  lr=6.6e-05
  W01 S1  val_reward=-30.83  val_port=$107,094
  W01 S2 [ 20.2%]  π=-0.0168  v=142.5312  H=-6.113  lr=2.4e-04
  W01 S2 [ 40.3%]  π=-0.0204  v=168.2349  H=-8.008  lr=1.8e-04
  W01 S2 [ 60.5%]  π=-0.0165  v=82.0144  H=-9.457  lr=1.2e-04
  W01 S2 [ 80.6%]  π=-0.0109  v=509.1997  H=-10.840  lr=6.6e-05
  W01 S2  val_reward=-3.72  val_port=$105,862
  W01 S3 [ 20.2%]  π=-0.0176  v=34.9403  H=-6.271  lr=2.4e-04
  W01 S3 [ 40.3%]  π=-0.0266  v=17.4407  H=-7.892  lr=1.8e-04
  W01 S3 [ 60.5%]  π=-0.0127  v=316.8063  H=-9.324  lr=1.2e-04
  W01 S3 [ 80.6%]  π=-0.0278  v=8.3093  H=-10.616  lr=6.6e-05
  W01 S3  val_reward=-10.80  val_port=$104,697
  W01 S4 [ 20.2%]  π=-0.0405  v=3.4393  H=-6.798  lr=2.4e-04
  W01 S4 [ 40.3%]  π=-0.0168  v=1170.3774  H=-8.113  lr=1.8e-04
  W01 S4 [ 60.5%]  π=-0.0196  v=75.8124  H=-9.618  lr=1.2e-04
  W01 S4 [ 80.6%]  π=-0.0156  v=15323.7721  H=-10.817  lr=6.6e-05
  W01 S4  val_reward=-9.27  val_port=$105,378
  Saved checkpoints/window_01.pt  (val_reward=-3.7151)

================================================================
Window 02  train [2008-01-01 → 2013-01-01]  val [2013-01-01 → 2014-01-01]
================================================================
  belief fit on train [501:1760] (bear/neu/bull mean over train: [0.237 0.394 0.369])
  ns-model fit: regime dof v_k=[ 6.7 11.8  9.9]
  W02 S0 [ 20.2%]  π=-0.0252  v=11.5647  H=-10.793  lr=2.4e-04
  W02 S0 [ 40.3%]  π=-0.0451  v=2.4189  H=-11.855  lr=1.8e-04
  W02 S0 [ 60.5%]  π=-0.0336  v=6.8755  H=-12.741  lr=1.2e-04
  W02 S0 [ 80.6%]  π=-0.0140  v=129.8573  H=-14.154  lr=6.6e-05
  W02 S0  val_reward=+32.44  val_port=$107,449
  W02 S1 [ 20.2%]  π=-0.0076  v=560.0437  H=-11.270  lr=2.4e-04
  W02 S1 [ 40.3%]  π=-0.0425  v=2.2227  H=-12.437  lr=1.8e-04
  W02 S1 [ 60.5%]  π=-0.0133  v=97.5519  H=-13.703  lr=1.2e-04
  W02 S1 [ 80.6%]  π=-0.0342  v=10.9918  H=-15.007  lr=6.6e-05
  W02 S1  val_reward=+32.77  val_port=$110,600
  W02 S2 [ 20.2%]  π=-0.0108  v=326.2952  H=-11.291  lr=2.4e-04
  W02 S2 [ 40.3%]  π=-0.0278  v=29.7270  H=-12.179  lr=1.8e-04
  W02 S2 [ 60.5%]  π=-0.0098  v=361.3474  H=-13.269  lr=1.2e-04
  W02 S2 [ 80.6%]  π=-0.0176  v=454.3238  H=-14.430  lr=6.6e-05
  W02 S2  val_reward=+35.59  val_port=$108,141
  W02 S3 [ 20.2%]  π=-0.0028  v=2797.6093  H=-11.432  lr=2.4e-04
  W02 S3 [ 40.3%]  π=-0.0190  v=84.9714  H=-12.238  lr=1.8e-04
  W02 S3 [ 60.5%]  π=-0.0238  v=23.6729  H=-13.309  lr=1.2e-04
  W02 S3 [ 80.6%]  π=-0.0178  v=152.0906  H=-14.511  lr=6.6e-05
  W02 S3  val_reward=+35.12  val_port=$111,303
  W02 S4 [ 20.2%]  π=-0.0095  v=347.2613  H=-11.077  lr=2.4e-04
  W02 S4 [ 40.3%]  π=-0.0259  v=20.4882  H=-11.709  lr=1.8e-04
  W02 S4 [ 60.5%]  π=-0.0153  v=308.8920  H=-12.699  lr=1.2e-04
  W02 S4 [ 80.6%]  π=-0.0267  v=23.4178  H=-13.894  lr=6.6e-05
  W02 S4  val_reward=+30.78  val_port=$110,209
  Saved checkpoints/window_02.pt  (val_reward=+35.5923)

================================================================
Window 03  train [2009-01-01 → 2014-01-01]  val [2014-01-01 → 2015-01-01]
================================================================
  belief fit on train [754:2012] (bear/neu/bull mean over train: [0.215 0.409 0.377])
  ns-model fit: regime dof v_k=[15.3 15.7 11.7]
  W03 S0 [ 20.2%]  π=-0.0140  v=42.1700  H=-14.610  lr=2.4e-04
  W03 S0 [ 40.3%]  π=-0.0110  v=59.3473  H=-15.184  lr=1.8e-04
  W03 S0 [ 60.5%]  π=-0.0352  v=5.7091  H=-16.230  lr=1.2e-04
  W03 S0 [ 80.6%]  π=-0.0259  v=33.1858  H=-17.525  lr=6.6e-05
  W03 S0  val_reward=+24.61  val_port=$100,357
  W03 S1 [ 20.2%]  π=-0.0159  v=33.8707  H=-14.503  lr=2.4e-04
  W03 S1 [ 40.3%]  π=-0.0169  v=126.5828  H=-15.044  lr=1.8e-04
  W03 S1 [ 60.5%]  π=-0.0213  v=26.5608  H=-16.191  lr=1.2e-04
  W03 S1 [ 80.6%]  π=-0.0163  v=113.6320  H=-17.460  lr=6.6e-05
  W03 S1  val_reward=+33.94  val_port=$99,100
  W03 S2 [ 20.2%]  π=-0.0145  v=88.7113  H=-13.876  lr=2.4e-04
  W03 S2 [ 40.3%]  π=-0.0394  v=3.4617  H=-14.526  lr=1.8e-04
  W03 S2 [ 60.5%]  π=-0.0113  v=135.6982  H=-15.504  lr=1.2e-04
  W03 S2 [ 80.6%]  π=-0.0090  v=748.4615  H=-16.661  lr=6.6e-05
  W03 S2  val_reward=+31.82  val_port=$95,545
  W03 S3 [ 20.2%]  π=-0.0327  v=5.8258  H=-14.118  lr=2.4e-04
  W03 S3 [ 40.3%]  π=-0.0437  v=2.5445  H=-14.540  lr=1.8e-04
  W03 S3 [ 60.5%]  π=-0.0156  v=158.9798  H=-15.669  lr=1.2e-04
  W03 S3 [ 80.6%]  π=-0.0348  v=5.7695  H=-16.958  lr=6.6e-05
  W03 S3  val_reward=-106.99  val_port=$100,886
  W03 S4 [ 20.2%]  π=-0.0205  v=36.8214  H=-14.082  lr=2.4e-04
  W03 S4 [ 40.3%]  π=-0.0182  v=173.0381  H=-14.458  lr=1.8e-04
  W03 S4 [ 60.5%]  π=-0.0249  v=27.8393  H=-15.401  lr=1.2e-04
  W03 S4 [ 80.6%]  π=-0.0343  v=5.9871  H=-16.717  lr=6.6e-05
  W03 S4  val_reward=-23.12  val_port=$99,550
  Saved checkpoints/window_03.pt  (val_reward=+33.9379)

================================================================
Window 04  train [2010-01-01 → 2015-01-01]  val [2015-01-01 → 2016-01-01]
================================================================
  belief fit on train [1006:2264] (bear/neu/bull mean over train: [0.184 0.391 0.425])
  ns-model fit: regime dof v_k=[ 8.9 12.7  9.4]
  W04 S0 [ 20.2%]  π=-0.0048  v=164.5589  H=-16.977  lr=2.4e-04
  W04 S0 [ 40.3%]  π=-0.0156  v=110.2698  H=-17.506  lr=1.8e-04
  W04 S0 [ 60.5%]  π=-0.0406  v=3.6137  H=-18.439  lr=1.2e-04
  W04 S0 [ 80.6%]  π=-0.0182  v=36.2772  H=-19.631  lr=6.6e-05
  W04 S0  val_reward=+19.53  val_port=$93,542
  W04 S1 [ 20.2%]  π=-0.0203  v=9.1578  H=-17.062  lr=2.4e-04
  W04 S1 [ 40.3%]  π=-0.0194  v=16.0404  H=-17.573  lr=1.8e-04
  W04 S1 [ 60.5%]  π=-0.0330  v=7.2146  H=-18.664  lr=1.2e-04
  W04 S1 [ 80.6%]  π=-0.0134  v=691.4071  H=-19.993  lr=6.6e-05
  W04 S1  val_reward=-1.55  val_port=$90,810
  W04 S2 [ 20.2%]  π=-0.0174  v=11.6213  H=-17.357  lr=2.4e-04
  W04 S2 [ 40.3%]  π=-0.0300  v=10.6189  H=-17.692  lr=1.8e-04
  W04 S2 [ 60.5%]  π=-0.0201  v=25.3351  H=-18.588  lr=1.2e-04
  W04 S2 [ 80.6%]  π=-0.0248  v=14.5973  H=-19.813  lr=6.6e-05
  W04 S2  val_reward=+17.67  val_port=$94,864
  W04 S3 [ 20.2%]  π=-0.0261  v=8.7394  H=-17.284  lr=2.4e-04
  W04 S3 [ 40.3%]  π=-0.0046  v=3969.9947  H=-16.992  lr=1.8e-04
  W04 S3 [ 60.5%]  π=-0.0276  v=11.4968  H=-17.995  lr=1.2e-04
  W04 S3 [ 80.6%]  π=-0.0212  v=43.3254  H=-19.209  lr=6.6e-05
  W04 S3  val_reward=+5.15  val_port=$92,710
  W04 S4 [ 20.2%]  π=-0.0397  v=3.8373  H=-16.869  lr=2.4e-04
  W04 S4 [ 40.3%]  π=-0.0309  v=3.6788  H=-17.295  lr=1.8e-04
  W04 S4 [ 60.5%]  π=-0.0377  v=3.8791  H=-18.254  lr=1.2e-04
  W04 S4 [ 80.6%]  π=-0.0445  v=3.0390  H=-19.524  lr=6.6e-05
  W04 S4  val_reward=+43.98  val_port=$97,337
  Saved checkpoints/window_04.pt  (val_reward=+43.9769)

================================================================
Window 05  train [2011-01-01 → 2016-01-01]  val [2016-01-01 → 2017-01-01]
================================================================
  belief fit on train [1258:2516] (bear/neu/bull mean over train: [0.161 0.455 0.384])
  ns-model fit: regime dof v_k=[ 7.7 15.5  9.8]
  W05 S0 [ 20.2%]  π=-0.0334  v=8.9617  H=-18.809  lr=2.4e-04
  W05 S0 [ 40.3%]  π=-0.0289  v=5.2446  H=-18.270  lr=1.8e-04
  W05 S0 [ 60.5%]  π=-0.0178  v=33.3036  H=-18.838  lr=1.2e-04
  W05 S0 [ 80.6%]  π=-0.0247  v=34.4986  H=-19.723  lr=6.6e-05
  W05 S0  val_reward=-70.78  val_port=$101,222
  W05 S1 [ 20.2%]  π=-0.0253  v=18.3131  H=-18.572  lr=2.4e-04
  W05 S1 [ 40.3%]  π=-0.0334  v=11.3568  H=-17.964  lr=1.8e-04
  W05 S1 [ 60.5%]  π=-0.0357  v=5.2617  H=-18.640  lr=1.2e-04
  W05 S1 [ 80.6%]  π=-0.0286  v=16.4555  H=-19.836  lr=6.6e-05
  W05 S1  val_reward=-80.46  val_port=$100,633
  W05 S2 [ 20.2%]  π=-0.0356  v=4.9192  H=-18.376  lr=2.4e-04
  W05 S2 [ 40.3%]  π=-0.0225  v=20.8576  H=-18.070  lr=1.8e-04
  W05 S2 [ 60.5%]  π=-0.0251  v=22.5520  H=-18.811  lr=1.2e-04
  W05 S2 [ 80.6%]  π=-0.0321  v=6.9270  H=-19.699  lr=6.6e-05
  W05 S2  val_reward=-80.49  val_port=$100,464
  W05 S3 [ 20.2%]  π=-0.0088  v=67.5032  H=-18.798  lr=2.4e-04
  W05 S3 [ 40.3%]  π=-0.0246  v=8.9402  H=-18.353  lr=1.8e-04
  W05 S3 [ 60.5%]  π=-0.0370  v=5.3121  H=-18.920  lr=1.2e-04
  W05 S3 [ 80.6%]  π=-0.0415  v=2.9345  H=-19.750  lr=6.6e-05
  W05 S3  val_reward=-137.15  val_port=$106,848
  W05 S4 [ 20.2%]  π=-0.0310  v=6.9744  H=-18.620  lr=2.4e-04
  W05 S4 [ 40.3%]  π=-0.0437  v=2.2299  H=-18.039  lr=1.8e-04
  W05 S4 [ 60.5%]  π=-0.0343  v=6.2063  H=-18.699  lr=1.2e-04
  W05 S4 [ 80.6%]  π=-0.0257  v=25.4675  H=-19.666  lr=6.6e-05
  W05 S4  val_reward=-63.60  val_port=$99,508
  Saved checkpoints/window_05.pt  (val_reward=-63.5988)

================================================================
Window 06  train [2012-01-01 → 2017-01-01]  val [2017-01-01 → 2018-01-01]
================================================================
  belief fit on train [1510:2768] (bear/neu/bull mean over train: [0.246 0.305 0.449])
  ns-model fit: regime dof v_k=[24.3 12.   9.4]
  W06 S0 [ 20.2%]  π=-0.0427  v=3.0933  H=-19.155  lr=2.4e-04
  W06 S0 [ 40.3%]  π=-0.0259  v=9.8965  H=-18.727  lr=1.8e-04
  W06 S0 [ 60.5%]  π=-0.0390  v=4.0123  H=-19.280  lr=1.2e-04
  W06 S0 [ 80.6%]  π=-0.0210  v=55.7614  H=-20.443  lr=6.6e-05
  W06 S0  val_reward=+19.12  val_port=$109,531
  W06 S1 [ 20.2%]  π=-0.0394  v=3.9515  H=-19.331  lr=2.4e-04
  W06 S1 [ 40.3%]  π=-0.0360  v=4.9347  H=-18.844  lr=1.8e-04
  W06 S1 [ 60.5%]  π=-0.0314  v=8.3532  H=-19.566  lr=1.2e-04
  W06 S1 [ 80.6%]  π=-0.0426  v=2.5322  H=-20.736  lr=6.6e-05
  W06 S1  val_reward=+24.39  val_port=$109,777
  W06 S2 [ 20.2%]  π=-0.0345  v=6.9628  H=-18.737  lr=2.4e-04
  W06 S2 [ 40.3%]  π=-0.0201  v=49.2438  H=-18.521  lr=1.8e-04
  W06 S2 [ 60.5%]  π=-0.0462  v=1.9311  H=-19.291  lr=1.2e-04
  W06 S2 [ 80.6%]  π=-0.0133  v=138.9241  H=-20.512  lr=6.6e-05
  W06 S2  val_reward=+25.66  val_port=$110,206
  W06 S3 [ 20.2%]  π=-0.0285  v=9.7782  H=-19.323  lr=2.4e-04
  W06 S3 [ 40.3%]  π=-0.0117  v=171.1332  H=-18.918  lr=1.8e-04
  W06 S3 [ 60.5%]  π=-0.0321  v=8.7047  H=-19.724  lr=1.2e-04
  W06 S3 [ 80.6%]  π=-0.0147  v=90.2975  H=-20.881  lr=6.6e-05
  W06 S3  val_reward=+14.11  val_port=$107,785
  W06 S4 [ 20.2%]  π=-0.0323  v=5.7169  H=-19.388  lr=2.4e-04
  W06 S4 [ 40.3%]  π=-0.0351  v=7.7366  H=-18.949  lr=1.8e-04
  W06 S4 [ 60.5%]  π=-0.0432  v=2.7054  H=-19.770  lr=1.2e-04
  W06 S4 [ 80.6%]  π=-0.0302  v=9.0278  H=-21.070  lr=6.6e-05
  W06 S4  val_reward=+10.15  val_port=$106,997
  Saved checkpoints/window_06.pt  (val_reward=+25.6569)

================================================================
Window 07  train [2013-01-01 → 2018-01-01]  val [2018-01-01 → 2019-01-01]
================================================================
  belief fit on train [1760:3019] (bear/neu/bull mean over train: [0.272 0.428 0.3  ])
  ns-model fit: regime dof v_k=[15.7 11.8  7.5]
  W07 S0 [ 20.2%]  π=-0.0254  v=10.0668  H=-20.126  lr=2.4e-04
  W07 S0 [ 40.3%]  π=-0.0355  v=5.2943  H=-20.114  lr=1.8e-04
  W07 S0 [ 60.5%]  π=-0.0125  v=115.2701  H=-20.844  lr=1.2e-04
  W07 S0 [ 80.6%]  π=-0.0328  v=11.8283  H=-22.140  lr=6.6e-05
  W07 S0  val_reward=-108.91  val_port=$88,552
  W07 S1 [ 20.2%]  π=-0.0421  v=3.5975  H=-20.416  lr=2.4e-04
  W07 S1 [ 40.3%]  π=-0.0151  v=30.0871  H=-19.960  lr=1.8e-04
  W07 S1 [ 60.5%]  π=-0.0360  v=6.0154  H=-20.848  lr=1.2e-04
  W07 S1 [ 80.6%]  π=-0.0256  v=27.8790  H=-22.072  lr=6.6e-05
  W07 S1  val_reward=-85.96  val_port=$90,465
  W07 S2 [ 20.2%]  π=-0.0163  v=20.1694  H=-20.399  lr=2.4e-04
  W07 S2 [ 40.3%]  π=-0.0424  v=2.8519  H=-20.443  lr=1.8e-04
  W07 S2 [ 60.5%]  π=-0.0505  v=1.9890  H=-21.037  lr=1.2e-04
  W07 S2 [ 80.6%]  π=-0.0360  v=3.4946  H=-22.094  lr=6.6e-05
  W07 S2  val_reward=-102.27  val_port=$90,827
  W07 S3 [ 20.2%]  π=-0.0335  v=6.0312  H=-20.146  lr=2.4e-04
  W07 S3 [ 40.3%]  π=-0.0283  v=13.0601  H=-20.068  lr=1.8e-04
  W07 S3 [ 60.5%]  π=-0.0210  v=27.4225  H=-20.671  lr=1.2e-04
  W07 S3 [ 80.6%]  π=-0.0442  v=2.6301  H=-21.948  lr=6.6e-05
  W07 S3  val_reward=-87.34  val_port=$90,932
  W07 S4 [ 20.2%]  π=-0.0237  v=12.1143  H=-20.018  lr=2.4e-04
  W07 S4 [ 40.3%]  π=-0.0305  v=7.7515  H=-20.228  lr=1.8e-04
  W07 S4 [ 60.5%]  π=-0.0261  v=14.4268  H=-21.063  lr=1.2e-04
  W07 S4 [ 80.6%]  π=-0.0362  v=5.9759  H=-22.443  lr=6.6e-05
  W07 S4  val_reward=-112.32  val_port=$91,534
  Saved checkpoints/window_07.pt  (val_reward=-85.9628)

================================================================
Window 08  train [2014-01-01 → 2019-01-01]  val [2019-01-01 → 2020-01-01]
================================================================
  belief fit on train [2012:3270] (bear/neu/bull mean over train: [0.293 0.328 0.379])
  ns-model fit: regime dof v_k=[14.5 10.1 10.3]
  W08 S0 [ 20.2%]  π=-0.0170  v=28.7727  H=-20.440  lr=2.4e-04
  W08 S0 [ 40.3%]  π=-0.0379  v=5.1727  H=-20.200  lr=1.8e-04
  W08 S0 [ 60.5%]  π=-0.0386  v=2.9214  H=-21.000  lr=1.2e-04
  W08 S0 [ 80.6%]  π=-0.0167  v=156.4876  H=-22.104  lr=6.6e-05
  W08 S0  val_reward=+5.63  val_port=$110,489
  W08 S1 [ 20.2%]  π=-0.0172  v=22.4190  H=-20.357  lr=2.4e-04
  W08 S1 [ 40.3%]  π=-0.0099  v=388.8001  H=-19.890  lr=1.8e-04
  W08 S1 [ 60.5%]  π=-0.0320  v=7.5294  H=-20.441  lr=1.2e-04
  W08 S1 [ 80.6%]  π=-0.0323  v=13.5876  H=-21.579  lr=6.6e-05
  W08 S1  val_reward=+3.10  val_port=$109,653
  W08 S2 [ 20.2%]  π=-0.0340  v=4.2585  H=-20.853  lr=2.4e-04
  W08 S2 [ 40.3%]  π=-0.0148  v=98.1689  H=-20.177  lr=1.8e-04
  W08 S2 [ 60.5%]  π=-0.0387  v=3.8477  H=-21.021  lr=1.2e-04
  W08 S2 [ 80.6%]  π=-0.0335  v=12.7424  H=-22.198  lr=6.6e-05
  W08 S2  val_reward=+7.81  val_port=$111,138
  W08 S3 [ 20.2%]  π=-0.0006  v=891.0893  H=-20.884  lr=2.4e-04
  W08 S3 [ 40.3%]  π=-0.0109  v=153.2955  H=-20.399  lr=1.8e-04
  W08 S3 [ 60.5%]  π=-0.0297  v=12.3246  H=-20.808  lr=1.2e-04
  W08 S3 [ 80.6%]  π=-0.0305  v=13.2724  H=-22.102  lr=6.6e-05
  W08 S3  val_reward=+5.33  val_port=$110,545
  W08 S4 [ 20.2%]  π=-0.0389  v=4.9537  H=-20.591  lr=2.4e-04
  W08 S4 [ 40.3%]  π=-0.0254  v=16.7318  H=-20.041  lr=1.8e-04
  W08 S4 [ 60.5%]  π=-0.0347  v=7.5795  H=-20.886  lr=1.2e-04
  W08 S4 [ 80.6%]  π=-0.0185  v=107.7305  H=-22.071  lr=6.6e-05
  W08 S4  val_reward=+11.71  val_port=$112,461
  Saved checkpoints/window_08.pt  (val_reward=+11.7064)

================================================================
Window 09  train [2015-01-01 → 2020-01-01]  val [2020-01-01 → 2021-01-01]
================================================================
  belief fit on train [2264:3522] (bear/neu/bull mean over train: [0.319 0.357 0.324])
  ns-model fit: regime dof v_k=[13.1 12.1  9.5]
  W09 S0 [ 20.2%]  π=-0.0173  v=18.6252  H=-20.045  lr=2.4e-04
  W09 S0 [ 40.3%]  π=-0.0270  v=32.7878  H=-19.675  lr=1.8e-04
  W09 S0 [ 60.5%]  π=-0.0187  v=49.8076  H=-20.327  lr=1.2e-04
  W09 S0 [ 80.6%]  π=-0.0324  v=15.0810  H=-21.428  lr=6.6e-05
  W09 S0  val_reward=-1.10  val_port=$92,871
  W09 S1 [ 20.2%]  π=-0.0059  v=64.9104  H=-20.267  lr=2.4e-04
  W09 S1 [ 40.3%]  π=-0.0327  v=4.9226  H=-20.096  lr=1.8e-04
  W09 S1 [ 60.5%]  π=-0.0192  v=31.0590  H=-20.674  lr=1.2e-04
  W09 S1 [ 80.6%]  π=-0.0209  v=64.5709  H=-21.736  lr=6.6e-05
  W09 S1  val_reward=-28.57  val_port=$104,834
  W09 S2 [ 20.2%]  π=-0.0298  v=7.4062  H=-20.259  lr=2.4e-04
  W09 S2 [ 40.3%]  π=-0.0167  v=73.2429  H=-20.052  lr=1.8e-04
  W09 S2 [ 60.5%]  π=-0.0397  v=4.3672  H=-20.685  lr=1.2e-04
  W09 S2 [ 80.6%]  π=-0.0167  v=105.2688  H=-22.112  lr=6.6e-05
  W09 S2  val_reward=+42.95  val_port=$94,254
  W09 S3 [ 20.2%]  π=-0.0277  v=8.9826  H=-19.983  lr=2.4e-04
  W09 S3 [ 40.3%]  π=-0.0315  v=9.5049  H=-19.955  lr=1.8e-04
  W09 S3 [ 60.5%]  π=-0.0236  v=21.2096  H=-20.579  lr=1.2e-04
  W09 S3 [ 80.6%]  π=-0.0380  v=7.4477  H=-21.757  lr=6.6e-05
  W09 S3  val_reward=+2.44  val_port=$99,619
  W09 S4 [ 20.2%]  π=-0.0455  v=3.4266  H=-19.895  lr=2.4e-04
  W09 S4 [ 40.3%]  π=-0.0323  v=10.5751  H=-20.158  lr=1.8e-04
  W09 S4 [ 60.5%]  π=-0.0380  v=4.9414  H=-20.641  lr=1.2e-04
  W09 S4 [ 80.6%]  π=-0.0357  v=6.3210  H=-22.062  lr=6.6e-05
  W09 S4  val_reward=+85.95  val_port=$97,141
  Saved checkpoints/window_09.pt  (val_reward=+85.9504)
