Device: cpu

Loading market data...
Loaded 4026 trading days, 9 sectors.

================================================================
Window 00  train [2006-01-01 → 2011-01-01]  val [2011-01-01 → 2012-01-01]
================================================================
  belief fit on train [60:1258] (bear/neu/bull mean over train: [0.176 0.423 0.401])
  ns-model fit: regime dof v_k=[ 6.8 11.9  8.5]
  W00 S0 [ 20.2%]  π=-0.0176  v=24.8404  H=2.079  lr=2.4e-04
  W00 S0 [ 40.3%]  π=-0.0024  v=1200.4363  H=-0.308  lr=1.8e-04
  W00 S0 [ 60.5%]  π=-0.0131  v=242.9692  H=-2.279  lr=1.2e-04
  W00 S0 [ 80.6%]  π=-0.0219  v=11.4988  H=-3.574  lr=6.6e-05
  W00 S0  val_reward=-44.34  val_port=$92,110
  W00 S1 [ 20.2%]  π=-0.0248  v=13.7670  H=1.312  lr=2.4e-04
  W00 S1 [ 40.3%]  π=-0.0201  v=11.0132  H=-1.099  lr=1.8e-04
  W00 S1 [ 60.5%]  π=-0.0219  v=24.5691  H=-2.980  lr=1.2e-04
  W00 S1 [ 80.6%]  π=-0.0348  v=3.6619  H=-4.444  lr=6.6e-05
  W00 S1  val_reward=+28.89  val_port=$105,219
  W00 S2 [ 20.2%]  π=-0.0185  v=22.4225  H=1.808  lr=2.4e-04
  W00 S2 [ 40.3%]  π=-0.0170  v=3052.8189  H=-0.682  lr=1.8e-04
  W00 S2 [ 60.5%]  π=-0.0140  v=584.5377  H=-2.323  lr=1.2e-04
  W00 S2 [ 80.6%]  π=-0.0106  v=554.3564  H=-3.725  lr=6.6e-05
  W00 S2  val_reward=+15.87  val_port=$97,857
  W00 S3 [ 20.2%]  π=-0.0185  v=35.4858  H=1.620  lr=2.4e-04
  W00 S3 [ 40.3%]  π=-0.0188  v=27.8441  H=-1.100  lr=1.8e-04
  W00 S3 [ 60.5%]  π=-0.0154  v=43.3724  H=-3.030  lr=1.2e-04
  W00 S3 [ 80.6%]  π=-0.0238  v=10.8008  H=-4.421  lr=6.6e-05
  W00 S3  val_reward=-6.49  val_port=$99,166
  W00 S4 [ 20.2%]  π=-0.0141  v=46.2716  H=1.101  lr=2.4e-04
  W00 S4 [ 40.3%]  π=-0.0216  v=12.4736  H=-1.423  lr=1.8e-04
  W00 S4 [ 60.5%]  π=-0.0103  v=1684.9400  H=-3.170  lr=1.2e-04
  W00 S4 [ 80.6%]  π=-0.0131  v=38.8600  H=-4.456  lr=6.6e-05
  W00 S4  val_reward=+2.95  val_port=$88,804
  Saved checkpoints/window_00.pt  (val_reward=+28.8868)

================================================================
Window 01  train [2007-01-01 → 2012-01-01]  val [2012-01-01 → 2013-01-01]
================================================================
  belief fit on train [250:1510] (bear/neu/bull mean over train: [0.236 0.406 0.358])
  ns-model fit: regime dof v_k=[ 6.5 10.8  9.2]
  W01 S0 [ 20.2%]  π=-0.0171  v=70.2252  H=-6.875  lr=2.4e-04
  W01 S0 [ 40.3%]  π=-0.0285  v=26.3164  H=-8.487  lr=1.8e-04
  W01 S0 [ 60.5%]  π=-0.0169  v=75.6617  H=-10.028  lr=1.2e-04
  W01 S0 [ 80.6%]  π=-0.0290  v=24.0751  H=-11.518  lr=6.6e-05
  W01 S0  val_reward=-26.08  val_port=$105,349
  W01 S1 [ 20.2%]  π=-0.0228  v=40.1178  H=-6.357  lr=2.4e-04
  W01 S1 [ 40.3%]  π=-0.0223  v=21.3845  H=-8.229  lr=1.8e-04
  W01 S1 [ 60.5%]  π=-0.0210  v=2450.5309  H=-9.664  lr=1.2e-04
  W01 S1 [ 80.6%]  π=-0.0067  v=7148.5583  H=-11.151  lr=6.6e-05
  W01 S1  val_reward=-30.83  val_port=$107,094
  W01 S2 [ 20.2%]  π=-0.0168  v=142.5312  H=-6.113  lr=2.4e-04
  W01 S2 [ 40.3%]  π=-0.0204  v=168.2349  H=-8.008  lr=1.8e-04
  W01 S2 [ 60.5%]  π=-0.0165  v=82.0144  H=-9.457  lr=1.2e-04
  W01 S2 [ 80.6%]  π=-0.0109  v=509.1997  H=-10.840  lr=6.6e-05
  W01 S2  val_reward=-3.72  val_port=$105,862
  W01 S3 [ 20.2%]  π=-0.0176  v=34.9403  H=-6.271  lr=2.4e-04
  W01 S3 [ 40.3%]  π=-0.0266  v=17.4407  H=-7.892  lr=1.8e-04
  W01 S3 [ 60.5%]  π=-0.0127  v=316.8063  H=-9.324  lr=1.2e-04
  W01 S3 [ 80.6%]  π=-0.0278  v=8.3093  H=-10.616  lr=6.6e-05
  W01 S3  val_reward=-10.80  val_port=$104,697
  W01 S4 [ 20.2%]  π=-0.0405  v=3.4393  H=-6.798  lr=2.4e-04
  W01 S4 [ 40.3%]  π=-0.0168  v=1170.3774  H=-8.113  lr=1.8e-04
  W01 S4 [ 60.5%]  π=-0.0196  v=75.8124  H=-9.618  lr=1.2e-04
  W01 S4 [ 80.6%]  π=-0.0156  v=15323.7721  H=-10.817  lr=6.6e-05
  W01 S4  val_reward=-9.27  val_port=$105,378
  Saved checkpoints/window_01.pt  (val_reward=-3.7151)

================================================================
Window 02  train [2008-01-01 → 2013-01-01]  val [2013-01-01 → 2014-01-01]
================================================================
  belief fit on train [501:1760] (bear/neu/bull mean over train: [0.237 0.394 0.369])
  ns-model fit: regime dof v_k=[ 6.7 11.8  9.9]
  W02 S0 [ 20.2%]  π=-0.0252  v=11.5647  H=-10.793  lr=2.4e-04
  W02 S0 [ 40.3%]  π=-0.0451  v=2.4189  H=-11.855  lr=1.8e-04
  W02 S0 [ 60.5%]  π=-0.0336  v=6.8755  H=-12.741  lr=1.2e-04
  W02 S0 [ 80.6%]  π=-0.0140  v=129.8573  H=-14.154  lr=6.6e-05
  W02 S0  val_reward=+32.44  val_port=$107,449
  W02 S1 [ 20.2%]  π=-0.0076  v=560.0437  H=-11.270  lr=2.4e-04
  W02 S1 [ 40.3%]  π=-0.0425  v=2.2227  H=-12.437  lr=1.8e-04
  W02 S1 [ 60.5%]  π=-0.0133  v=97.5519  H=-13.703  lr=1.2e-04
  W02 S1 [ 80.6%]  π=-0.0342  v=10.9918  H=-15.007  lr=6.6e-05
  W02 S1  val_reward=+32.77  val_port=$110,600
  W02 S2 [ 20.2%]  π=-0.0108  v=326.2952  H=-11.291  lr=2.4e-04
  W02 S2 [ 40.3%]  π=-0.0278  v=29.7270  H=-12.179  lr=1.8e-04
  W02 S2 [ 60.5%]  π=-0.0098  v=361.3474  H=-13.269  lr=1.2e-04
  W02 S2 [ 80.6%]  π=-0.0176  v=454.3238  H=-14.430  lr=6.6e-05
  W02 S2  val_reward=+35.59  val_port=$108,141
  W02 S3 [ 20.2%]  π=-0.0028  v=2797.6093  H=-11.432  lr=2.4e-04
  W02 S3 [ 40.3%]  π=-0.0190  v=84.9714  H=-12.238  lr=1.8e-04
  W02 S3 [ 60.5%]  π=-0.0238  v=23.6729  H=-13.309  lr=1.2e-04
  W02 S3 [ 80.6%]  π=-0.0178  v=152.0906  H=-14.511  lr=6.6e-05
  W02 S3  val_reward=+35.12  val_port=$111,303
  W02 S4 [ 20.2%]  π=-0.0095  v=347.2613  H=-11.077  lr=2.4e-04
  W02 S4 [ 40.3%]  π=-0.0259  v=20.4882  H=-11.709  lr=1.8e-04
  W02 S4 [ 60.5%]  π=-0.0153  v=308.8920  H=-12.699  lr=1.2e-04
  W02 S4 [ 80.6%]  π=-0.0267  v=23.4178  H=-13.894  lr=6.6e-05
  W02 S4  val_reward=+30.78  val_port=$110,209
  Saved checkpoints/window_02.pt  (val_reward=+35.5923)

================================================================
Window 03  train [2009-01-01 → 2014-01-01]  val [2014-01-01 → 2015-01-01]
================================================================
  belief fit on train [754:2012] (bear/neu/bull mean over train: [0.215 0.409 0.377])
  ns-model fit: regime dof v_k=[15.3 15.7 11.7]
  W03 S0 [ 20.2%]  π=-0.0140  v=42.1700  H=-14.610  lr=2.4e-04
  W03 S0 [ 40.3%]  π=-0.0110  v=59.3473  H=-15.184  lr=1.8e-04
  W03 S0 [ 60.5%]  π=-0.0352  v=5.7091  H=-16.230  lr=1.2e-04
  W03 S0 [ 80.6%]  π=-0.0259  v=33.1858  H=-17.525  lr=6.6e-05
  W03 S0  val_reward=+24.61  val_port=$100,357
  W03 S1 [ 20.2%]  π=-0.0159  v=33.8707  H=-14.503  lr=2.4e-04
  W03 S1 [ 40.3%]  π=-0.0169  v=126.5828  H=-15.044  lr=1.8e-04
  W03 S1 [ 60.5%]  π=-0.0213  v=26.5608  H=-16.191  lr=1.2e-04
  W03 S1 [ 80.6%]  π=-0.0163  v=113.6320  H=-17.460  lr=6.6e-05
  W03 S1  val_reward=+33.94  val_port=$99,100
  W03 S2 [ 20.2%]  π=-0.0145  v=88.7113  H=-13.876  lr=2.4e-04
  W03 S2 [ 40.3%]  π=-0.0394  v=3.4617  H=-14.526  lr=1.8e-04
  W03 S2 [ 60.5%]  π=-0.0113  v=135.6982  H=-15.504  lr=1.2e-04
  W03 S2 [ 80.6%]  π=-0.0090  v=748.4615  H=-16.661  lr=6.6e-05
  W03 S2  val_reward=+31.82  val_port=$95,545
  W03 S3 [ 20.2%]  π=-0.0327  v=5.8258  H=-14.118  lr=2.4e-04
  W03 S3 [ 40.3%]  π=-0.0437  v=2.5445  H=-14.540  lr=1.8e-04
  W03 S3 [ 60.5%]  π=-0.0156  v=158.9798  H=-15.669  lr=1.2e-04
  W03 S3 [ 80.6%]  π=-0.0348  v=5.7695  H=-16.958  lr=6.6e-05
  W03 S3  val_reward=-106.99  val_port=$100,886
  W03 S4 [ 20.2%]  π=-0.0205  v=36.8214  H=-14.082  lr=2.4e-04
  W03 S4 [ 40.3%]  π=-0.0182  v=173.0381  H=-14.458  lr=1.8e-04
  W03 S4 [ 60.5%]  π=-0.0249  v=27.8393  H=-15.401  lr=1.2e-04
  W03 S4 [ 80.6%]  π=-0.0343  v=5.9871  H=-16.717  lr=6.6e-05
  W03 S4  val_reward=-23.12  val_port=$99,550
  Saved checkpoints/window_03.pt  (val_reward=+33.9379)

================================================================
Window 04  train [2010-01-01 → 2015-01-01]  val [2015-01-01 → 2016-01-01]
================================================================
  belief fit on train [1006:2264] (bear/neu/bull mean over train: [0.184 0.391 0.425])
  ns-model fit: regime dof v_k=[ 8.9 12.7  9.4]
  W04 S0 [ 20.2%]  π=-0.0048  v=164.5589  H=-16.977  lr=2.4e-04
  W04 S0 [ 40.3%]  π=-0.0156  v=110.2698  H=-17.506  lr=1.8e-04
  W04 S0 [ 60.5%]  π=-0.0406  v=3.6137  H=-18.439  lr=1.2e-04
  W04 S0 [ 80.6%]  π=-0.0182  v=36.2772  H=-19.631  lr=6.6e-05
  W04 S0  val_reward=+19.53  val_port=$93,542
  W04 S1 [ 20.2%]  π=-0.0203  v=9.1578  H=-17.062  lr=2.4e-04
  W04 S1 [ 40.3%]  π=-0.0194  v=16.0404  H=-17.573  lr=1.8e-04
