Device: cpu

Loading market data...
Loaded 4026 trading days, 9 sectors.

================================================================
Window 00  train [2006-01-01 → 2011-01-01]  val [2011-01-01 → 2012-01-01]
================================================================
  belief fit on train [60:1258] (bear/neu/bull mean over train: [0.176 0.423 0.401])
  ns-model fit: regime dof v_k=[ 6.8 11.9  8.5]
  W00 S0 [ 20.2%]  π=-0.0181  v=32.2554  H=1.583  lr=2.4e-04
  W00 S0 [ 40.3%]  π=-0.0086  v=320.6928  H=-1.111  lr=1.8e-04
  W00 S0 [ 60.5%]  π=-0.0145  v=180.6599  H=-3.043  lr=1.2e-04
  W00 S0 [ 80.6%]  π=-0.0117  v=214.1488  H=-4.402  lr=6.6e-05
  W00 S0  val_reward=-12.25  val_port=$98,721
  W00 S1 [ 20.2%]  π=-0.0271  v=16.5205  H=1.460  lr=2.4e-04
  W00 S1 [ 40.3%]  π=-0.0209  v=20.2766  H=-1.135  lr=1.8e-04
  W00 S1 [ 60.5%]  π=-0.0161  v=571.6625  H=-3.270  lr=1.2e-04
  W00 S1 [ 80.6%]  π=-0.0290  v=10.4256  H=-4.745  lr=6.6e-05
  W00 S1  val_reward=+9.13  val_port=$100,034
  W00 S2 [ 20.2%]  π=-0.0284  v=10.6353  H=1.854  lr=2.4e-04
  W00 S2 [ 40.3%]  π=-0.0301  v=30.4737  H=-1.059  lr=1.8e-04
  W00 S2 [ 60.5%]  π=-0.0227  v=24.8813  H=-3.232  lr=1.2e-04
  W00 S2 [ 80.6%]  π=-0.0183  v=47.5781  H=-4.943  lr=6.6e-05
  W00 S2  val_reward=+15.32  val_port=$101,578
  W00 S3 [ 20.2%]  π=-0.0093  v=466.3878  H=1.462  lr=2.4e-04
  W00 S3 [ 40.3%]  π=-0.0201  v=28.4888  H=-1.099  lr=1.8e-04
  W00 S3 [ 60.5%]  π=-0.0223  v=19.2537  H=-3.227  lr=1.2e-04
  W00 S3 [ 80.6%]  π=-0.0183  v=80.1572  H=-4.768  lr=6.6e-05
  W00 S3  val_reward=-3.23  val_port=$82,259
  W00 S4 [ 20.2%]  π=-0.0125  v=132.8353  H=1.197  lr=2.4e-04
  W00 S4 [ 40.3%]  π=-0.0205  v=75.7119  H=-1.356  lr=1.8e-04
  W00 S4 [ 60.5%]  π=-0.0111  v=582.3146  H=-3.188  lr=1.2e-04
  W00 S4 [ 80.6%]  π=-0.0137  v=79.1991  H=-4.419  lr=6.6e-05
  W00 S4  val_reward=-23.63  val_port=$102,850
  Saved checkpoints/window_00.pt  (val_reward=+15.3215)

================================================================
Window 01  train [2007-01-01 → 2012-01-01]  val [2012-01-01 → 2013-01-01]
================================================================
  belief fit on train [250:1510] (bear/neu/bull mean over train: [0.236 0.406 0.358])
  ns-model fit: regime dof v_k=[ 6.5 10.8  9.2]
  W01 S0 [ 20.2%]  π=-0.0198  v=217.1059  H=-7.569  lr=2.4e-04
  W01 S0 [ 40.3%]  π=-0.0294  v=67.3327  H=-8.888  lr=1.8e-04
  W01 S0 [ 60.5%]  π=-0.0119  v=868.8384  H=-10.161  lr=1.2e-04
  W01 S0 [ 80.6%]  π=-0.0321  v=9.9452  H=-11.454  lr=6.6e-05
  W01 S0  val_reward=-24.40  val_port=$108,528
  W01 S1 [ 20.2%]  π=-0.0216  v=60.2035  H=-7.234  lr=2.4e-04
  W01 S1 [ 40.3%]  π=-0.0213  v=66.1011  H=-8.890  lr=1.8e-04
  W01 S1 [ 60.5%]  π=-0.0289  v=18.4697  H=-10.174  lr=1.2e-04
  W01 S1 [ 80.6%]  π=-0.0113  v=784.7101  H=-11.610  lr=6.6e-05
  W01 S1  val_reward=-9.31  val_port=$110,367
  W01 S2 [ 20.2%]  π=-0.0293  v=19.0602  H=-7.425  lr=2.4e-04
  W01 S2 [ 40.3%]  π=-0.0219  v=92.2755  H=-9.094  lr=1.8e-04
  W01 S2 [ 60.5%]  π=-0.0203  v=55.3744  H=-10.670  lr=1.2e-04
  W01 S2 [ 80.6%]  π=-0.0158  v=115.3482  H=-12.175  lr=6.6e-05
  W01 S2  val_reward=-37.25  val_port=$108,629
  W01 S3 [ 20.2%]  π=-0.0083  v=11009.5188  H=-7.471  lr=2.4e-04
  W01 S3 [ 40.3%]  π=-0.0178  v=89.5401  H=-8.983  lr=1.8e-04
  W01 S3 [ 60.5%]  π=-0.0204  v=62.6984  H=-10.306  lr=1.2e-04
  W01 S3 [ 80.6%]  π=-0.0293  v=23.7227  H=-11.569  lr=6.6e-05
  W01 S3  val_reward=-14.42  val_port=$110,768
  W01 S4 [ 20.2%]  π=-0.0228  v=187.9175  H=-7.377  lr=2.4e-04
  W01 S4 [ 40.3%]  π=-0.0446  v=4.3808  H=-9.044  lr=1.8e-04
  W01 S4 [ 60.5%]  π=-0.0283  v=18.0135  H=-10.519  lr=1.2e-04
  W01 S4 [ 80.6%]  π=-0.0185  v=290.3720  H=-11.772  lr=6.6e-05
  W01 S4  val_reward=-23.49  val_port=$110,766
  Saved checkpoints/window_01.pt  (val_reward=-9.3061)

================================================================
Window 02  train [2008-01-01 → 2013-01-01]  val [2013-01-01 → 2014-01-01]
================================================================
  belief fit on train [501:1760] (bear/neu/bull mean over train: [0.237 0.394 0.369])
  ns-model fit: regime dof v_k=[ 6.7 11.8  9.9]
  W02 S0 [ 20.2%]  π=-0.0320  v=19.9611  H=-11.583  lr=2.4e-04
  W02 S0 [ 40.3%]  π=-0.0242  v=31.5835  H=-12.283  lr=1.8e-04
  W02 S0 [ 60.5%]  π=-0.0231  v=21.4560  H=-13.051  lr=1.2e-04
  W02 S0 [ 80.6%]  π=-0.0127  v=510.9435  H=-14.077  lr=6.6e-05
  W02 S0  val_reward=+56.78  val_port=$116,189
  W02 S1 [ 20.2%]  π=-0.0171  v=5211.0490  H=-12.185  lr=2.4e-04
  W02 S1 [ 40.3%]  π=-0.0290  v=20.4114  H=-12.839  lr=1.8e-04
  W02 S1 [ 60.5%]  π=-0.0142  v=111.9698  H=-13.941  lr=1.2e-04
  W02 S1 [ 80.6%]  π=-0.0181  v=79.1098  H=-15.230  lr=6.6e-05
  W02 S1  val_reward=+75.30  val_port=$119,671
  W02 S2 [ 20.2%]  π=-0.0205  v=60.6693  H=-12.007  lr=2.4e-04
  W02 S2 [ 40.3%]  π=-0.0432  v=6.2663  H=-12.516  lr=1.8e-04
  W02 S2 [ 60.5%]  π=-0.0107  v=883.4195  H=-13.264  lr=1.2e-04
  W02 S2 [ 80.6%]  π=-0.0199  v=58.3889  H=-14.562  lr=6.6e-05
  W02 S2  val_reward=+116.16  val_port=$121,933
  W02 S3 [ 20.2%]  π=-0.0076  v=872.6576  H=-11.899  lr=2.4e-04
  W02 S3 [ 40.3%]  π=-0.0077  v=676.5494  H=-12.159  lr=1.8e-04
  W02 S3 [ 60.5%]  π=-0.0273  v=19.5150  H=-13.100  lr=1.2e-04
  W02 S3 [ 80.6%]  π=-0.0152  v=971.5666  H=-14.068  lr=6.6e-05
  W02 S3  val_reward=+90.82  val_port=$116,996
  W02 S4 [ 20.2%]  π=-0.0079  v=3751.0721  H=-12.174  lr=2.4e-04
  W02 S4 [ 40.3%]  π=-0.0103  v=153.9745  H=-12.367  lr=1.8e-04
  W02 S4 [ 60.5%]  π=-0.0144  v=490.6122  H=-13.511  lr=1.2e-04
  W02 S4 [ 80.6%]  π=-0.0083  v=1156.1128  H=-14.625  lr=6.6e-05
  W02 S4  val_reward=+73.79  val_port=$116,304
  Saved checkpoints/window_02.pt  (val_reward=+116.1560)

================================================================
Window 03  train [2009-01-01 → 2014-01-01]  val [2014-01-01 → 2015-01-01]
================================================================
  belief fit on train [754:2012] (bear/neu/bull mean over train: [0.215 0.409 0.377])
  ns-model fit: regime dof v_k=[15.3 15.7 11.7]
  W03 S0 [ 20.2%]  π=-0.0286  v=24.9269  H=-14.676  lr=2.4e-04
  W03 S0 [ 40.3%]  π=-0.0327  v=14.4109  H=-15.652  lr=1.8e-04
  W03 S0 [ 60.5%]  π=-0.0213  v=68.2059  H=-16.420  lr=1.2e-04
  W03 S0 [ 80.6%]  π=-0.0339  v=10.1498  H=-17.532  lr=6.6e-05
  W03 S0  val_reward=+80.22  val_port=$111,068
  W03 S1 [ 20.2%]  π=-0.0343  v=9.7691  H=-15.051  lr=2.4e-04
  W03 S1 [ 40.3%]  π=-0.0460  v=5.6627  H=-15.426  lr=1.8e-04
  W03 S1 [ 60.5%]  π=-0.0339  v=7.2147  H=-16.253  lr=1.2e-04
  W03 S1 [ 80.6%]  π=-0.0144  v=142.2634  H=-17.377  lr=6.6e-05
  W03 S1  val_reward=+42.38  val_port=$109,917
  W03 S2 [ 20.2%]  π=-0.0328  v=25.5640  H=-14.676  lr=2.4e-04
  W03 S2 [ 40.3%]  π=-0.0474  v=3.2597  H=-15.094  lr=1.8e-04
  W03 S2 [ 60.5%]  π=-0.0205  v=31.9856  H=-15.835  lr=1.2e-04
  W03 S2 [ 80.6%]  π=-0.0116  v=472.7530  H=-16.881  lr=6.6e-05
  W03 S2  val_reward=+16.21  val_port=$107,049
  W03 S3 [ 20.2%]  π=-0.0370  v=7.8993  H=-14.757  lr=2.4e-04
  W03 S3 [ 40.3%]  π=-0.0422  v=4.3572  H=-15.369  lr=1.8e-04
  W03 S3 [ 60.5%]  π=-0.0162  v=60.3049  H=-16.329  lr=1.2e-04
  W03 S3 [ 80.6%]  π=-0.0343  v=8.4310  H=-17.474  lr=6.6e-05
  W03 S3  val_reward=+15.36  val_port=$107,825
  W03 S4 [ 20.2%]  π=-0.0378  v=14.3231  H=-14.748  lr=2.4e-04
  W03 S4 [ 40.3%]  π=-0.0295  v=26.1951  H=-15.305  lr=1.8e-04
  W03 S4 [ 60.5%]  π=-0.0108  v=4378.6958  H=-16.176  lr=1.2e-04
  W03 S4 [ 80.6%]  π=-0.0122  v=986.9211  H=-17.495  lr=6.6e-05
  W03 S4  val_reward=+31.67  val_port=$112,181
  Saved checkpoints/window_03.pt  (val_reward=+80.2197)

================================================================
Window 04  train [2010-01-01 → 2015-01-01]  val [2015-01-01 → 2016-01-01]
================================================================
  belief fit on train [1006:2264] (bear/neu/bull mean over train: [0.184 0.391 0.425])
  ns-model fit: regime dof v_k=[ 8.9 12.7  9.4]
  W04 S0 [ 20.2%]  π=-0.0066  v=365.9101  H=-16.925  lr=2.4e-04
  W04 S0 [ 40.3%]  π=-0.0296  v=21.3968  H=-16.957  lr=1.8e-04
  W04 S0 [ 60.5%]  π=-0.0463  v=9.0693  H=-17.887  lr=1.2e-04
  W04 S0 [ 80.6%]  π=-0.0231  v=66.2514  H=-18.989  lr=6.6e-05
  W04 S0  val_reward=-3.41  val_port=$86,346
  W04 S1 [ 20.2%]  π=-0.0299  v=7.3203  H=-17.387  lr=2.4e-04
  W04 S1 [ 40.3%]  π=-0.0268  v=23.1852  H=-17.263  lr=1.8e-04
  W04 S1 [ 60.5%]  π=-0.0212  v=18.6324  H=-17.709  lr=1.2e-04
  W04 S1 [ 80.6%]  π=-0.0317  v=22.2327  H=-18.741  lr=6.6e-05
  W04 S1  val_reward=+2.62  val_port=$90,043
  W04 S2 [ 20.2%]  π=-0.0238  v=37.2067  H=-16.953  lr=2.4e-04
  W04 S2 [ 40.3%]  π=-0.0250  v=21.7811  H=-16.814  lr=1.8e-04
  W04 S2 [ 60.5%]  π=-0.0104  v=432.4878  H=-17.430  lr=1.2e-04
  W04 S2 [ 80.6%]  π=-0.0165  v=89.8789  H=-18.459  lr=6.6e-05
  W04 S2  val_reward=-1.49  val_port=$87,523
  W04 S3 [ 20.2%]  π=-0.0411  v=6.5107  H=-16.727  lr=2.4e-04
  W04 S3 [ 40.3%]  π=-0.0161  v=47.9656  H=-17.226  lr=1.8e-04
  W04 S3 [ 60.5%]  π=-0.0171  v=115.3635  H=-17.649  lr=1.2e-04
  W04 S3 [ 80.6%]  π=-0.0392  v=7.4315  H=-18.700  lr=6.6e-05
  W04 S3  val_reward=+1.19  val_port=$87,252
  W04 S4 [ 20.2%]  π=-0.0359  v=9.8444  H=-17.184  lr=2.4e-04
  W04 S4 [ 40.3%]  π=-0.0297  v=6.6781  H=-16.966  lr=1.8e-04
  W04 S4 [ 60.5%]  π=-0.0307  v=14.1740  H=-17.985  lr=1.2e-04
  W04 S4 [ 80.6%]  π=-0.0292  v=284.8101  H=-19.228  lr=6.6e-05
  W04 S4  val_reward=-5.25  val_port=$85,761
  Saved checkpoints/window_04.pt  (val_reward=+2.6174)

================================================================
Window 05  train [2011-01-01 → 2016-01-01]  val [2016-01-01 → 2017-01-01]
================================================================
  belief fit on train [1258:2516] (bear/neu/bull mean over train: [0.161 0.455 0.384])
  ns-model fit: regime dof v_k=[ 7.7 15.5  9.8]
  W05 S0 [ 20.2%]  π=-0.0162  v=57.0694  H=-18.612  lr=2.4e-04
  W05 S0 [ 40.3%]  π=-0.0463  v=3.3074  H=-18.340  lr=1.8e-04
  W05 S0 [ 60.5%]  π=-0.0350  v=4.8601  H=-18.616  lr=1.2e-04
  W05 S0 [ 80.6%]  π=-0.0217  v=43.3213  H=-19.234  lr=6.6e-05
  W05 S0  val_reward=-130.43  val_port=$106,639
  W05 S1 [ 20.2%]  π=-0.0293  v=24.0049  H=-18.230  lr=2.4e-04
  W05 S1 [ 40.3%]  π=-0.0334  v=14.0310  H=-18.161  lr=1.8e-04
  W05 S1 [ 60.5%]  π=-0.0433  v=5.9011  H=-18.674  lr=1.2e-04
  W05 S1 [ 80.6%]  π=-0.0224  v=41.4969  H=-19.473  lr=6.6e-05
  W05 S1  val_reward=-152.49  val_port=$104,829
  W05 S2 [ 20.2%]  π=-0.0398  v=6.6195  H=-18.570  lr=2.4e-04
  W05 S2 [ 40.3%]  π=-0.0190  v=14.0647  H=-18.228  lr=1.8e-04
  W05 S2 [ 60.5%]  π=-0.0212  v=43.5607  H=-18.873  lr=1.2e-04
  W05 S2 [ 80.6%]  π=-0.0205  v=32.8899  H=-19.578  lr=6.6e-05
  W05 S2  val_reward=-124.45  val_port=$106,531
  W05 S3 [ 20.2%]  π=-0.0082  v=76.8292  H=-18.474  lr=2.4e-04
  W05 S3 [ 40.3%]  π=-0.0182  v=21.9082  H=-17.964  lr=1.8e-04
  W05 S3 [ 60.5%]  π=-0.0175  v=100.1957  H=-18.436  lr=1.2e-04
  W05 S3 [ 80.6%]  π=-0.0272  v=16.2809  H=-19.383  lr=6.6e-05
  W05 S3  val_reward=-151.86  val_port=$104,628
  W05 S4 [ 20.2%]  π=-0.0388  v=8.5235  H=-18.731  lr=2.4e-04
  W05 S4 [ 40.3%]  π=-0.0278  v=14.8670  H=-18.572  lr=1.8e-04
  W05 S4 [ 60.5%]  π=-0.0163  v=1019.7772  H=-19.131  lr=1.2e-04
  W05 S4 [ 80.6%]  π=-0.0226  v=91.9338  H=-20.071  lr=6.6e-05
  W05 S4  val_reward=-193.37  val_port=$110,995
  Saved checkpoints/window_05.pt  (val_reward=-124.4540)

================================================================
Window 06  train [2012-01-01 → 2017-01-01]  val [2017-01-01 → 2018-01-01]
================================================================
  belief fit on train [1510:2768] (bear/neu/bull mean over train: [0.246 0.305 0.449])
  ns-model fit: regime dof v_k=[24.3 12.   9.4]
  W06 S0 [ 20.2%]  π=-0.0444  v=5.5403  H=-19.759  lr=2.4e-04
  W06 S0 [ 40.3%]  π=-0.0157  v=54.7637  H=-19.501  lr=1.8e-04
  W06 S0 [ 60.5%]  π=-0.0376  v=7.7569  H=-20.006  lr=1.2e-04
  W06 S0 [ 80.6%]  π=-0.0196  v=87.5538  H=-20.933  lr=6.6e-05
  W06 S0  val_reward=+32.46  val_port=$106,945
  W06 S1 [ 20.2%]  π=-0.0471  v=9.2930  H=-19.917  lr=2.4e-04
  W06 S1 [ 40.3%]  π=-0.0318  v=10.5244  H=-19.914  lr=1.8e-04
  W06 S1 [ 60.5%]  π=-0.0339  v=8.0551  H=-20.416  lr=1.2e-04
  W06 S1 [ 80.6%]  π=-0.0208  v=31.8626  H=-21.211  lr=6.6e-05
  W06 S1  val_reward=+54.12  val_port=$107,478
  W06 S2 [ 20.2%]  π=-0.0214  v=30.2862  H=-19.774  lr=2.4e-04
  W06 S2 [ 40.3%]  π=-0.0268  v=21.2910  H=-19.457  lr=1.8e-04
  W06 S2 [ 60.5%]  π=-0.0245  v=16.0890  H=-19.646  lr=1.2e-04
  W06 S2 [ 80.6%]  π=-0.0371  v=12.1540  H=-20.549  lr=6.6e-05
  W06 S2  val_reward=+4.13  val_port=$106,363
  W06 S3 [ 20.2%]  π=-0.0384  v=9.1780  H=-19.680  lr=2.4e-04
  W06 S3 [ 40.3%]  π=-0.0311  v=8.0165  H=-19.657  lr=1.8e-04
  W06 S3 [ 60.5%]  π=-0.0339  v=8.8230  H=-20.221  lr=1.2e-04
  W06 S3 [ 80.6%]  π=-0.0328  v=8.8954  H=-21.348  lr=6.6e-05
  W06 S3  val_reward=+9.86  val_port=$107,338
  W06 S4 [ 20.2%]  π=-0.0497  v=4.8623  H=-19.975  lr=2.4e-04
  W06 S4 [ 40.3%]  π=-0.0310  v=14.0824  H=-20.195  lr=1.8e-04
  W06 S4 [ 60.5%]  π=-0.0344  v=10.3644  H=-20.402  lr=1.2e-04
  W06 S4 [ 80.6%]  π=-0.0141  v=145.4603  H=-21.282  lr=6.6e-05
  W06 S4  val_reward=+39.13  val_port=$104,983
  Saved checkpoints/window_06.pt  (val_reward=+54.1243)

================================================================
Window 07  train [2013-01-01 → 2018-01-01]  val [2018-01-01 → 2019-01-01]
================================================================
  belief fit on train [1760:3019] (bear/neu/bull mean over train: [0.272 0.428 0.3  ])
  ns-model fit: regime dof v_k=[15.7 11.8  7.5]
  W07 S0 [ 20.2%]  π=-0.0358  v=7.5472  H=-21.719  lr=2.4e-04
  W07 S0 [ 40.3%]  π=-0.0207  v=48.6551  H=-22.106  lr=1.8e-04
  W07 S0 [ 60.5%]  π=-0.0207  v=26.9891  H=-22.172  lr=1.2e-04
  W07 S0 [ 80.6%]  π=-0.0348  v=9.0029  H=-23.127  lr=6.6e-05
  W07 S0  val_reward=-55.27  val_port=$90,089
  W07 S1 [ 20.2%]  π=-0.0241  v=31.2677  H=-21.209  lr=2.4e-04
  W07 S1 [ 40.3%]  π=-0.0237  v=18.6182  H=-21.130  lr=1.8e-04
  W07 S1 [ 60.5%]  π=-0.0341  v=10.9983  H=-21.782  lr=1.2e-04
  W07 S1 [ 80.6%]  π=-0.0369  v=8.9865  H=-22.765  lr=6.6e-05
  W07 S1  val_reward=-38.16  val_port=$95,189
  W07 S2 [ 20.2%]  π=-0.0348  v=10.6745  H=-20.973  lr=2.4e-04
  W07 S2 [ 40.3%]  π=-0.0282  v=111.6027  H=-21.770  lr=1.8e-04
  W07 S2 [ 60.5%]  π=-0.0380  v=6.2118  H=-22.514  lr=1.2e-04
  W07 S2 [ 80.6%]  π=-0.0535  v=2.1458  H=-23.409  lr=6.6e-05
  W07 S2  val_reward=-50.75  val_port=$93,527
  W07 S3 [ 20.2%]  π=-0.0412  v=6.9771  H=-21.460  lr=2.4e-04
  W07 S3 [ 40.3%]  π=-0.0206  v=130.4957  H=-21.849  lr=1.8e-04
  W07 S3 [ 60.5%]  π=-0.0396  v=6.6349  H=-22.336  lr=1.2e-04
  W07 S3 [ 80.6%]  π=-0.0363  v=7.3152  H=-23.152  lr=6.6e-05
  W07 S3  val_reward=-50.40  val_port=$92,683
  W07 S4 [ 20.2%]  π=-0.0304  v=13.2001  H=-21.418  lr=2.4e-04
  W07 S4 [ 40.3%]  π=-0.0348  v=8.6735  H=-21.799  lr=1.8e-04
  W07 S4 [ 60.5%]  π=-0.0232  v=35.3152  H=-22.341  lr=1.2e-04
  W07 S4 [ 80.6%]  π=-0.0355  v=11.2142  H=-23.175  lr=6.6e-05
  W07 S4  val_reward=-58.08  val_port=$89,754
  Saved checkpoints/window_07.pt  (val_reward=-38.1575)

================================================================
Window 08  train [2014-01-01 → 2019-01-01]  val [2019-01-01 → 2020-01-01]
================================================================
  belief fit on train [2012:3270] (bear/neu/bull mean over train: [0.293 0.328 0.379])
  ns-model fit: regime dof v_k=[14.5 10.1 10.3]
  W08 S0 [ 20.2%]  π=-0.0315  v=7.3815  H=-21.777  lr=2.4e-04
  W08 S0 [ 40.3%]  π=-0.0101  v=486.8801  H=-21.057  lr=1.8e-04
  W08 S0 [ 60.5%]  π=-0.0333  v=10.6661  H=-21.457  lr=1.2e-04
  W08 S0 [ 80.6%]  π=-0.0208  v=69.9938  H=-22.424  lr=6.6e-05
  W08 S0  val_reward=+116.09  val_port=$110,226
  W08 S1 [ 20.2%]  π=-0.0447  v=4.4616  H=-21.690  lr=2.4e-04
  W08 S1 [ 40.3%]  π=-0.0249  v=38.5371  H=-21.118  lr=1.8e-04
  W08 S1 [ 60.5%]  π=-0.0344  v=9.9954  H=-21.381  lr=1.2e-04
  W08 S1 [ 80.6%]  π=-0.0230  v=50.0529  H=-22.515  lr=6.6e-05
  W08 S1  val_reward=+5.12  val_port=$110,379
  W08 S2 [ 20.2%]  π=-0.0236  v=26.0463  H=-21.631  lr=2.4e-04
  W08 S2 [ 40.3%]  π=-0.0529  v=3.1445  H=-20.836  lr=1.8e-04
  W08 S2 [ 60.5%]  π=-0.0311  v=9.4717  H=-21.099  lr=1.2e-04
  W08 S2 [ 80.6%]  π=-0.0134  v=358.1680  H=-22.120  lr=6.6e-05
  W08 S2  val_reward=+338.88  val_port=$108,386
  W08 S3 [ 20.2%]  π=-0.0167  v=35.8605  H=-21.641  lr=2.4e-04
  W08 S3 [ 40.3%]  π=-0.0178  v=100.2807  H=-20.844  lr=1.8e-04
  W08 S3 [ 60.5%]  π=-0.0470  v=4.2217  H=-20.896  lr=1.2e-04
  W08 S3 [ 80.6%]  π=-0.0350  v=8.8227  H=-21.904  lr=6.6e-05
  W08 S3  val_reward=+387.32  val_port=$113,451
  W08 S4 [ 20.2%]  π=-0.0201  v=25.1313  H=-21.450  lr=2.4e-04
  W08 S4 [ 40.3%]  π=-0.0413  v=3.1416  H=-20.546  lr=1.8e-04
  W08 S4 [ 60.5%]  π=-0.0606  v=2.0665  H=-20.855  lr=1.2e-04
  W08 S4 [ 80.6%]  π=-0.0479  v=3.7534  H=-21.907  lr=6.6e-05
  W08 S4  val_reward=+5.54  val_port=$108,137
  Saved checkpoints/window_08.pt  (val_reward=+387.3195)

================================================================
Window 09  train [2015-01-01 → 2020-01-01]  val [2020-01-01 → 2021-01-01]
================================================================
  belief fit on train [2264:3522] (bear/neu/bull mean over train: [0.319 0.357 0.324])
  ns-model fit: regime dof v_k=[13.1 12.1  9.5]
  W09 S0 [ 20.2%]  π=-0.0206  v=54.2654  H=-20.924  lr=2.4e-04
  W09 S0 [ 40.3%]  π=-0.0129  v=230.6316  H=-20.435  lr=1.8e-04
  W09 S0 [ 60.5%]  π=-0.0381  v=8.7473  H=-20.302  lr=1.2e-04
  W09 S0 [ 80.6%]  π=-0.0227  v=88.2903  H=-21.316  lr=6.6e-05
  W09 S0  val_reward=+20.33  val_port=$79,561
  W09 S1 [ 20.2%]  π=-0.0142  v=251.5721  H=-20.866  lr=2.4e-04
  W09 S1 [ 40.3%]  π=-0.0265  v=18.8187  H=-20.737  lr=1.8e-04
  W09 S1 [ 60.5%]  π=-0.0378  v=5.9041  H=-21.012  lr=1.2e-04
  W09 S1 [ 80.6%]  π=-0.0516  v=2.8901  H=-21.732  lr=6.6e-05
  W09 S1  val_reward=+4.33  val_port=$75,229
  W09 S2 [ 20.2%]  π=-0.0215  v=24.4789  H=-21.045  lr=2.4e-04
  W09 S2 [ 40.3%]  π=-0.0325  v=10.1848  H=-20.867  lr=1.8e-04
  W09 S2 [ 60.5%]  π=-0.0370  v=14.2868  H=-21.130  lr=1.2e-04
  W09 S2 [ 80.6%]  π=-0.0332  v=17.7549  H=-21.948  lr=6.6e-05
  W09 S2  val_reward=+14.09  val_port=$82,775
  W09 S3 [ 20.2%]  π=-0.0329  v=11.9193  H=-21.211  lr=2.4e-04
  W09 S3 [ 40.3%]  π=-0.0285  v=36.0680  H=-21.132  lr=1.8e-04
  W09 S3 [ 60.5%]  π=-0.0257  v=16.1418  H=-21.343  lr=1.2e-04
  W09 S3 [ 80.6%]  π=-0.0251  v=32.0683  H=-22.065  lr=6.6e-05
  W09 S3  val_reward=+23.18  val_port=$91,995
  W09 S4 [ 20.2%]  π=-0.0332  v=18.8707  H=-21.199  lr=2.4e-04
  W09 S4 [ 40.3%]  π=-0.0218  v=43.5710  H=-20.948  lr=1.8e-04
  W09 S4 [ 60.5%]  π=-0.0278  v=18.1027  H=-21.090  lr=1.2e-04
  W09 S4 [ 80.6%]  π=-0.0426  v=3.7349  H=-21.815  lr=6.6e-05
  W09 S4  val_reward=+7.98  val_port=$90,024
  Saved checkpoints/window_09.pt  (val_reward=+23.1825)
