Device: cpu

Loading market data...
Loaded 4026 trading days, 9 sectors.

================================================================
Window 00  train [2006-01-01 → 2011-01-01]  val [2011-01-01 → 2012-01-01]
================================================================
  belief fit on train [60:1258] (bear/neu/bull mean over train: [0.176 0.423 0.401])
  ns-model fit: regime dof v_k=[ 6.8 11.9  8.5]
  W00 S0 [ 20.2%]  π=-0.0170  v=28.4488  H=1.512  lr=2.4e-04
  W00 S0 [ 40.3%]  π=-0.0094  v=208.2192  H=-1.049  lr=1.8e-04
  W00 S0 [ 60.5%]  π=-0.0136  v=88.2288  H=-2.976  lr=1.2e-04
  W00 S0 [ 80.6%]  π=-0.0188  v=21.5297  H=-4.201  lr=6.6e-05
  W00 S0  val_reward=+30.81  val_port=$98,918
  W00 S1 [ 20.2%]  π=-0.0255  v=12.9130  H=0.787  lr=2.4e-04
  W00 S1 [ 40.3%]  π=-0.0230  v=9.3514  H=-1.696  lr=1.8e-04
  W00 S1 [ 60.5%]  π=-0.0224  v=132.9257  H=-3.450  lr=1.2e-04
  W00 S1 [ 80.6%]  π=-0.0367  v=4.2156  H=-4.789  lr=6.6e-05
  W00 S1  val_reward=+13.55  val_port=$105,090
  W00 S2 [ 20.2%]  π=-0.0192  v=19.8160  H=1.377  lr=2.4e-04
  W00 S2 [ 40.3%]  π=-0.0131  v=1587.3678  H=-1.423  lr=1.8e-04
  W00 S2 [ 60.5%]  π=-0.0233  v=17.6431  H=-3.089  lr=1.2e-04
  W00 S2 [ 80.6%]  π=-0.0100  v=471.6292  H=-4.374  lr=6.6e-05
  W00 S2  val_reward=+10.65  val_port=$102,797
  W00 S3 [ 20.2%]  π=-0.0117  v=218.1078  H=1.067  lr=2.4e-04
  W00 S3 [ 40.3%]  π=-0.0236  v=15.4640  H=-1.623  lr=1.8e-04
  W00 S3 [ 60.5%]  π=-0.0148  v=61.3218  H=-3.341  lr=1.2e-04
  W00 S3 [ 80.6%]  π=-0.0138  v=519.5175  H=-4.251  lr=6.6e-05
  W00 S3  val_reward=-57.03  val_port=$104,565
  W00 S4 [ 20.2%]  π=-0.0159  v=37.2178  H=0.602  lr=2.4e-04
  W00 S4 [ 40.3%]  π=-0.0203  v=15.3579  H=-2.255  lr=1.8e-04
  W00 S4 [ 60.5%]  π=-0.0118  v=1527.2880  H=-3.980  lr=1.2e-04
  W00 S4 [ 80.6%]  π=-0.0130  v=70.9538  H=-5.058  lr=6.6e-05
  W00 S4  val_reward=+20.01  val_port=$93,197
  Saved checkpoints/window_00.pt  (val_reward=+30.8114)

================================================================
Window 01  train [2007-01-01 → 2012-01-01]  val [2012-01-01 → 2013-01-01]
================================================================
  belief fit on train [250:1510] (bear/neu/bull mean over train: [0.236 0.406 0.358])
  ns-model fit: regime dof v_k=[ 6.5 10.8  9.2]
  W01 S0 [ 20.2%]  π=-0.0157  v=1144.1046  H=-5.970  lr=2.4e-04
  W01 S0 [ 40.3%]  π=-0.0182  v=123.0781  H=-7.262  lr=1.8e-04
  W01 S0 [ 60.5%]  π=-0.0226  v=71.0596  H=-8.357  lr=1.2e-04
  W01 S0 [ 80.6%]  π=-0.0239  v=19.7711  H=-9.398  lr=6.6e-05
  W01 S0  val_reward=-91.65  val_port=$110,673
  W01 S1 [ 20.2%]  π=-0.0189  v=246.1141  H=-5.776  lr=2.4e-04
  W01 S1 [ 40.3%]  π=-0.0166  v=56.5418  H=-6.994  lr=1.8e-04
  W01 S1 [ 60.5%]  π=-0.0136  v=180.6850  H=-7.825  lr=1.2e-04
  W01 S1 [ 80.6%]  π=-0.0047  v=31663.9567  H=-8.829  lr=6.6e-05
  W01 S1  val_reward=+85.61  val_port=$110,972
  W01 S2 [ 20.2%]  π=-0.0064  v=1592.0316  H=-5.233  lr=2.4e-04
  W01 S2 [ 40.3%]  π=-0.0145  v=199.5585  H=-6.110  lr=1.8e-04
  W01 S2 [ 60.5%]  π=-0.0141  v=216.3900  H=-7.190  lr=1.2e-04
  W01 S2 [ 80.6%]  π=-0.0122  v=215.6736  H=-8.108  lr=6.6e-05
  W01 S2  val_reward=+12.06  val_port=$106,556
  W01 S3 [ 20.2%]  π=-0.0195  v=37.9745  H=-5.705  lr=2.4e-04
  W01 S3 [ 40.3%]  π=-0.0135  v=187.3263  H=-7.097  lr=1.8e-04
  W01 S3 [ 60.5%]  π=-0.0120  v=301.8947  H=-7.859  lr=1.2e-04
  W01 S3 [ 80.6%]  π=-0.0174  v=65.8369  H=-8.657  lr=6.6e-05
  W01 S3  val_reward=+27.05  val_port=$108,469
  W01 S4 [ 20.2%]  π=-0.0113  v=304.1737  H=-5.928  lr=2.4e-04
  W01 S4 [ 40.3%]  π=-0.0276  v=30.5472  H=-6.695  lr=1.8e-04
  W01 S4 [ 60.5%]  π=-0.0290  v=14.2395  H=-7.890  lr=1.2e-04
  W01 S4 [ 80.6%]  π=-0.0079  v=3632.2662  H=-8.725  lr=6.6e-05
  W01 S4  val_reward=+56.17  val_port=$110,653
  Saved checkpoints/window_01.pt  (val_reward=+85.6070)

================================================================
Window 02  train [2008-01-01 → 2013-01-01]  val [2013-01-01 → 2014-01-01]
================================================================
  belief fit on train [501:1760] (bear/neu/bull mean over train: [0.237 0.394 0.369])
  ns-model fit: regime dof v_k=[ 6.7 11.8  9.9]
  W02 S0 [ 20.2%]  π=-0.0184  v=46.7100  H=-9.305  lr=2.4e-04
  W02 S0 [ 40.3%]  π=-0.0235  v=22.5984  H=-10.340  lr=1.8e-04
  W02 S0 [ 60.5%]  π=-0.0103  v=431.1961  H=-11.176  lr=1.2e-04
  W02 S0 [ 80.6%]  π=-0.0128  v=12598.1594  H=-12.129  lr=6.6e-05
  W02 S0  val_reward=+79.16  val_port=$120,484
  W02 S1 [ 20.2%]  π=-0.0128  v=853.9579  H=-9.864  lr=2.4e-04
  W02 S1 [ 40.3%]  π=-0.0081  v=377.5925  H=-10.706  lr=1.8e-04
  W02 S1 [ 60.5%]  π=-0.0340  v=7.3920  H=-11.911  lr=1.2e-04
  W02 S1 [ 80.6%]  π=-0.0181  v=74.3967  H=-12.746  lr=6.6e-05
  W02 S1  val_reward=+41.14  val_port=$121,594
  W02 S2 [ 20.2%]  π=-0.0124  v=513.3421  H=-9.246  lr=2.4e-04
  W02 S2 [ 40.3%]  π=-0.0394  v=10.5673  H=-10.013  lr=1.8e-04
  W02 S2 [ 60.5%]  π=-0.0072  v=2641.0521  H=-10.872  lr=1.2e-04
  W02 S2 [ 80.6%]  π=-0.0131  v=4033.4826  H=-11.818  lr=6.6e-05
  W02 S2  val_reward=+45.00  val_port=$116,883
  W02 S3 [ 20.2%]  π=-0.0210  v=232.0602  H=-9.192  lr=2.4e-04
  W02 S3 [ 40.3%]  π=-0.0111  v=213.1477  H=-9.903  lr=1.8e-04
  W02 S3 [ 60.5%]  π=-0.0175  v=169.9391  H=-10.399  lr=1.2e-04
  W02 S3 [ 80.6%]  π=-0.0126  v=348.2810  H=-11.259  lr=6.6e-05
  W02 S3  val_reward=+61.47  val_port=$122,479
  W02 S4 [ 20.2%]  π=-0.0067  v=1484.8394  H=-9.676  lr=2.4e-04
  W02 S4 [ 40.3%]  π=-0.0364  v=7.5376  H=-10.416  lr=1.8e-04
  W02 S4 [ 60.5%]  π=-0.0213  v=79.8946  H=-11.309  lr=1.2e-04
  W02 S4 [ 80.6%]  π=-0.0092  v=5284.0387  H=-12.110  lr=6.6e-05
  W02 S4  val_reward=+43.44  val_port=$117,326
  Saved checkpoints/window_02.pt  (val_reward=+79.1571)

================================================================
Window 03  train [2009-01-01 → 2014-01-01]  val [2014-01-01 → 2015-01-01]
================================================================
  belief fit on train [754:2012] (bear/neu/bull mean over train: [0.215 0.409 0.377])
  ns-model fit: regime dof v_k=[15.3 15.7 11.7]
  W03 S0 [ 20.2%]  π=-0.0248  v=19.1115  H=-12.982  lr=2.4e-04
  W03 S0 [ 40.3%]  π=-0.0098  v=166.4091  H=-13.425  lr=1.8e-04
  W03 S0 [ 60.5%]  π=-0.0167  v=61.1078  H=-13.972  lr=1.2e-04
  W03 S0 [ 80.6%]  π=-0.0153  v=112.3624  H=-14.875  lr=6.6e-05
  W03 S0  val_reward=+26.15  val_port=$114,952
  W03 S1 [ 20.2%]  π=-0.0344  v=6.9053  H=-12.795  lr=2.4e-04
  W03 S1 [ 40.3%]  π=-0.0278  v=38.0023  H=-12.769  lr=1.8e-04
  W03 S1 [ 60.5%]  π=-0.0074  v=835.6335  H=-13.237  lr=1.2e-04
  W03 S1 [ 80.6%]  π=-0.0160  v=168.7975  H=-14.270  lr=6.6e-05
  W03 S1  val_reward=+23.25  val_port=$114,528
  W03 S2 [ 20.2%]  π=-0.0192  v=88.6812  H=-12.716  lr=2.4e-04
  W03 S2 [ 40.3%]  π=-0.0188  v=34.3121  H=-13.037  lr=1.8e-04
  W03 S2 [ 60.5%]  π=-0.0042  v=793.5306  H=-13.842  lr=1.2e-04
  W03 S2 [ 80.6%]  π=-0.0241  v=25.9031  H=-14.744  lr=6.6e-05
  W03 S2  val_reward=+25.59  val_port=$113,583
  W03 S3 [ 20.2%]  π=-0.0239  v=44.6820  H=-12.945  lr=2.4e-04
  W03 S3 [ 40.3%]  π=-0.0474  v=2.2988  H=-13.347  lr=1.8e-04
  W03 S3 [ 60.5%]  π=-0.0231  v=25.6866  H=-14.032  lr=1.2e-04
  W03 S3 [ 80.6%]  π=-0.0276  v=15.4946  H=-14.767  lr=6.6e-05
  W03 S3  val_reward=+21.46  val_port=$112,649
  W03 S4 [ 20.2%]  π=-0.0184  v=51.3330  H=-13.016  lr=2.4e-04
  W03 S4 [ 40.3%]  π=-0.0133  v=418.8923  H=-13.463  lr=1.8e-04
  W03 S4 [ 60.5%]  π=-0.0198  v=42.0665  H=-14.296  lr=1.2e-04
  W03 S4 [ 80.6%]  π=-0.0126  v=422.3233  H=-15.162  lr=6.6e-05
  W03 S4  val_reward=+30.77  val_port=$115,682
  Saved checkpoints/window_03.pt  (val_reward=+30.7742)

================================================================
Window 04  train [2010-01-01 → 2015-01-01]  val [2015-01-01 → 2016-01-01]
================================================================
  belief fit on train [1006:2264] (bear/neu/bull mean over train: [0.184 0.391 0.425])
  ns-model fit: regime dof v_k=[ 8.9 12.7  9.4]
  W04 S0 [ 20.2%]  π=-0.0093  v=1763.4268  H=-15.310  lr=2.4e-04
  W04 S0 [ 40.3%]  π=-0.0164  v=82.6498  H=-15.623  lr=1.8e-04
  W04 S0 [ 60.5%]  π=-0.0357  v=13.8938  H=-16.069  lr=1.2e-04
  W04 S0 [ 80.6%]  π=-0.0305  v=7.6118  H=-16.910  lr=6.6e-05
  W04 S0  val_reward=+14.43  val_port=$102,545
  W04 S1 [ 20.2%]  π=-0.0227  v=14.2488  H=-15.454  lr=2.4e-04
  W04 S1 [ 40.3%]  π=-0.0206  v=36.3416  H=-15.585  lr=1.8e-04
  W04 S1 [ 60.5%]  π=-0.0334  v=6.4869  H=-16.135  lr=1.2e-04
  W04 S1 [ 80.6%]  π=-0.0267  v=20.4765  H=-16.970  lr=6.6e-05
  W04 S1  val_reward=+10.36  val_port=$98,071
  W04 S2 [ 20.2%]  π=-0.0134  v=118.7525  H=-15.017  lr=2.4e-04
  W04 S2 [ 40.3%]  π=-0.0145  v=76.5927  H=-15.049  lr=1.8e-04
  W04 S2 [ 60.5%]  π=-0.0195  v=74.8324  H=-15.694  lr=1.2e-04
  W04 S2 [ 80.6%]  π=-0.0266  v=12.9926  H=-16.666  lr=6.6e-05
  W04 S2  val_reward=+12.12  val_port=$97,352
  W04 S3 [ 20.2%]  π=-0.0187  v=50.7197  H=-15.555  lr=2.4e-04
  W04 S3 [ 40.3%]  π=-0.0152  v=76.9652  H=-15.393  lr=1.8e-04
