Device: cpu

Loading market data...
Loaded 4026 trading days, 9 sectors.

================================================================
Window 00  train [2006-01-01 → 2011-01-01]  val [2011-01-01 → 2012-01-01]
================================================================
  belief fit on train [60:1258] (bear/neu/bull mean over train: [0.176 0.423 0.401])
  ns-model fit: regime dof v_k=[ 6.8 11.9  8.5]
  W00 S0 [ 20.2%]  π=-0.0225  v=9.6428  H=1.323  lr=2.4e-04
  W00 S0 [ 40.3%]  π=-0.0175  v=17.4745  H=-1.735  lr=1.8e-04
  W00 S0 [ 60.5%]  π=-0.0155  v=53.0191  H=-3.932  lr=1.2e-04
  W00 S0 [ 80.6%]  π=-0.0194  v=11.0305  H=-5.498  lr=6.6e-05
  W00 S0  val_reward=+21.93  val_port=$115,329
  W00 S1 [ 20.2%]  π=-0.0292  v=5.1158  H=0.561  lr=2.4e-04
  W00 S1 [ 40.3%]  π=-0.0216  v=35.6387  H=-2.271  lr=1.8e-04
  W00 S1 [ 60.5%]  π=-0.0157  v=45.2543  H=-4.567  lr=1.2e-04
  W00 S1 [ 80.6%]  π=-0.0295  v=6.1327  H=-6.088  lr=6.6e-05
  W00 S1  val_reward=+14.80  val_port=$103,258
  W00 S2 [ 20.2%]  π=-0.0149  v=266.8631  H=1.092  lr=2.4e-04
  W00 S2 [ 40.3%]  π=-0.0186  v=24.3957  H=-1.802  lr=1.8e-04
  W00 S2 [ 60.5%]  π=-0.0185  v=33.1855  H=-3.882  lr=1.2e-04
  W00 S2 [ 80.6%]  π=-0.0097  v=948.0215  H=-5.547  lr=6.6e-05
  W00 S2  val_reward=+26.29  val_port=$107,337
  W00 S3 [ 20.2%]  π=-0.0089  v=256.2747  H=0.782  lr=2.4e-04
  W00 S3 [ 40.3%]  π=-0.0246  v=12.5681  H=-2.388  lr=1.8e-04
  W00 S3 [ 60.5%]  π=-0.0180  v=87.5450  H=-4.458  lr=1.2e-04
  W00 S3 [ 80.6%]  π=-0.0139  v=69.9219  H=-5.972  lr=6.6e-05
  W00 S3  val_reward=+16.59  val_port=$105,026
  W00 S4 [ 20.2%]  π=-0.0210  v=12.4632  H=0.561  lr=2.4e-04
  W00 S4 [ 40.3%]  π=-0.0207  v=361.4601  H=-2.399  lr=1.8e-04
  W00 S4 [ 60.5%]  π=-0.0160  v=647.2034  H=-4.792  lr=1.2e-04
  W00 S4 [ 80.6%]  π=-0.0206  v=8.6026  H=-6.266  lr=6.6e-05
  W00 S4  val_reward=+16.04  val_port=$106,926
  Saved checkpoints/window_00.pt  (val_reward=+26.2875)

================================================================
Window 01  train [2007-01-01 → 2012-01-01]  val [2012-01-01 → 2013-01-01]
================================================================
  belief fit on train [250:1510] (bear/neu/bull mean over train: [0.236 0.406 0.358])
  ns-model fit: regime dof v_k=[ 6.5 10.8  9.2]
  W01 S0 [ 20.2%]  π=-0.0329  v=7.9581  H=-8.688  lr=2.4e-04
  W01 S0 [ 40.3%]  π=-0.0113  v=1474.1207  H=-10.545  lr=1.8e-04
  W01 S0 [ 60.5%]  π=-0.0280  v=15.4226  H=-12.327  lr=1.2e-04
  W01 S0 [ 80.6%]  π=-0.0257  v=14.4302  H=-13.726  lr=6.6e-05
  W01 S0  val_reward=+53.71  val_port=$112,572
  W01 S1 [ 20.2%]  π=-0.0249  v=25.6197  H=-8.567  lr=2.4e-04
  W01 S1 [ 40.3%]  π=-0.0259  v=14.6088  H=-10.562  lr=1.8e-04
  W01 S1 [ 60.5%]  π=-0.0258  v=12.2163  H=-12.407  lr=1.2e-04
  W01 S1 [ 80.6%]  π=-0.0238  v=16.0271  H=-13.848  lr=6.6e-05
  W01 S1  val_reward=+45.94  val_port=$111,445
  W01 S2 [ 20.2%]  π=-0.0252  v=64.6268  H=-8.425  lr=2.4e-04
  W01 S2 [ 40.3%]  π=-0.0317  v=9.6561  H=-10.560  lr=1.8e-04
  W01 S2 [ 60.5%]  π=-0.0218  v=39.1793  H=-12.338  lr=1.2e-04
  W01 S2 [ 80.6%]  π=-0.0129  v=243.3332  H=-13.940  lr=6.6e-05
  W01 S2  val_reward=+46.06  val_port=$111,738
  W01 S3 [ 20.2%]  π=-0.0154  v=2506.4278  H=-8.602  lr=2.4e-04
  W01 S3 [ 40.3%]  π=-0.0225  v=55.5052  H=-10.930  lr=1.8e-04
  W01 S3 [ 60.5%]  π=-0.0218  v=48.6092  H=-12.663  lr=1.2e-04
  W01 S3 [ 80.6%]  π=-0.0354  v=5.9181  H=-13.818  lr=6.6e-05
  W01 S3  val_reward=+49.17  val_port=$111,142
  W01 S4 [ 20.2%]  π=-0.0227  v=22.8891  H=-8.598  lr=2.4e-04
  W01 S4 [ 40.3%]  π=-0.0206  v=94.3596  H=-10.536  lr=1.8e-04
  W01 S4 [ 60.5%]  π=-0.0358  v=6.1629  H=-12.191  lr=1.2e-04
  W01 S4 [ 80.6%]  π=-0.0255  v=14.3503  H=-13.265  lr=6.6e-05
  W01 S4  val_reward=+50.53  val_port=$112,088
  Saved checkpoints/window_01.pt  (val_reward=+53.7116)

================================================================
Window 02  train [2008-01-01 → 2013-01-01]  val [2013-01-01 → 2014-01-01]
================================================================
  belief fit on train [501:1760] (bear/neu/bull mean over train: [0.237 0.394 0.369])
  ns-model fit: regime dof v_k=[ 6.7 11.8  9.9]
  W02 S0 [ 20.2%]  π=-0.0304  v=14.7755  H=-14.848  lr=2.4e-04
  W02 S0 [ 40.3%]  π=-0.0275  v=14.3140  H=-16.196  lr=1.8e-04
  W02 S0 [ 60.5%]  π=-0.0159  v=430.9302  H=-17.205  lr=1.2e-04
  W02 S0 [ 80.6%]  π=-0.0260  v=27.3394  H=-18.410  lr=6.6e-05
  W02 S0  val_reward=+44.42  val_port=$116,040
  W02 S1 [ 20.2%]  π=-0.0267  v=33.7281  H=-15.437  lr=2.4e-04
  W02 S1 [ 40.3%]  π=-0.0248  v=37.6483  H=-16.741  lr=1.8e-04
  W02 S1 [ 60.5%]  π=-0.0151  v=140.4138  H=-18.276  lr=1.2e-04
  W02 S1 [ 80.6%]  π=-0.0232  v=396.7098  H=-19.390  lr=6.6e-05
  W02 S1  val_reward=+40.28  val_port=$113,394
  W02 S2 [ 20.2%]  π=-0.0159  v=64.5458  H=-15.104  lr=2.4e-04
  W02 S2 [ 40.3%]  π=-0.0270  v=28.9517  H=-16.212  lr=1.8e-04
  W02 S2 [ 60.5%]  π=-0.0307  v=10.5705  H=-17.610  lr=1.2e-04
  W02 S2 [ 80.6%]  π=-0.0182  v=81.0000  H=-18.958  lr=6.6e-05
  W02 S2  val_reward=+46.11  val_port=$115,829
  W02 S3 [ 20.2%]  π=-0.0269  v=20.2486  H=-15.334  lr=2.4e-04
  W02 S3 [ 40.3%]  π=-0.0352  v=5.0316  H=-16.593  lr=1.8e-04
  W02 S3 [ 60.5%]  π=-0.0337  v=8.7750  H=-17.851  lr=1.2e-04
  W02 S3 [ 80.6%]  π=-0.0223  v=37.1950  H=-18.938  lr=6.6e-05
  W02 S3  val_reward=+41.40  val_port=$115,305
  W02 S4 [ 20.2%]  π=-0.0280  v=15.3860  H=-15.754  lr=2.4e-04
  W02 S4 [ 40.3%]  π=-0.0276  v=13.1017  H=-16.711  lr=1.8e-04
  W02 S4 [ 60.5%]  π=-0.0341  v=12.3448  H=-17.869  lr=1.2e-04
  W02 S4 [ 80.6%]  π=-0.0310  v=17.1017  H=-18.964  lr=6.6e-05
  W02 S4  val_reward=+45.27  val_port=$115,537
  Saved checkpoints/window_02.pt  (val_reward=+46.1073)

================================================================
Window 03  train [2009-01-01 → 2014-01-01]  val [2014-01-01 → 2015-01-01]
================================================================
  belief fit on train [754:2012] (bear/neu/bull mean over train: [0.215 0.409 0.377])
  ns-model fit: regime dof v_k=[15.3 15.7 11.7]
  W03 S0 [ 20.2%]  π=-0.0319  v=9.6762  H=-19.342  lr=2.4e-04
  W03 S0 [ 40.3%]  π=-0.0267  v=24.1528  H=-20.319  lr=1.8e-04
  W03 S0 [ 60.5%]  π=-0.0349  v=6.9688  H=-21.132  lr=1.2e-04
  W03 S0 [ 80.6%]  π=-0.0361  v=6.9283  H=-22.152  lr=6.6e-05
  W03 S0  val_reward=+38.83  val_port=$113,185
  W03 S1 [ 20.2%]  π=-0.0379  v=5.9988  H=-19.693  lr=2.4e-04
  W03 S1 [ 40.3%]  π=-0.0223  v=26.1947  H=-19.969  lr=1.8e-04
  W03 S1 [ 60.5%]  π=-0.0221  v=1275.7931  H=-20.546  lr=1.2e-04
  W03 S1 [ 80.6%]  π=-0.0274  v=40.1356  H=-21.613  lr=6.6e-05
  W03 S1  val_reward=+40.69  val_port=$114,418
  W03 S2 [ 20.2%]  π=-0.0190  v=6134.7968  H=-19.598  lr=2.4e-04
  W03 S2 [ 40.3%]  π=-0.0120  v=1673.7758  H=-19.966  lr=1.8e-04
  W03 S2 [ 60.5%]  π=-0.0131  v=282.1386  H=-20.667  lr=1.2e-04
  W03 S2 [ 80.6%]  π=-0.0259  v=22.1069  H=-21.591  lr=6.6e-05
  W03 S2  val_reward=+37.14  val_port=$113,207
  W03 S3 [ 20.2%]  π=-0.0143  v=90.8035  H=-19.820  lr=2.4e-04
  W03 S3 [ 40.3%]  π=-0.0353  v=6.9707  H=-20.451  lr=1.8e-04
  W03 S3 [ 60.5%]  π=-0.0362  v=5.0043  H=-21.063  lr=1.2e-04
  W03 S3 [ 80.6%]  π=-0.0364  v=7.0242  H=-22.114  lr=6.6e-05
  W03 S3  val_reward=+36.61  val_port=$112,601
  W03 S4 [ 20.2%]  π=-0.0328  v=11.4080  H=-19.339  lr=2.4e-04
  W03 S4 [ 40.3%]  π=-0.0268  v=13.5748  H=-19.643  lr=1.8e-04
  W03 S4 [ 60.5%]  π=-0.0285  v=19.7893  H=-20.564  lr=1.2e-04
  W03 S4 [ 80.6%]  π=-0.0270  v=13.8735  H=-21.472  lr=6.6e-05
  W03 S4  val_reward=+35.68  val_port=$113,382
  Saved checkpoints/window_03.pt  (val_reward=+40.6929)

================================================================
Window 04  train [2010-01-01 → 2015-01-01]  val [2015-01-01 → 2016-01-01]
================================================================
  belief fit on train [1006:2264] (bear/neu/bull mean over train: [0.184 0.391 0.425])
  ns-model fit: regime dof v_k=[ 8.9 12.7  9.4]
  W04 S0 [ 20.2%]  π=-0.0229  v=17.4034  H=-21.930  lr=2.4e-04
  W04 S0 [ 40.3%]  π=-0.0261  v=24.9947  H=-22.551  lr=1.8e-04
  W04 S0 [ 60.5%]  π=-0.0293  v=16.7580  H=-23.335  lr=1.2e-04
  W04 S0 [ 80.6%]  π=-0.0313  v=6.4728  H=-24.337  lr=6.6e-05
  W04 S0  val_reward=+19.21  val_port=$102,633
  W04 S1 [ 20.2%]  π=-0.0375  v=4.4342  H=-22.077  lr=2.4e-04
  W04 S1 [ 40.3%]  π=-0.0304  v=17.7905  H=-22.472  lr=1.8e-04
  W04 S1 [ 60.5%]  π=-0.0218  v=16.6137  H=-23.416  lr=1.2e-04
  W04 S1 [ 80.6%]  π=-0.0396  v=6.4783  H=-24.317  lr=6.6e-05
  W04 S1  val_reward=+18.88  val_port=$102,537
  W04 S2 [ 20.2%]  π=-0.0265  v=9.5619  H=-22.067  lr=2.4e-04
  W04 S2 [ 40.3%]  π=-0.0352  v=6.0352  H=-22.336  lr=1.8e-04
  W04 S2 [ 60.5%]  π=-0.0170  v=619.5706  H=-23.180  lr=1.2e-04
  W04 S2 [ 80.6%]  π=-0.0380  v=4.7097  H=-24.307  lr=6.6e-05
  W04 S2  val_reward=+20.47  val_port=$102,736
  W04 S3 [ 20.2%]  π=-0.0221  v=22.9705  H=-22.079  lr=2.4e-04
  W04 S3 [ 40.3%]  π=-0.0159  v=97.7403  H=-22.438  lr=1.8e-04
  W04 S3 [ 60.5%]  π=-0.0196  v=60.5806  H=-23.231  lr=1.2e-04
  W04 S3 [ 80.6%]  π=-0.0384  v=5.4639  H=-24.191  lr=6.6e-05
  W04 S3  val_reward=+19.59  val_port=$102,843
  W04 S4 [ 20.2%]  π=-0.0321  v=8.1791  H=-21.717  lr=2.4e-04
  W04 S4 [ 40.3%]  π=-0.0296  v=8.0452  H=-22.088  lr=1.8e-04
  W04 S4 [ 60.5%]  π=-0.0367  v=5.8138  H=-22.901  lr=1.2e-04
  W04 S4 [ 80.6%]  π=-0.0368  v=7.3001  H=-24.007  lr=6.6e-05
  W04 S4  val_reward=+19.65  val_port=$103,051
  Saved checkpoints/window_04.pt  (val_reward=+20.4677)

================================================================
Window 05  train [2011-01-01 → 2016-01-01]  val [2016-01-01 → 2017-01-01]
================================================================
  belief fit on train [1258:2516] (bear/neu/bull mean over train: [0.161 0.455 0.384])
  ns-model fit: regime dof v_k=[ 7.7 15.5  9.8]
  W05 S0 [ 20.2%]  π=-0.0205  v=21.9106  H=-23.894  lr=2.4e-04
  W05 S0 [ 40.3%]  π=-0.0305  v=8.1808  H=-23.573  lr=1.8e-04
  W05 S0 [ 60.5%]  π=-0.0311  v=6.4825  H=-24.210  lr=1.2e-04
  W05 S0 [ 80.6%]  π=-0.0381  v=6.5834  H=-25.144  lr=6.6e-05
  W05 S0  val_reward=+34.93  val_port=$112,232
  W05 S1 [ 20.2%]  π=-0.0340  v=5.8689  H=-23.586  lr=2.4e-04
  W05 S1 [ 40.3%]  π=-0.0252  v=10.5954  H=-23.389  lr=1.8e-04
  W05 S1 [ 60.5%]  π=-0.0355  v=4.8324  H=-24.062  lr=1.2e-04
  W05 S1 [ 80.6%]  π=-0.0380  v=5.0949  H=-25.124  lr=6.6e-05
  W05 S1  val_reward=+35.21  val_port=$112,377
  W05 S2 [ 20.2%]  π=-0.0242  v=22.4507  H=-23.419  lr=2.4e-04
  W05 S2 [ 40.3%]  π=-0.0270  v=8.5383  H=-23.242  lr=1.8e-04
  W05 S2 [ 60.5%]  π=-0.0330  v=9.9583  H=-23.922  lr=1.2e-04
  W05 S2 [ 80.6%]  π=-0.0313  v=6.6572  H=-24.936  lr=6.6e-05
  W05 S2  val_reward=+35.22  val_port=$111,555
  W05 S3 [ 20.2%]  π=-0.0260  v=15.1348  H=-23.851  lr=2.4e-04
  W05 S3 [ 40.3%]  π=-0.0178  v=38.8168  H=-23.853  lr=1.8e-04
  W05 S3 [ 60.5%]  π=-0.0434  v=3.9246  H=-24.363  lr=1.2e-04
  W05 S3 [ 80.6%]  π=-0.0380  v=5.3642  H=-25.335  lr=6.6e-05
  W05 S3  val_reward=+32.47  val_port=$110,817
  W05 S4 [ 20.2%]  π=-0.0151  v=56.7000  H=-23.628  lr=2.4e-04
  W05 S4 [ 40.3%]  π=-0.0375  v=3.5893  H=-23.585  lr=1.8e-04
  W05 S4 [ 60.5%]  π=-0.0340  v=6.5245  H=-24.344  lr=1.2e-04
  W05 S4 [ 80.6%]  π=-0.0220  v=35.9035  H=-25.388  lr=6.6e-05
  W05 S4  val_reward=+32.83  val_port=$111,276
  Saved checkpoints/window_05.pt  (val_reward=+35.2192)

================================================================
Window 06  train [2012-01-01 → 2017-01-01]  val [2017-01-01 → 2018-01-01]
================================================================
  belief fit on train [1510:2768] (bear/neu/bull mean over train: [0.246 0.305 0.449])
  ns-model fit: regime dof v_k=[24.3 12.   9.4]
  W06 S0 [ 20.2%]  π=-0.0312  v=6.4292  H=-24.483  lr=2.4e-04
  W06 S0 [ 40.3%]  π=-0.0379  v=3.9666  H=-24.241  lr=1.8e-04
  W06 S0 [ 60.5%]  π=-0.0338  v=5.1445  H=-24.905  lr=1.2e-04
  W06 S0 [ 80.6%]  π=-0.0285  v=17.6374  H=-25.763  lr=6.6e-05
  W06 S0  val_reward=-5.26  val_port=$110,148
  W06 S1 [ 20.2%]  π=-0.0231  v=12.9616  H=-24.380  lr=2.4e-04
  W06 S1 [ 40.3%]  π=-0.0303  v=6.6716  H=-23.964  lr=1.8e-04
  W06 S1 [ 60.5%]  π=-0.0331  v=7.5417  H=-24.350  lr=1.2e-04
  W06 S1 [ 80.6%]  π=-0.0320  v=6.9363  H=-25.437  lr=6.6e-05
  W06 S1  val_reward=-5.36  val_port=$111,482
  W06 S2 [ 20.2%]  π=-0.0379  v=4.0442  H=-24.083  lr=2.4e-04
  W06 S2 [ 40.3%]  π=-0.0370  v=5.7354  H=-24.181  lr=1.8e-04
  W06 S2 [ 60.5%]  π=-0.0377  v=3.1494  H=-24.737  lr=1.2e-04
  W06 S2 [ 80.6%]  π=-0.0392  v=4.8245  H=-25.704  lr=6.6e-05
  W06 S2  val_reward=-9.23  val_port=$110,589
  W06 S3 [ 20.2%]  π=-0.0353  v=3.7984  H=-24.161  lr=2.4e-04
  W06 S3 [ 40.3%]  π=-0.0323  v=5.8042  H=-23.847  lr=1.8e-04
  W06 S3 [ 60.5%]  π=-0.0394  v=6.1506  H=-24.509  lr=1.2e-04
  W06 S3 [ 80.6%]  π=-0.0340  v=10.3028  H=-25.313  lr=6.6e-05
  W06 S3  val_reward=-7.88  val_port=$110,350
  W06 S4 [ 20.2%]  π=-0.0334  v=5.7080  H=-24.563  lr=2.4e-04
  W06 S4 [ 40.3%]  π=-0.0307  v=11.6500  H=-23.860  lr=1.8e-04
  W06 S4 [ 60.5%]  π=-0.0306  v=8.6933  H=-24.523  lr=1.2e-04
  W06 S4 [ 80.6%]  π=-0.0337  v=8.1666  H=-25.448  lr=6.6e-05
  W06 S4  val_reward=-9.87  val_port=$110,339
  Saved checkpoints/window_06.pt  (val_reward=-5.2631)

================================================================
Window 07  train [2013-01-01 → 2018-01-01]  val [2018-01-01 → 2019-01-01]
================================================================
  belief fit on train [1760:3019] (bear/neu/bull mean over train: [0.272 0.428 0.3  ])
  ns-model fit: regime dof v_k=[15.7 11.8  7.5]
  W07 S0 [ 20.2%]  π=-0.0306  v=5.8306  H=-25.779  lr=2.4e-04
  W07 S0 [ 40.3%]  π=-0.0377  v=6.4870  H=-25.392  lr=1.8e-04
  W07 S0 [ 60.5%]  π=-0.0276  v=9.0390  H=-26.330  lr=1.2e-04
  W07 S0 [ 80.6%]  π=-0.0257  v=18.9731  H=-27.267  lr=6.6e-05
  W07 S0  val_reward=-39.40  val_port=$102,092
  W07 S1 [ 20.2%]  π=-0.0286  v=14.2722  H=-25.494  lr=2.4e-04
  W07 S1 [ 40.3%]  π=-0.0410  v=2.9582  H=-25.506  lr=1.8e-04
  W07 S1 [ 60.5%]  π=-0.0391  v=7.0256  H=-26.150  lr=1.2e-04
  W07 S1 [ 80.6%]  π=-0.0324  v=11.6836  H=-27.352  lr=6.6e-05
  W07 S1  val_reward=-40.45  val_port=$102,443
  W07 S2 [ 20.2%]  π=-0.0371  v=5.8102  H=-25.362  lr=2.4e-04
  W07 S2 [ 40.3%]  π=-0.0333  v=6.1122  H=-25.170  lr=1.8e-04
  W07 S2 [ 60.5%]  π=-0.0377  v=6.2830  H=-25.747  lr=1.2e-04
  W07 S2 [ 80.6%]  π=-0.0380  v=5.5971  H=-26.798  lr=6.6e-05
  W07 S2  val_reward=-41.43  val_port=$103,155
  W07 S3 [ 20.2%]  π=-0.0292  v=10.2972  H=-25.418  lr=2.4e-04
  W07 S3 [ 40.3%]  π=-0.0391  v=5.6878  H=-25.476  lr=1.8e-04
  W07 S3 [ 60.5%]  π=-0.0308  v=13.0123  H=-26.185  lr=1.2e-04
  W07 S3 [ 80.6%]  π=-0.0298  v=11.8729  H=-27.178  lr=6.6e-05
  W07 S3  val_reward=-41.20  val_port=$101,555
  W07 S4 [ 20.2%]  π=-0.0322  v=10.6017  H=-25.580  lr=2.4e-04
  W07 S4 [ 40.3%]  π=-0.0321  v=11.5638  H=-25.443  lr=1.8e-04
  W07 S4 [ 60.5%]  π=-0.0375  v=6.7463  H=-26.409  lr=1.2e-04
  W07 S4 [ 80.6%]  π=-0.0313  v=9.3455  H=-27.490  lr=6.6e-05
  W07 S4  val_reward=-39.20  val_port=$102,229
  Saved checkpoints/window_07.pt  (val_reward=-39.1953)

================================================================
Window 08  train [2014-01-01 → 2019-01-01]  val [2019-01-01 → 2020-01-01]
================================================================
  belief fit on train [2012:3270] (bear/neu/bull mean over train: [0.293 0.328 0.379])
  ns-model fit: regime dof v_k=[14.5 10.1 10.3]
  W08 S0 [ 20.2%]  π=-0.0332  v=7.3574  H=-26.426  lr=2.4e-04
  W08 S0 [ 40.3%]  π=-0.0252  v=25.7488  H=-26.176  lr=1.8e-04
  W08 S0 [ 60.5%]  π=-0.0316  v=8.8485  H=-26.986  lr=1.2e-04
  W08 S0 [ 80.6%]  π=-0.0400  v=7.9446  H=-28.186  lr=6.6e-05
  W08 S0  val_reward=+42.73  val_port=$113,579
  W08 S1 [ 20.2%]  π=-0.0331  v=5.2242  H=-26.705  lr=2.4e-04
  W08 S1 [ 40.3%]  π=-0.0393  v=8.8593  H=-26.405  lr=1.8e-04
  W08 S1 [ 60.5%]  π=-0.0334  v=10.3985  H=-27.084  lr=1.2e-04
  W08 S1 [ 80.6%]  π=-0.0452  v=5.4893  H=-28.178  lr=6.6e-05
  W08 S1  val_reward=+43.15  val_port=$114,553
  W08 S2 [ 20.2%]  π=-0.0277  v=11.6237  H=-26.784  lr=2.4e-04
  W08 S2 [ 40.3%]  π=-0.0336  v=5.6628  H=-26.653  lr=1.8e-04
  W08 S2 [ 60.5%]  π=-0.0459  v=3.4616  H=-27.535  lr=1.2e-04
  W08 S2 [ 80.6%]  π=-0.0411  v=7.9184  H=-28.579  lr=6.6e-05
  W08 S2  val_reward=+44.66  val_port=$115,496
  W08 S3 [ 20.2%]  π=-0.0305  v=10.7475  H=-26.655  lr=2.4e-04
  W08 S3 [ 40.3%]  π=-0.0383  v=8.7457  H=-26.622  lr=1.8e-04
  W08 S3 [ 60.5%]  π=-0.0442  v=6.4570  H=-27.420  lr=1.2e-04
  W08 S3 [ 80.6%]  π=-0.0326  v=12.8572  H=-28.729  lr=6.6e-05
  W08 S3  val_reward=+43.51  val_port=$114,345
  W08 S4 [ 20.2%]  π=-0.0166  v=154.4092  H=-26.652  lr=2.4e-04
  W08 S4 [ 40.3%]  π=-0.0217  v=27.1677  H=-26.521  lr=1.8e-04
  W08 S4 [ 60.5%]  π=-0.0385  v=7.2945  H=-27.377  lr=1.2e-04
  W08 S4 [ 80.6%]  π=-0.0416  v=5.7599  H=-28.474  lr=6.6e-05
  W08 S4  val_reward=+45.60  val_port=$116,040
  Saved checkpoints/window_08.pt  (val_reward=+45.5998)

================================================================
Window 09  train [2015-01-01 → 2020-01-01]  val [2020-01-01 → 2021-01-01]
================================================================
  belief fit on train [2264:3522] (bear/neu/bull mean over train: [0.319 0.357 0.324])
  ns-model fit: regime dof v_k=[13.1 12.1  9.5]
  W09 S0 [ 20.2%]  π=-0.0303  v=6.3305  H=-26.801  lr=2.4e-04
  W09 S0 [ 40.3%]  π=-0.0426  v=4.1938  H=-26.595  lr=1.8e-04
  W09 S0 [ 60.5%]  π=-0.0257  v=22.9844  H=-27.336  lr=1.2e-04
  W09 S0 [ 80.6%]  π=-0.0436  v=6.3777  H=-28.336  lr=6.6e-05
  W09 S0  val_reward=+20.63  val_port=$119,651
  W09 S1 [ 20.2%]  π=-0.0256  v=9.2106  H=-26.888  lr=2.4e-04
  W09 S1 [ 40.3%]  π=-0.0310  v=7.0971  H=-26.865  lr=1.8e-04
  W09 S1 [ 60.5%]  π=-0.0405  v=4.3928  H=-27.477  lr=1.2e-04
  W09 S1 [ 80.6%]  π=-0.0395  v=5.2808  H=-28.503  lr=6.6e-05
  W09 S1  val_reward=+18.54  val_port=$116,952
  W09 S2 [ 20.2%]  π=-0.0287  v=8.5186  H=-27.034  lr=2.4e-04
  W09 S2 [ 40.3%]  π=-0.0268  v=17.7071  H=-26.806  lr=1.8e-04
  W09 S2 [ 60.5%]  π=-0.0357  v=6.2071  H=-27.645  lr=1.2e-04
  W09 S2 [ 80.6%]  π=-0.0333  v=12.8143  H=-28.626  lr=6.6e-05
  W09 S2  val_reward=+20.10  val_port=$117,066
  W09 S3 [ 20.2%]  π=-0.0302  v=8.4601  H=-26.597  lr=2.4e-04
  W09 S3 [ 40.3%]  π=-0.0372  v=7.3574  H=-26.406  lr=1.8e-04
  W09 S3 [ 60.5%]  π=-0.0366  v=8.7562  H=-26.996  lr=1.2e-04
  W09 S3 [ 80.6%]  π=-0.0380  v=7.7278  H=-28.048  lr=6.6e-05
  W09 S3  val_reward=+20.18  val_port=$119,049
  W09 S4 [ 20.2%]  π=-0.0298  v=7.7378  H=-26.966  lr=2.4e-04
  W09 S4 [ 40.3%]  π=-0.0343  v=8.5431  H=-26.460  lr=1.8e-04
  W09 S4 [ 60.5%]  π=-0.0429  v=5.4787  H=-27.089  lr=1.2e-04
  W09 S4 [ 80.6%]  π=-0.0381  v=5.4206  H=-28.336  lr=6.6e-05
  W09 S4  val_reward=+18.18  val_port=$116,194
  Saved checkpoints/window_09.pt  (val_reward=+20.6272)
