Device: cpu

Loading market data...
Loaded 4026 trading days, 9 sectors.
Resuming from window 3, warm-start loaded from checkpoints/window_02.pt

================================================================
Window 03  train [2009-01-01 → 2014-01-01]  val [2014-01-01 → 2015-01-01]
================================================================
  W03 S0 [ 20.2%]  π=-0.0606  v=2.0622  H=14.189  lr=2.4e-04
  W03 S0 [ 40.3%]  π=-0.0121  v=83.2530  H=14.189  lr=1.8e-04
  W03 S0 [ 60.5%]  π=-0.0383  v=4.0026  H=14.189  lr=1.2e-04
  W03 S0 [ 80.6%]  π=-0.0211  v=6.7948  H=14.189  lr=6.6e-05
  W03 S0  val_reward=+101.24  val_port=$402,756
  W03 S1 [ 20.2%]  π=-0.0499  v=2.9583  H=14.189  lr=2.4e-04
  W03 S1 [ 40.3%]  π=-0.0328  v=9.0778  H=14.189  lr=1.8e-04
  W03 S1 [ 60.5%]  π=-0.0490  v=1.5600  H=14.189  lr=1.2e-04
  W03 S1 [ 80.6%]  π=-0.0444  v=1.3530  H=14.189  lr=6.6e-05
  W03 S1  val_reward=+163.08  val_port=$399,405
  W03 S2 [ 20.2%]  π=-0.0368  v=8.0555  H=14.189  lr=2.4e-04
  W03 S2 [ 40.3%]  π=-0.0517  v=2.0432  H=14.189  lr=1.8e-04
  W03 S2 [ 60.5%]  π=-0.0420  v=2.5586  H=14.189  lr=1.2e-04
  W03 S2 [ 80.6%]  π=-0.0269  v=7.1069  H=14.189  lr=6.6e-05
  W03 S2  val_reward=+162.66  val_port=$403,646
  W03 S3 [ 20.2%]  π=-0.0135  v=77.3415  H=14.189  lr=2.4e-04
  W03 S3 [ 40.3%]  π=-0.0143  v=69.9622  H=14.189  lr=1.8e-04
  W03 S3 [ 60.5%]  π=-0.0175  v=14.1423  H=14.189  lr=1.2e-04
  W03 S3 [ 80.6%]  π=-0.0334  v=3.1404  H=14.189  lr=6.6e-05
  W03 S3  val_reward=+163.12  val_port=$409,151
  W03 S4 [ 20.2%]  π=-0.0397  v=6.5175  H=14.189  lr=2.4e-04
  W03 S4 [ 40.3%]  π=-0.0574  v=1.8095  H=14.189  lr=1.8e-04
  W03 S4 [ 60.5%]  π=-0.0455  v=2.0738  H=14.189  lr=1.2e-04
  W03 S4 [ 80.6%]  π=-0.0282  v=4.3885  H=14.189  lr=6.6e-05
  W03 S4  val_reward=+163.13  val_port=$404,022
  Saved checkpoints/window_03.pt  (val_reward=+163.1328)

================================================================
Window 04  train [2010-01-01 → 2015-01-01]  val [2015-01-01 → 2016-01-01]
================================================================
  W04 S0 [ 20.2%]  π=-0.0265  v=14.2291  H=14.189  lr=2.4e-04
  W04 S0 [ 40.3%]  π=-0.0604  v=1.3182  H=14.189  lr=1.8e-04
  W04 S0 [ 60.5%]  π=-0.0142  v=26.5647  H=14.189  lr=1.2e-04
  W04 S0 [ 80.6%]  π=-0.0289  v=2.7902  H=14.189  lr=6.6e-05
  W04 S0  val_reward=+151.78  val_port=$370,079
  W04 S1 [ 20.2%]  π=-0.0631  v=2.7456  H=14.189  lr=2.4e-04
  W04 S1 [ 40.3%]  π=-0.0537  v=1.8450  H=14.189  lr=1.8e-04
  W04 S1 [ 60.5%]  π=-0.0415  v=2.4483  H=14.189  lr=1.2e-04
  W04 S1 [ 80.6%]  π=-0.0385  v=1.5032  H=14.189  lr=6.6e-05
  W04 S1  val_reward=+150.90  val_port=$365,582
  W04 S2 [ 20.2%]  π=-0.0596  v=2.8088  H=14.189  lr=2.4e-04
  W04 S2 [ 40.3%]  π=-0.0112  v=66.2712  H=14.189  lr=1.8e-04
  W04 S2 [ 60.5%]  π=-0.0152  v=23.7097  H=14.189  lr=1.2e-04
  W04 S2 [ 80.6%]  π=-0.0363  v=2.0268  H=14.189  lr=6.6e-05
  W04 S2  val_reward=+391.84  val_port=$377,017
  W04 S3 [ 20.2%]  π=-0.0624  v=2.2026  H=14.189  lr=2.4e-04
  W04 S3 [ 40.3%]  π=-0.0609  v=1.1186  H=14.189  lr=1.8e-04
  W04 S3 [ 60.5%]  π=-0.0148  v=15.7407  H=14.189  lr=1.2e-04
  W04 S3 [ 80.6%]  π=-0.0222  v=6.3892  H=14.189  lr=6.6e-05
  W04 S3  val_reward=+151.80  val_port=$372,494
  W04 S4 [ 20.2%]  π=-0.0150  v=48.2976  H=14.189  lr=2.4e-04
  W04 S4 [ 40.3%]  π=-0.0601  v=1.1183  H=14.189  lr=1.8e-04
  W04 S4 [ 60.5%]  π=-0.0263  v=6.6556  H=14.189  lr=1.2e-04
  W04 S4 [ 80.6%]  π=-0.0274  v=5.0749  H=14.189  lr=6.6e-05
  W04 S4  val_reward=+286.25  val_port=$385,263
  Saved checkpoints/window_04.pt  (val_reward=+391.8370)

================================================================
Window 05  train [2011-01-01 → 2016-01-01]  val [2016-01-01 → 2017-01-01]
================================================================
  W05 S0 [ 20.2%]  π=-0.0607  v=3.5704  H=14.189  lr=2.4e-04
  W05 S0 [ 40.3%]  π=-0.0538  v=1.6290  H=14.189  lr=1.8e-04
  W05 S0 [ 60.5%]  π=-0.0108  v=45.4549  H=14.189  lr=1.2e-04
  W05 S0 [ 80.6%]  π=-0.0361  v=3.5552  H=14.189  lr=6.6e-05
  W05 S0  val_reward=+176.77  val_port=$471,479
  W05 S1 [ 20.2%]  π=-0.0654  v=2.1265  H=14.189  lr=2.4e-04
  W05 S1 [ 40.3%]  π=-0.0276  v=6.5992  H=14.189  lr=1.8e-04
  W05 S1 [ 60.5%]  π=-0.0189  v=11.5268  H=14.189  lr=1.2e-04
  W05 S1 [ 80.6%]  π=-0.0339  v=1.8951  H=14.189  lr=6.6e-05
  W05 S1  val_reward=+177.79  val_port=$467,091
  W05 S2 [ 20.2%]  π=-0.0516  v=3.8996  H=14.189  lr=2.4e-04
  W05 S2 [ 40.3%]  π=-0.0464  v=2.1695  H=14.189  lr=1.8e-04
  W05 S2 [ 60.5%]  π=-0.0485  v=1.4702  H=14.189  lr=1.2e-04
  W05 S2 [ 80.6%]  π=-0.0308  v=2.3331  H=14.189  lr=6.6e-05
  W05 S2  val_reward=+177.05  val_port=$467,045
  W05 S3 [ 20.2%]  π=-0.0585  v=2.5337  H=14.189  lr=2.4e-04
  W05 S3 [ 40.3%]  π=-0.0564  v=1.5966  H=14.189  lr=1.8e-04
  W05 S3 [ 60.5%]  π=-0.0071  v=294.6821  H=14.189  lr=1.2e-04
  W05 S3 [ 80.6%]  π=-0.0425  v=1.3538  H=14.189  lr=6.6e-05
  W05 S3  val_reward=+176.02  val_port=$488,957
  W05 S4 [ 20.2%]  π=-0.0410  v=5.3090  H=14.189  lr=2.4e-04
  W05 S4 [ 40.3%]  π=-0.0508  v=1.5319  H=14.189  lr=1.8e-04
  W05 S4 [ 60.5%]  π=-0.0440  v=1.8489  H=14.189  lr=1.2e-04
  W05 S4 [ 80.6%]  π=-0.0130  v=16.1209  H=14.189  lr=6.6e-05
  W05 S4  val_reward=+176.33  val_port=$455,045
  Saved checkpoints/window_05.pt  (val_reward=+177.7903)

================================================================
Window 06  train [2012-01-01 → 2017-01-01]  val [2017-01-01 → 2018-01-01]
================================================================
  W06 S0 [ 20.2%]  π=-0.0597  v=2.7170  H=14.189  lr=2.4e-04
  W06 S0 [ 40.3%]  π=-0.0266  v=8.9246  H=14.189  lr=1.8e-04
  W06 S0 [ 60.5%]  π=-0.0066  v=212.5493  H=14.189  lr=1.2e-04
  W06 S0 [ 80.6%]  π=-0.0469  v=1.4559  H=14.189  lr=6.6e-05
  W06 S0  val_reward=+193.95  val_port=$433,999
  W06 S1 [ 20.2%]  π=-0.0540  v=3.0209  H=14.189  lr=2.4e-04
  W06 S1 [ 40.3%]  π=-0.0569  v=1.5886  H=14.189  lr=1.8e-04
  W06 S1 [ 60.5%]  π=-0.0386  v=4.2525  H=14.189  lr=1.2e-04
  W06 S1 [ 80.6%]  π=-0.0317  v=3.3447  H=14.189  lr=6.6e-05
  W06 S1  val_reward=+194.03  val_port=$420,630
  W06 S2 [ 20.2%]  π=-0.0648  v=1.5549  H=14.189  lr=2.4e-04
  W06 S2 [ 40.3%]  π=-0.0604  v=0.9740  H=14.189  lr=1.8e-04
  W06 S2 [ 60.5%]  π=-0.0523  v=1.4996  H=14.189  lr=1.2e-04
  W06 S2 [ 80.6%]  π=-0.0496  v=0.8444  H=14.189  lr=6.6e-05
  W06 S2  val_reward=+194.89  val_port=$433,815
  W06 S3 [ 20.2%]  π=-0.0577  v=2.9894  H=14.189  lr=2.4e-04
  W06 S3 [ 40.3%]  π=-0.0553  v=1.6426  H=14.189  lr=1.8e-04
  W06 S3 [ 60.5%]  π=-0.0506  v=1.9118  H=14.189  lr=1.2e-04
  W06 S3 [ 80.6%]  π=-0.0457  v=1.0833  H=14.189  lr=6.6e-05
  W06 S3  val_reward=+192.15  val_port=$429,973
  W06 S4 [ 20.2%]  π=-0.0647  v=1.9217  H=14.189  lr=2.4e-04
  W06 S4 [ 40.3%]  π=-0.0601  v=1.2928  H=14.189  lr=1.8e-04
  W06 S4 [ 60.5%]  π=-0.0498  v=1.4277  H=14.189  lr=1.2e-04
  W06 S4 [ 80.6%]  π=-0.0121  v=23.1093  H=14.189  lr=6.6e-05
  W06 S4  val_reward=+196.16  val_port=$420,212
  Saved checkpoints/window_06.pt  (val_reward=+196.1602)

================================================================
Window 07  train [2013-01-01 → 2018-01-01]  val [2018-01-01 → 2019-01-01]
================================================================
  W07 S0 [ 20.2%]  π=-0.0628  v=2.5248  H=14.189  lr=2.4e-04
  W07 S0 [ 40.3%]  π=-0.0632  v=1.2083  H=14.189  lr=1.8e-04
  W07 S0 [ 60.5%]  π=-0.0589  v=1.3881  H=14.189  lr=1.2e-04
  W07 S0 [ 80.6%]  π=-0.0382  v=2.6886  H=14.189  lr=6.6e-05
  W07 S0  val_reward=+178.64  val_port=$428,589
  W07 S1 [ 20.2%]  π=-0.0253  v=15.8625  H=14.189  lr=2.4e-04
  W07 S1 [ 40.3%]  π=-0.0402  v=3.5300  H=14.189  lr=1.8e-04
  W07 S1 [ 60.5%]  π=-0.0543  v=1.4090  H=14.189  lr=1.2e-04
  W07 S1 [ 80.6%]  π=-0.0497  v=1.5393  H=14.189  lr=6.6e-05
  W07 S1  val_reward=+179.38  val_port=$427,999
  W07 S2 [ 20.2%]  π=-0.0472  v=3.7931  H=14.189  lr=2.4e-04
  W07 S2 [ 40.3%]  π=-0.0226  v=10.8851  H=14.189  lr=1.8e-04
  W07 S2 [ 60.5%]  π=-0.0300  v=6.0559  H=14.189  lr=1.2e-04
  W07 S2 [ 80.6%]  π=-0.0482  v=1.7708  H=14.189  lr=6.6e-05
  W07 S2  val_reward=+178.94  val_port=$426,930
  W07 S3 [ 20.2%]  π=-0.0597  v=2.6056  H=14.189  lr=2.4e-04
  W07 S3 [ 40.3%]  π=-0.0567  v=1.5556  H=14.189  lr=1.8e-04
  W07 S3 [ 60.5%]  π=-0.0417  v=3.6230  H=14.189  lr=1.2e-04
  W07 S3 [ 80.6%]  π=-0.0240  v=8.1444  H=14.189  lr=6.6e-05
  W07 S3  val_reward=+178.72  val_port=$425,709
  W07 S4 [ 20.2%]  π=-0.0500  v=3.7743  H=14.189  lr=2.4e-04
  W07 S4 [ 40.3%]  π=-0.0543  v=2.1287  H=14.189  lr=1.8e-04
  W07 S4 [ 60.5%]  π=-0.0469  v=2.6790  H=14.189  lr=1.2e-04
  W07 S4 [ 80.6%]  π=-0.0435  v=2.3480  H=14.189  lr=6.6e-05
  W07 S4  val_reward=+178.97  val_port=$428,934
  Saved checkpoints/window_07.pt  (val_reward=+179.3802)

================================================================
Window 08  train [2014-01-01 → 2019-01-01]  val [2019-01-01 → 2020-01-01]
================================================================
  W08 S0 [ 20.2%]  π=-0.0631  v=2.3691  H=14.189  lr=2.4e-04
  W08 S0 [ 40.3%]  π=-0.0191  v=22.1575  H=14.189  lr=1.8e-04
  W08 S0 [ 60.5%]  π=-0.0584  v=1.8934  H=14.189  lr=1.2e-04
  W08 S0 [ 80.6%]  π=-0.0390  v=2.2186  H=14.189  lr=6.6e-05
  W08 S0  val_reward=+180.18  val_port=$452,183
  W08 S1 [ 20.2%]  π=-0.0570  v=4.0403  H=14.189  lr=2.4e-04
  W08 S1 [ 40.3%]  π=-0.0461  v=4.2073  H=14.189  lr=1.8e-04
  W08 S1 [ 60.5%]  π=-0.0582  v=1.1093  H=14.189  lr=1.2e-04
  W08 S1 [ 80.6%]  π=-0.0464  v=2.1188  H=14.189  lr=6.6e-05
  W08 S1  val_reward=+192.75  val_port=$458,750
  W08 S2 [ 20.2%]  π=-0.0444  v=4.4559  H=14.189  lr=2.4e-04
  W08 S2 [ 40.3%]  π=-0.0492  v=3.8635  H=14.189  lr=1.8e-04
  W08 S2 [ 60.5%]  π=-0.0598  v=1.7852  H=14.189  lr=1.2e-04
  W08 S2 [ 80.6%]  π=-0.0530  v=1.3479  H=14.189  lr=6.6e-05
  W08 S2  val_reward=+196.29  val_port=$451,239
  W08 S3 [ 20.2%]  π=-0.0367  v=7.1370  H=14.189  lr=2.4e-04
  W08 S3 [ 40.3%]  π=-0.0578  v=1.8177  H=14.189  lr=1.8e-04
  W08 S3 [ 60.5%]  π=-0.0305  v=7.9671  H=14.189  lr=1.2e-04
  W08 S3 [ 80.6%]  π=-0.0389  v=2.9023  H=14.189  lr=6.6e-05
  W08 S3  val_reward=+194.87  val_port=$454,093
  W08 S4 [ 20.2%]  π=-0.0306  v=12.5099  H=14.189  lr=2.4e-04
  W08 S4 [ 40.3%]  π=-0.0578  v=1.9394  H=14.189  lr=1.8e-04
  W08 S4 [ 60.5%]  π=-0.0547  v=1.3587  H=14.189  lr=1.2e-04
  W08 S4 [ 80.6%]  π=-0.0292  v=7.0246  H=14.189  lr=6.6e-05
  W08 S4  val_reward=+195.38  val_port=$459,599
  Saved checkpoints/window_08.pt  (val_reward=+196.2912)

================================================================
Window 09  train [2015-01-01 → 2020-01-01]  val [2020-01-01 → 2021-01-01]
================================================================
  W09 S0 [ 20.2%]  π=-0.0257  v=18.4049  H=14.189  lr=2.4e-04
  W09 S0 [ 40.3%]  π=-0.0347  v=5.8694  H=14.189  lr=1.8e-04
  W09 S0 [ 60.5%]  π=-0.0530  v=2.8560  H=14.189  lr=1.2e-04
  W09 S0 [ 80.6%]  π=-0.0226  v=9.9673  H=14.189  lr=6.6e-05
  W09 S0  val_reward=+122.42  val_port=$452,805
  W09 S1 [ 20.2%]  π=-0.0585  v=3.1332  H=14.189  lr=2.4e-04
  W09 S1 [ 40.3%]  π=-0.0346  v=6.6861  H=14.189  lr=1.8e-04
  W09 S1 [ 60.5%]  π=-0.0508  v=3.5503  H=14.189  lr=1.2e-04
  W09 S1 [ 80.6%]  π=-0.0430  v=4.3487  H=14.189  lr=6.6e-05
  W09 S1  val_reward=+124.52  val_port=$463,303
  W09 S2 [ 20.2%]  π=-0.0424  v=8.4895  H=14.189  lr=2.4e-04
  W09 S2 [ 40.3%]  π=-0.0564  v=2.1589  H=14.189  lr=1.8e-04
  W09 S2 [ 60.5%]  π=-0.0570  v=2.1583  H=14.189  lr=1.2e-04
  W09 S2 [ 80.6%]  π=-0.0485  v=1.6792  H=14.189  lr=6.6e-05
  W09 S2  val_reward=+123.14  val_port=$455,264
  W09 S3 [ 20.2%]  π=-0.0403  v=9.2361  H=14.189  lr=2.4e-04
  W09 S3 [ 40.3%]  π=-0.0203  v=30.1667  H=14.189  lr=1.8e-04
  W09 S3 [ 60.5%]  π=-0.0520  v=4.0480  H=14.189  lr=1.2e-04
  W09 S3 [ 80.6%]  π=-0.0467  v=2.2411  H=14.189  lr=6.6e-05
  W09 S3  val_reward=+122.28  val_port=$454,985
  W09 S4 [ 20.2%]  π=-0.0575  v=3.6066  H=14.189  lr=2.4e-04
  W09 S4 [ 40.3%]  π=-0.0565  v=3.3415  H=14.189  lr=1.8e-04
  W09 S4 [ 60.5%]  π=-0.0335  v=7.7948  H=14.189  lr=1.2e-04
  W09 S4 [ 80.6%]  π=-0.0437  v=2.6858  H=14.189  lr=6.6e-05
  W09 S4  val_reward=+123.09  val_port=$451,589
  Saved checkpoints/window_09.pt  (val_reward=+124.5217)
